<?xml version="1.0" encoding="UTF-8"?>
<testsuites>
  <testsuite name="bucher" timestamp="2024-05-24T14:38:08Z" hostname="d3b773dd739a" tests="3" skipped="0" failures="0" errors="0" time="0.065">
    <testcase time="0.01" classname="bucher" name="bucher_works_as_expected"/>
    <testcase time="0.042" classname="bucher" name="find_SE_from_CI_works_as_expected"/>
    <testcase time="0.0130000000000001" classname="bucher" name="bucher_print_works_as_expected"/>
  </testsuite>
  <testsuite name="get_pseudo_ipd_binary" timestamp="2024-05-24T14:38:08Z" hostname="d3b773dd739a" tests="2" skipped="0" failures="0" errors="0" time="0.024">
    <testcase time="0.0189999999999999" classname="get_pseudo_ipd_binary" name="generate_pseudo_binary_IPD_given_unstacked_table_as_input"/>
    <testcase time="0.00500000000000012" classname="get_pseudo_ipd_binary" name="generate_pseudo_binary_IPD_given_stacked_table_as_input"/>
  </testsuite>
  <testsuite name="maic_anchored" timestamp="2024-05-24T14:38:08Z" hostname="d3b773dd739a" tests="10" skipped="0" failures="0" errors="0" time="1.232">
    <testcase time="0.951" classname="maic_anchored" name="maic_unanchored_works_for_TTE_using_robust_SE"/>
    <testcase time="0.00300000000000011" classname="maic_anchored" name="maic_unanchored_works_for_TTE_using_robust_SE"/>
    <testcase time="0.00199999999999978" classname="maic_anchored" name="maic_unanchored_works_for_TTE_using_robust_SE"/>
    <testcase time="0.00100000000000033" classname="maic_anchored" name="maic_unanchored_works_for_TTE_using_robust_SE"/>
    <testcase time="0.00099999999999989" classname="maic_anchored" name="maic_unanchored_works_for_TTE_using_robust_SE"/>
    <testcase time="0.00099999999999989" classname="maic_anchored" name="maic_unanchored_works_for_TTE_using_robust_SE"/>
    <testcase time="0.269" classname="maic_anchored" name="maic_unanchored_works_for_TTE_using_bootstrap_SE"/>
    <testcase time="0.00099999999999989" classname="maic_anchored" name="maic_unanchored_works_for_TTE_using_bootstrap_SE"/>
    <testcase time="0.00200000000000022" classname="maic_anchored" name="maic_unanchored_works_for_TTE_using_bootstrap_SE"/>
    <testcase time="0.00099999999999989" classname="maic_anchored" name="maic_unanchored_works_for_TTE_using_bootstrap_SE"/>
  </testsuite>
  <testsuite name="maic_unanchored" timestamp="2024-05-24T14:38:09Z" hostname="d3b773dd739a" tests="8" skipped="0" failures="0" errors="0" time="3.348">
    <testcase time="0.318" classname="maic_unanchored" name="test_binary_case"/>
    <testcase time="0.02" classname="maic_unanchored" name="test_binary_case"/>
    <testcase time="0.00199999999999978" classname="maic_unanchored" name="test_binary_case"/>
    <testcase time="0.0190000000000001" classname="maic_unanchored" name="test_binary_case"/>
    <testcase time="2.977" classname="maic_unanchored" name="test_time_to_event_case"/>
    <testcase time="0.00399999999999956" classname="maic_unanchored" name="test_time_to_event_case"/>
    <testcase time="0.00300000000000011" classname="maic_unanchored" name="test_time_to_event_case"/>
    <testcase time="0.00499999999999989" classname="maic_unanchored" name="test_time_to_event_case"/>
  </testsuite>
  <testsuite name="matching" timestamp="2024-05-24T14:38:13Z" hostname="d3b773dd739a" tests="24" skipped="0" failures="0" errors="0" time="0.071">
    <testcase time="0.00600000000000023" classname="matching" name="ess_footnote_text_works"/>
    <testcase time="0.00400000000000045" classname="matching" name="calculate_weights_legend_works"/>
    <testcase time="0.00499999999999989" classname="matching" name="optimise_weights_works_as_expected"/>
    <testcase time="0.000999999999999446" classname="matching" name="optimise_weights_works_as_expected"/>
    <testcase time="0.00200000000000067" classname="matching" name="optimise_weights_works_as_expected"/>
    <testcase time="0.00899999999999945" classname="matching" name="estimate_weights_works_as_expected"/>
    <testcase time="0.00100000000000033" classname="matching" name="estimate_weights_works_as_expected"/>
    <testcase time="0.000999999999999446" classname="matching" name="estimate_weights_works_as_expected"/>
    <testcase time="0.00100000000000033" classname="matching" name="estimate_weights_works_as_expected"/>
    <testcase time="0.00100000000000033" classname="matching" name="estimate_weights_works_as_expected"/>
    <testcase time="0.00300000000000011" classname="matching" name="estimate_weights_works_as_expected"/>
    <testcase time="0.0119999999999996" classname="matching" name="estimate_weights_works_as_expected_with_bootstrapping"/>
    <testcase time="0.00100000000000033" classname="matching" name="estimate_weights_works_as_expected_with_bootstrapping"/>
    <testcase time="0.00100000000000033" classname="matching" name="estimate_weights_works_as_expected_with_bootstrapping"/>
    <testcase time="0.000999999999999446" classname="matching" name="estimate_weights_works_as_expected_with_bootstrapping"/>
    <testcase time="0.00100000000000033" classname="matching" name="estimate_weights_works_as_expected_with_bootstrapping"/>
    <testcase time="0.00100000000000033" classname="matching" name="estimate_weights_works_as_expected_with_bootstrapping"/>
    <testcase time="0.00199999999999978" classname="matching" name="estimate_weights_works_as_expected_with_bootstrapping"/>
    <testcase time="0.0110000000000001" classname="matching" name="estimate_weights_works_when_the_input_is_a_tibble"/>
    <testcase time="0.000999999999999446" classname="matching" name="estimate_weights_works_when_the_input_is_a_tibble"/>
    <testcase time="0.00100000000000033" classname="matching" name="estimate_weights_works_when_the_input_is_a_tibble"/>
    <testcase time="0.00199999999999978" classname="matching" name="estimate_weights_works_when_the_input_is_a_tibble"/>
    <testcase time="0.00100000000000033" classname="matching" name="estimate_weights_works_when_the_input_is_a_tibble"/>
    <testcase time="0.00199999999999978" classname="matching" name="estimate_weights_works_when_the_input_is_a_tibble"/>
  </testsuite>
  <testsuite name="plot_km" timestamp="2024-05-24T14:38:13Z" hostname="d3b773dd739a" tests="3" skipped="0" failures="0" errors="0" time="0.074">
    <testcase time="0.0430000000000001" classname="plot_km" name="ph_diagplot_lch_works_without_error"/>
    <testcase time="0.0289999999999999" classname="plot_km" name="ph_diagplot_schoenfeld_works_without_error"/>
    <testcase time="0.00199999999999978" classname="plot_km" name="ph_diagplot_schoenfeld_works_without_error"/>
  </testsuite>
</testsuites>
