<?xml version="1.0" encoding="UTF-8"?>
<testsuites>
  <testsuite name="bucher" timestamp="2023-08-15T07:31:42Z" hostname="d8decdb41bda" tests="1" skipped="0" failures="0" errors="0" time="0.01">
    <testcase time="0.01" classname="bucher" name="bucher_works_as_expected"/>
  </testsuite>
</testsuites>
