<?xml version="1.0" encoding="UTF-8"?>
<testsuites>
  <testsuite name="bucher" timestamp="2024-09-13T11:15:30Z" hostname="71a28dff82f7" tests="9" skipped="0" failures="1" errors="0" time="0.107">
    <testcase time="0.0109999999999999" classname="bucher" name="bucher_works_as_expected"/>
    <testcase time="0.0410000000000001" classname="bucher" name="bucher_works_when_difference_in_trt_effects_is_positive"/>
    <testcase time="0.0189999999999999" classname="bucher" name="bucher_errors_on_bad_input"/>
    <testcase time="0.00600000000000001" classname="bucher" name="bucher_errors_on_bad_input"/>
    <testcase time="0.00500000000000012" classname="bucher" name="bucher_errors_on_bad_input"/>
    <testcase time="0.00600000000000001" classname="bucher" name="bucher_errors_on_bad_input"/>
    <testcase time="0.00499999999999989" classname="bucher" name="bucher_errors_on_bad_input"/>
    <testcase time="0.00499999999999989" classname="bucher" name="find_SE_from_CI_works_as_expected"/>
    <testcase time="0.00900000000000012" classname="bucher" name="bucher_print_works_as_expected">
      <failure type="failure" message="`result` not equal to `expected`. ('test-bucher.R:67:3')">`result` not equal to `expected`.
1/2 mismatches
x[1]: "-0.17[-0.61; 0.28]"
y[1]: "-0.17 [-0.61; 0.28]"</failure>
    </testcase>
  </testsuite>
  <testsuite name="get_pseudo_ipd_binary" timestamp="2024-09-13T11:15:30Z" hostname="71a28dff82f7" tests="2" skipped="0" failures="0" errors="0" time="0.051">
    <testcase time="0.0449999999999999" classname="get_pseudo_ipd_binary" name="generate_pseudo_binary_IPD_given_unstacked_table_as_input"/>
    <testcase time="0.00600000000000001" classname="get_pseudo_ipd_binary" name="generate_pseudo_binary_IPD_given_stacked_table_as_input"/>
  </testsuite>
  <testsuite name="maic_anchored" timestamp="2024-09-13T11:15:30Z" hostname="71a28dff82f7" tests="14" skipped="0" failures="12" errors="0" time="0.664">
    <testcase time="0.0800000000000001" classname="maic_anchored" name="maic_anchored_works_for_TTE_using_robust_SE"/>
    <testcase time="0.00299999999999989" classname="maic_anchored" name="maic_anchored_works_for_TTE_using_robust_SE"/>
    <testcase time="0.004" classname="maic_anchored" name="maic_anchored_works_for_TTE_using_robust_SE">
      <failure type="failure" message="result$inferential$report_median_surv$rmean not equal to c(...). ('test-maic_anchored.R:34:3')">result$inferential$report_median_surv$rmean not equal to c(...).
target is NULL, current is numeric</failure>
    </testcase>
    <testcase time="0.02" classname="maic_anchored" name="maic_anchored_works_for_TTE_using_robust_SE">
      <failure type="failure" message="result$inferential$report_median_surv$`se(rmean)` not equal to c(...). ('test-maic_anchored.R:41:3')">result$inferential$report_median_surv$`se(rmean)` not equal to c(...).
target is NULL, current is numeric</failure>
    </testcase>
    <testcase time="0.012" classname="maic_anchored" name="maic_anchored_works_for_TTE_using_robust_SE">
      <failure type="failure" message="result$inferential$report_overall_robustCI$`median[95% CI]` not equal to c(...). ('test-maic_anchored.R:48:3')">result$inferential$report_overall_robustCI$`median[95% CI]` not equal to c(...).
target is NULL, current is character</failure>
    </testcase>
    <testcase time="0.012" classname="maic_anchored" name="maic_anchored_works_for_TTE_using_robust_SE">
      <failure type="failure" message="result$inferential$report_overall_robustCI$`HR[95% CI]` not equal to c(...). ('test-maic_anchored.R:52:3')">result$inferential$report_overall_robustCI$`HR[95% CI]` not equal to c(...).
target is NULL, current is character</failure>
    </testcase>
    <testcase time="0.1" classname="maic_anchored" name="maic_anchored_works_for_TTE_using_bootstrap_SE">
      <failure type="failure" message="result$inferential$report_overall_bootCI$`median[95% CI]` not equal to c(...). ('test-maic_anchored.R:90:3')">result$inferential$report_overall_bootCI$`median[95% CI]` not equal to c(...).
target is NULL, current is character</failure>
    </testcase>
    <testcase time="0.0129999999999999" classname="maic_anchored" name="maic_anchored_works_for_TTE_using_bootstrap_SE">
      <failure type="failure" message="result$inferential$report_overall_bootCI$`HR[95% CI]` not equal to c(...). ('test-maic_anchored.R:94:3')">result$inferential$report_overall_bootCI$`HR[95% CI]` not equal to c(...).
target is NULL, current is character</failure>
    </testcase>
    <testcase time="0.012" classname="maic_anchored" name="maic_anchored_works_for_TTE_using_bootstrap_SE">
      <failure type="failure" message="result$inferential$boot_est$t not equal to `t_matrix_expected`. ('test-maic_anchored.R:110:3')">result$inferential$boot_est$t not equal to `t_matrix_expected`.
target is NULL, current is matrix</failure>
    </testcase>
    <testcase time="0.359" classname="maic_anchored" name="maic_anchored_for_binary_case_gives_the_expected_result">
      <failure type="failure" message="`... &lt;- NULL` did not produce any warnings. ('test-maic_anchored.R:129:3')">`... &lt;- NULL` did not produce any warnings.</failure>
    </testcase>
    <testcase time="0.0129999999999999" classname="maic_anchored" name="maic_anchored_for_binary_case_gives_the_expected_result">
      <failure type="failure" message="result$inferential$report_overall_robustCI$`OR[95% CI]` not equal to c(...). ('test-maic_anchored.R:146:3')">result$inferential$report_overall_robustCI$`OR[95% CI]` not equal to c(...).
target is NULL, current is character</failure>
    </testcase>
    <testcase time="0.012" classname="maic_anchored" name="maic_anchored_for_binary_case_gives_the_expected_result">
      <failure type="failure" message="result$inferential$report_overall_robustCI$`n.events(%)` not equal to c(...). ('test-maic_anchored.R:150:3')">result$inferential$report_overall_robustCI$`n.events(%)` not equal to c(...).
target is NULL, current is character</failure>
    </testcase>
    <testcase time="0.012" classname="maic_anchored" name="maic_anchored_for_binary_case_gives_the_expected_result">
      <failure type="failure" message="result$inferential$report_overall_robustCI$N not equal to c(&quot;500&quot;, &quot;500&quot;, &quot;500&quot;, &quot;500&quot;, &quot;480&quot;, &quot;320&quot;, &quot;--&quot;). ('test-maic_anchored.R:154:3')">result$inferential$report_overall_robustCI$N not equal to c("500", "500", "500", "500", "480", "320", "--").
target is NULL, current is character</failure>
    </testcase>
    <testcase time="0.012" classname="maic_anchored" name="maic_anchored_for_binary_case_gives_the_expected_result">
      <failure type="failure" message="result$inferential$report_overall_bootCI$`OR[95% CI]` not equal to c(...). ('test-maic_anchored.R:158:3')">result$inferential$report_overall_bootCI$`OR[95% CI]` not equal to c(...).
target is NULL, current is character</failure>
    </testcase>
  </testsuite>
  <testsuite name="maic_unanchored" timestamp="2024-09-13T11:15:31Z" hostname="71a28dff82f7" tests="16" skipped="0" failures="10" errors="0" time="3.114">
    <testcase time="0.184" classname="maic_unanchored" name="test_binary_case">
      <failure type="failure" message="testout$descriptive not equal to expectout$descriptive. ('test-maic_unanchored.R:73:3')">testout$descriptive not equal to expectout$descriptive.
names for target but not for current
Length mismatch: comparison on first 0 components</failure>
    </testcase>
    <testcase time="0.0329999999999999" classname="maic_unanchored" name="test_binary_case">
      <failure type="failure" message="testout$inferential not equal to expectout$inferential. ('test-maic_unanchored.R:74:3')">testout$inferential not equal to expectout$inferential.
Names: 1 string mismatch
Length mismatch: comparison on first 3 components
Component 3: Names: 5 string mismatches
Component 3: Attributes: &lt; names for current but not for target &gt;
Component 3: Attributes: &lt; Length mismatch: comparison on first 0 components &gt;
Component 3: Length mismatch: comparison on first 5 components
Component 3: Component 1: Modes: list, character
Component 3: Component 1: names for target but not for current
Component 3: Component 1: Attributes: &lt; Modes: list, NULL &gt;
...</failure>
    </testcase>
    <testcase time="0.0170000000000003" classname="maic_unanchored" name="test_binary_case"/>
    <testcase time="0.00999999999999979" classname="maic_unanchored" name="test_binary_case"/>
    <testcase time="0.004" classname="maic_unanchored" name="test_binary_case">
      <failure type="failure" message="testout2$descriptive not equal to expectout2$descriptive. ('test-maic_unanchored.R:79:3')">testout2$descriptive not equal to expectout2$descriptive.
names for target but not for current
Length mismatch: comparison on first 0 components</failure>
    </testcase>
    <testcase time="0.0100000000000002" classname="maic_unanchored" name="test_binary_case"/>
    <testcase time="0.00099999999999989" classname="maic_unanchored" name="test_binary_case"/>
    <testcase time="0.004" classname="maic_unanchored" name="test_binary_case">
      <failure type="failure" message="testout2$inferential$report_overall_bootCI not equal to expectout2$inferential$report_overall_bootCI. ('test-maic_unanchored.R:82:3')">testout2$inferential$report_overall_bootCI not equal to expectout2$inferential$report_overall_bootCI.
target is NULL, current is data.frame</failure>
    </testcase>
    <testcase time="2.78" classname="maic_unanchored" name="test_time_to_event_case">
      <failure type="failure" message="testout$descriptive not equal to expectout$descriptive. ('test-maic_unanchored.R:153:3')">testout$descriptive not equal to expectout$descriptive.
Length mismatch: comparison on first 2 components</failure>
    </testcase>
    <testcase time="0.0170000000000003" classname="maic_unanchored" name="test_time_to_event_case">
      <failure type="failure" message="testout$inferential not equal to expectout$inferential. ('test-maic_unanchored.R:154:3')">testout$inferential not equal to expectout$inferential.
Names: 4 string mismatches
Component 1: Names: 11 string mismatches
Component 1: Attributes: &lt; Length mismatch: comparison on first 1 components &gt;
Component 1: Attributes: &lt; Component "class": 1 string mismatch &gt;
Component 1: Length mismatch: comparison on first 11 components
Component 1: Component 1: Modes: numeric, character
Component 1: Component 1: Lengths: 1, 4
Component 1: Component 1: names for target but not for current
Component 1: Component 1: target is numeric, current is character
...</failure>
    </testcase>
    <testcase time="0.0129999999999999" classname="maic_unanchored" name="test_time_to_event_case">
      <failure type="failure" message="testout$inferential$model_before not equal to expectout$inferential$model_before. ('test-maic_unanchored.R:155:3')">testout$inferential$model_before not equal to expectout$inferential$model_before.
Modes: list, NULL
Lengths: 21, 0
names for target but not for current
Attributes: &lt; Modes: list, NULL &gt;
Attributes: &lt; Lengths: 1, 0 &gt;
Attributes: &lt; names for target but not for current &gt;
Attributes: &lt; current is not list-like &gt;
current is not list-like</failure>
    </testcase>
    <testcase time="0.0119999999999996" classname="maic_unanchored" name="test_time_to_event_case">
      <failure type="failure" message="testout$inferential$model_after not equal to expectout$inferential$model_after. ('test-maic_unanchored.R:156:3')">testout$inferential$model_after not equal to expectout$inferential$model_after.
Modes: list, NULL
Lengths: 24, 0
names for target but not for current
Attributes: &lt; Modes: list, NULL &gt;
Attributes: &lt; Lengths: 1, 0 &gt;
Attributes: &lt; names for target but not for current &gt;
Attributes: &lt; current is not list-like &gt;
current is not list-like</failure>
    </testcase>
    <testcase time="0.0140000000000002" classname="maic_unanchored" name="test_time_to_event_case">
      <failure type="failure" message="testout2$descriptive not equal to expectout2$descriptive. ('test-maic_unanchored.R:159:3')">testout2$descriptive not equal to expectout2$descriptive.
Length mismatch: comparison on first 2 components</failure>
    </testcase>
    <testcase time="0.00999999999999979" classname="maic_unanchored" name="test_time_to_event_case"/>
    <testcase time="0.00100000000000033" classname="maic_unanchored" name="test_time_to_event_case"/>
    <testcase time="0.00399999999999956" classname="maic_unanchored" name="test_time_to_event_case">
      <failure type="failure" message="testout2$inferential$report_overall_bootCI not equal to expectout2$inferential$report_overall_bootCI. ('test-maic_unanchored.R:162:3')">testout2$inferential$report_overall_bootCI not equal to expectout2$inferential$report_overall_bootCI.
target is NULL, current is data.frame</failure>
    </testcase>
  </testsuite>
  <testsuite name="matching" timestamp="2024-09-13T11:15:34Z" hostname="71a28dff82f7" tests="26" skipped="0" failures="0" errors="0" time="0.183">
    <testcase time="0.0150000000000006" classname="matching" name="ess_footnote_text_works"/>
    <testcase time="0.00399999999999956" classname="matching" name="calculate_weights_legend_works"/>
    <testcase time="0.00499999999999989" classname="matching" name="optimise_weights_works_as_expected"/>
    <testcase time="0.00200000000000067" classname="matching" name="optimise_weights_works_as_expected"/>
    <testcase time="0.000999999999999446" classname="matching" name="optimise_weights_works_as_expected"/>
    <testcase time="0.00900000000000034" classname="matching" name="estimate_weights_works_as_expected"/>
    <testcase time="0.00199999999999978" classname="matching" name="estimate_weights_works_as_expected"/>
    <testcase time="0.00100000000000033" classname="matching" name="estimate_weights_works_as_expected"/>
    <testcase time="0.000999999999999446" classname="matching" name="estimate_weights_works_as_expected"/>
    <testcase time="0.00100000000000033" classname="matching" name="estimate_weights_works_as_expected"/>
    <testcase time="0.00300000000000011" classname="matching" name="estimate_weights_works_as_expected"/>
    <testcase time="0.0140000000000002" classname="matching" name="estimate_weights_works_as_expected_with_bootstrapping"/>
    <testcase time="0.000999999999999446" classname="matching" name="estimate_weights_works_as_expected_with_bootstrapping"/>
    <testcase time="0.00200000000000067" classname="matching" name="estimate_weights_works_as_expected_with_bootstrapping"/>
    <testcase time="0.000999999999999446" classname="matching" name="estimate_weights_works_as_expected_with_bootstrapping"/>
    <testcase time="0.00100000000000033" classname="matching" name="estimate_weights_works_as_expected_with_bootstrapping"/>
    <testcase time="0.000999999999999446" classname="matching" name="estimate_weights_works_as_expected_with_bootstrapping"/>
    <testcase time="0.00200000000000067" classname="matching" name="estimate_weights_works_as_expected_with_bootstrapping"/>
    <testcase time="0.0979999999999999" classname="matching" name="estimate_weights_works_when_the_input_is_a_tibble"/>
    <testcase time="0.000999999999999446" classname="matching" name="estimate_weights_works_when_the_input_is_a_tibble"/>
    <testcase time="0.00100000000000033" classname="matching" name="estimate_weights_works_when_the_input_is_a_tibble"/>
    <testcase time="0.000999999999999446" classname="matching" name="estimate_weights_works_when_the_input_is_a_tibble"/>
    <testcase time="0.00100000000000033" classname="matching" name="estimate_weights_works_when_the_input_is_a_tibble"/>
    <testcase time="0.00300000000000011" classname="matching" name="estimate_weights_works_when_the_input_is_a_tibble"/>
    <testcase time="0.00699999999999967" classname="matching" name="estimate_weights_prints_errors_about_convergence"/>
    <testcase time="0.00499999999999989" classname="matching" name="estimate_weights_prints_errors_about_convergence"/>
  </testsuite>
  <testsuite name="plot_km" timestamp="2024-09-13T11:15:34Z" hostname="71a28dff82f7" tests="16" skipped="7" failures="0" errors="0" time="0.974">
    <testcase time="0.0670000000000002" classname="plot_km" name="kmplot_works_by_trial"/>
    <testcase time="0.0520000000000005" classname="plot_km" name="kmplot_works_by_trial">
      <skipped message="Reason: On CRAN ('test-plot_km.R:26:3')"/>
    </testcase>
    <testcase time="0.056" classname="plot_km" name="kmplot_works_all"/>
    <testcase time="0.048" classname="plot_km" name="kmplot_works_all">
      <skipped message="Reason: On CRAN ('test-plot_km.R:57:3')"/>
    </testcase>
    <testcase time="0.0650000000000004" classname="plot_km" name="kmplot_works_by_arm"/>
    <testcase time="0.0439999999999996" classname="plot_km" name="kmplot_works_by_arm">
      <skipped message="Reason: On CRAN ('test-plot_km.R:86:3')"/>
    </testcase>
    <testcase time="0.149" classname="plot_km" name="ph_diagplot_works_for_anchored_data"/>
    <testcase time="0.139" classname="plot_km" name="ph_diagplot_works_for_anchored_data">
      <skipped message="Reason: On CRAN ('test-plot_km.R:113:3')"/>
    </testcase>
    <testcase time="0.117" classname="plot_km" name="ph_diagplot_works_for_unanchored_data"/>
    <testcase time="0.14" classname="plot_km" name="ph_diagplot_works_for_unanchored_data">
      <skipped message="Reason: On CRAN ('test-plot_km.R:152:3')"/>
    </testcase>
    <testcase time="0.0410000000000004" classname="plot_km" name="ph_diagplot_lch_works_without_error"/>
    <testcase time="0.00199999999999978" classname="plot_km" name="ph_diagplot_lch_works_without_error"/>
    <testcase time="0.00600000000000023" classname="plot_km" name="ph_diagplot_lch_works_without_error">
      <skipped message="Reason: On CRAN ('test-plot_km.R:190:3')"/>
    </testcase>
    <testcase time="0.0300000000000002" classname="plot_km" name="ph_diagplot_schoenfeld_works_without_error"/>
    <testcase time="0.00199999999999978" classname="plot_km" name="ph_diagplot_schoenfeld_works_without_error"/>
    <testcase time="0.016" classname="plot_km" name="ph_diagplot_schoenfeld_works_without_error">
      <skipped message="Reason: On CRAN ('test-plot_km.R:218:3')"/>
    </testcase>
  </testsuite>
  <testsuite name="plot_km2" timestamp="2024-09-13T11:15:35Z" hostname="71a28dff82f7" tests="1" skipped="1" failures="0" errors="0" time="1.692">
    <testcase time="1.692" classname="plot_km2" name="kmplot2_works">
      <skipped message="Reason: On CRAN ('test-plot_km2.R:9:3')"/>
    </testcase>
  </testsuite>
  <testsuite name="time-helper" timestamp="2024-09-13T11:15:37Z" hostname="71a28dff82f7" tests="10" skipped="0" failures="0" errors="0" time="0.035">
    <testcase time="0.0150000000000006" classname="time_helper" name="setting_time_factors_works"/>
    <testcase time="0.00199999999999889" classname="time_helper" name="setting_time_factors_works"/>
    <testcase time="0.00100000000000122" classname="time_helper" name="setting_time_factors_works"/>
    <testcase time="0.00199999999999889" classname="time_helper" name="setting_time_factors_works"/>
    <testcase time="0.00100000000000122" classname="time_helper" name="setting_time_factors_works"/>
    <testcase time="0.00199999999999889" classname="time_helper" name="setting_time_factors_works"/>
    <testcase time="0.00100000000000122" classname="time_helper" name="setting_time_factors_works"/>
    <testcase time="0.000999999999999446" classname="time_helper" name="setting_time_factors_works"/>
    <testcase time="0.00499999999999901" classname="time_helper" name="setting_time_factors_works"/>
    <testcase time="0.00500000000000078" classname="time_helper" name="setting_time_factors_works"/>
  </testsuite>
  <testsuite name="utils" timestamp="2024-09-13T11:15:37Z" hostname="71a28dff82f7" tests="2" skipped="0" failures="0" errors="0" time="0.007">
    <testcase time="0.00600000000000023" classname="utils" name="set_random_seed_works"/>
    <testcase time="0.000999999999999446" classname="utils" name="set_random_seed_works"/>
  </testsuite>
</testsuites>
