<?xml version="1.0" encoding="UTF-8"?>
<testsuites>
  <testsuite name="bucher" timestamp="2024-09-25T14:14:53Z" hostname="0625e1b4fe96" tests="9" skipped="0" failures="0" errors="0" time="0.104">
    <testcase time="0.0110000000000001" classname="bucher" name="bucher_works_as_expected"/>
    <testcase time="0.042" classname="bucher" name="bucher_works_when_difference_in_trt_effects_is_positive"/>
    <testcase time="0.0189999999999999" classname="bucher" name="bucher_errors_on_bad_input"/>
    <testcase time="0.00600000000000001" classname="bucher" name="bucher_errors_on_bad_input"/>
    <testcase time="0.00499999999999989" classname="bucher" name="bucher_errors_on_bad_input"/>
    <testcase time="0.00600000000000001" classname="bucher" name="bucher_errors_on_bad_input"/>
    <testcase time="0.00600000000000001" classname="bucher" name="bucher_errors_on_bad_input"/>
    <testcase time="0.004" classname="bucher" name="find_SE_from_CI_works_as_expected"/>
    <testcase time="0.00500000000000012" classname="bucher" name="bucher_print_works_as_expected"/>
  </testsuite>
  <testsuite name="get_pseudo_ipd_binary" timestamp="2024-09-25T14:14:53Z" hostname="0625e1b4fe96" tests="2" skipped="0" failures="0" errors="0" time="0.024">
    <testcase time="0.0189999999999999" classname="get_pseudo_ipd_binary" name="generate_pseudo_binary_IPD_given_unstacked_table_as_input"/>
    <testcase time="0.00500000000000012" classname="get_pseudo_ipd_binary" name="generate_pseudo_binary_IPD_given_stacked_table_as_input"/>
  </testsuite>
  <testsuite name="maic_anchored" timestamp="2024-09-25T14:14:53Z" hostname="0625e1b4fe96" tests="14" skipped="0" failures="12" errors="0" time="0.694">
    <testcase time="0.0939999999999999" classname="maic_anchored" name="maic_anchored_works_for_TTE_using_robust_SE"/>
    <testcase time="0.00300000000000011" classname="maic_anchored" name="maic_anchored_works_for_TTE_using_robust_SE"/>
    <testcase time="0.004" classname="maic_anchored" name="maic_anchored_works_for_TTE_using_robust_SE">
      <failure type="failure" message="result$inferential$report_median_surv$rmean not equal to c(...). ('test-maic_anchored.R:34:3')">result$inferential$report_median_surv$rmean not equal to c(...).
target is NULL, current is numeric</failure>
    </testcase>
    <testcase time="0.0249999999999999" classname="maic_anchored" name="maic_anchored_works_for_TTE_using_robust_SE">
      <failure type="failure" message="result$inferential$report_median_surv$`se(rmean)` not equal to c(...). ('test-maic_anchored.R:41:3')">result$inferential$report_median_surv$`se(rmean)` not equal to c(...).
target is NULL, current is numeric</failure>
    </testcase>
    <testcase time="0.02" classname="maic_anchored" name="maic_anchored_works_for_TTE_using_robust_SE">
      <failure type="failure" message="result$inferential$report_overall_robustCI$`median[95% CI]` not equal to c(...). ('test-maic_anchored.R:48:3')">result$inferential$report_overall_robustCI$`median[95% CI]` not equal to c(...).
target is NULL, current is character</failure>
    </testcase>
    <testcase time="0.0130000000000001" classname="maic_anchored" name="maic_anchored_works_for_TTE_using_robust_SE">
      <failure type="failure" message="result$inferential$report_overall_robustCI$`HR[95% CI]` not equal to c(...). ('test-maic_anchored.R:52:3')">result$inferential$report_overall_robustCI$`HR[95% CI]` not equal to c(...).
target is NULL, current is character</failure>
    </testcase>
    <testcase time="0.0999999999999999" classname="maic_anchored" name="maic_anchored_works_for_TTE_using_bootstrap_SE">
      <failure type="failure" message="result$inferential$report_overall_bootCI$`median[95% CI]` not equal to c(...). ('test-maic_anchored.R:90:3')">result$inferential$report_overall_bootCI$`median[95% CI]` not equal to c(...).
target is NULL, current is character</failure>
    </testcase>
    <testcase time="0.0130000000000001" classname="maic_anchored" name="maic_anchored_works_for_TTE_using_bootstrap_SE">
      <failure type="failure" message="result$inferential$report_overall_bootCI$`HR[95% CI]` not equal to c(...). ('test-maic_anchored.R:94:3')">result$inferential$report_overall_bootCI$`HR[95% CI]` not equal to c(...).
target is NULL, current is character</failure>
    </testcase>
    <testcase time="0.012" classname="maic_anchored" name="maic_anchored_works_for_TTE_using_bootstrap_SE">
      <failure type="failure" message="result$inferential$boot_est$t not equal to `t_matrix_expected`. ('test-maic_anchored.R:110:3')">result$inferential$boot_est$t not equal to `t_matrix_expected`.
target is NULL, current is matrix</failure>
    </testcase>
    <testcase time="0.36" classname="maic_anchored" name="maic_anchored_for_binary_case_gives_the_expected_result">
      <failure type="failure" message="`... &lt;- NULL` did not produce any warnings. ('test-maic_anchored.R:129:3')">`... &lt;- NULL` did not produce any warnings.</failure>
    </testcase>
    <testcase time="0.0129999999999999" classname="maic_anchored" name="maic_anchored_for_binary_case_gives_the_expected_result">
      <failure type="failure" message="result$inferential$report_overall_robustCI$`OR[95% CI]` not equal to c(...). ('test-maic_anchored.R:146:3')">result$inferential$report_overall_robustCI$`OR[95% CI]` not equal to c(...).
target is NULL, current is character</failure>
    </testcase>
    <testcase time="0.012" classname="maic_anchored" name="maic_anchored_for_binary_case_gives_the_expected_result">
      <failure type="failure" message="result$inferential$report_overall_robustCI$`n.events(%)` not equal to c(...). ('test-maic_anchored.R:150:3')">result$inferential$report_overall_robustCI$`n.events(%)` not equal to c(...).
target is NULL, current is character</failure>
    </testcase>
    <testcase time="0.012" classname="maic_anchored" name="maic_anchored_for_binary_case_gives_the_expected_result">
      <failure type="failure" message="result$inferential$report_overall_robustCI$N not equal to c(&quot;500&quot;, &quot;500&quot;, &quot;500&quot;, &quot;500&quot;, &quot;480&quot;, &quot;320&quot;, &quot;--&quot;). ('test-maic_anchored.R:154:3')">result$inferential$report_overall_robustCI$N not equal to c("500", "500", "500", "500", "480", "320", "--").
target is NULL, current is character</failure>
    </testcase>
    <testcase time="0.0129999999999999" classname="maic_anchored" name="maic_anchored_for_binary_case_gives_the_expected_result">
      <failure type="failure" message="result$inferential$report_overall_bootCI$`OR[95% CI]` not equal to c(...). ('test-maic_anchored.R:158:3')">result$inferential$report_overall_bootCI$`OR[95% CI]` not equal to c(...).
target is NULL, current is character</failure>
    </testcase>
  </testsuite>
  <testsuite name="maic_unanchored" timestamp="2024-09-25T14:14:54Z" hostname="0625e1b4fe96" tests="14" skipped="0" failures="0" errors="0" time="3.002">
    <testcase time="0.186" classname="maic_unanchored" name="test_binary_case"/>
    <testcase time="0.00200000000000022" classname="maic_unanchored" name="test_binary_case"/>
    <testcase time="0.0189999999999997" classname="maic_unanchored" name="test_binary_case"/>
    <testcase time="0.00200000000000022" classname="maic_unanchored" name="test_binary_case"/>
    <testcase time="0.00099999999999989" classname="maic_unanchored" name="test_binary_case"/>
    <testcase time="0.00099999999999989" classname="maic_unanchored" name="test_binary_case"/>
    <testcase time="0.00100000000000033" classname="maic_unanchored" name="test_binary_case"/>
    <testcase time="2.781" classname="maic_unanchored" name="test_time_to_event_case"/>
    <testcase time="0.00100000000000033" classname="maic_unanchored" name="test_time_to_event_case"/>
    <testcase time="0.00199999999999978" classname="maic_unanchored" name="test_time_to_event_case"/>
    <testcase time="0.00300000000000011" classname="maic_unanchored" name="test_time_to_event_case"/>
    <testcase time="0.00100000000000033" classname="maic_unanchored" name="test_time_to_event_case"/>
    <testcase time="0.000999999999999446" classname="maic_unanchored" name="test_time_to_event_case"/>
    <testcase time="0.00100000000000033" classname="maic_unanchored" name="test_time_to_event_case"/>
  </testsuite>
  <testsuite name="matching" timestamp="2024-09-25T14:14:57Z" hostname="0625e1b4fe96" tests="26" skipped="0" failures="0" errors="0" time="0.177">
    <testcase time="0.00600000000000023" classname="matching" name="ess_footnote_text_works"/>
    <testcase time="0.00400000000000045" classname="matching" name="calculate_weights_legend_works"/>
    <testcase time="0.00499999999999989" classname="matching" name="optimise_weights_works_as_expected"/>
    <testcase time="0.00199999999999978" classname="matching" name="optimise_weights_works_as_expected"/>
    <testcase time="0.00100000000000033" classname="matching" name="optimise_weights_works_as_expected"/>
    <testcase time="0.00899999999999945" classname="matching" name="estimate_weights_works_as_expected"/>
    <testcase time="0.00100000000000033" classname="matching" name="estimate_weights_works_as_expected"/>
    <testcase time="0.00100000000000033" classname="matching" name="estimate_weights_works_as_expected"/>
    <testcase time="0.00199999999999978" classname="matching" name="estimate_weights_works_as_expected"/>
    <testcase time="0.000999999999999446" classname="matching" name="estimate_weights_works_as_expected"/>
    <testcase time="0.00300000000000011" classname="matching" name="estimate_weights_works_as_expected"/>
    <testcase time="0.0140000000000002" classname="matching" name="estimate_weights_works_as_expected_with_bootstrapping"/>
    <testcase time="0.00100000000000033" classname="matching" name="estimate_weights_works_as_expected_with_bootstrapping"/>
    <testcase time="0.000999999999999446" classname="matching" name="estimate_weights_works_as_expected_with_bootstrapping"/>
    <testcase time="0.00100000000000033" classname="matching" name="estimate_weights_works_as_expected_with_bootstrapping"/>
    <testcase time="0.00100000000000033" classname="matching" name="estimate_weights_works_as_expected_with_bootstrapping"/>
    <testcase time="0.00199999999999978" classname="matching" name="estimate_weights_works_as_expected_with_bootstrapping"/>
    <testcase time="0.000999999999999446" classname="matching" name="estimate_weights_works_as_expected_with_bootstrapping"/>
    <testcase time="0.100000000000001" classname="matching" name="estimate_weights_works_when_the_input_is_a_tibble"/>
    <testcase time="0.00199999999999978" classname="matching" name="estimate_weights_works_when_the_input_is_a_tibble"/>
    <testcase time="0.00100000000000033" classname="matching" name="estimate_weights_works_when_the_input_is_a_tibble"/>
    <testcase time="0.000999999999999446" classname="matching" name="estimate_weights_works_when_the_input_is_a_tibble"/>
    <testcase time="0.00100000000000033" classname="matching" name="estimate_weights_works_when_the_input_is_a_tibble"/>
    <testcase time="0.00300000000000011" classname="matching" name="estimate_weights_works_when_the_input_is_a_tibble"/>
    <testcase time="0.00699999999999967" classname="matching" name="estimate_weights_prints_errors_about_convergence"/>
    <testcase time="0.00600000000000023" classname="matching" name="estimate_weights_prints_errors_about_convergence"/>
  </testsuite>
  <testsuite name="plot_km" timestamp="2024-09-25T14:14:57Z" hostname="0625e1b4fe96" tests="16" skipped="7" failures="0" errors="0" time="0.977">
    <testcase time="0.0700000000000003" classname="plot_km" name="kmplot_works_by_trial"/>
    <testcase time="0.0459999999999994" classname="plot_km" name="kmplot_works_by_trial">
      <skipped message="Reason: On CRAN ('test-plot_km.R:26:3')"/>
    </testcase>
    <testcase time="0.0620000000000003" classname="plot_km" name="kmplot_works_all"/>
    <testcase time="0.048" classname="plot_km" name="kmplot_works_all">
      <skipped message="Reason: On CRAN ('test-plot_km.R:57:3')"/>
    </testcase>
    <testcase time="0.0649999999999995" classname="plot_km" name="kmplot_works_by_arm"/>
    <testcase time="0.0430000000000001" classname="plot_km" name="kmplot_works_by_arm">
      <skipped message="Reason: On CRAN ('test-plot_km.R:86:3')"/>
    </testcase>
    <testcase time="0.151000000000001" classname="plot_km" name="ph_diagplot_works_for_anchored_data"/>
    <testcase time="0.138999999999999" classname="plot_km" name="ph_diagplot_works_for_anchored_data">
      <skipped message="Reason: On CRAN ('test-plot_km.R:113:3')"/>
    </testcase>
    <testcase time="0.122" classname="plot_km" name="ph_diagplot_works_for_unanchored_data"/>
    <testcase time="0.124" classname="plot_km" name="ph_diagplot_works_for_unanchored_data">
      <skipped message="Reason: On CRAN ('test-plot_km.R:152:3')"/>
    </testcase>
    <testcase time="0.0420000000000007" classname="plot_km" name="ph_diagplot_lch_works_without_error"/>
    <testcase time="0.00199999999999978" classname="plot_km" name="ph_diagplot_lch_works_without_error"/>
    <testcase time="0.00699999999999967" classname="plot_km" name="ph_diagplot_lch_works_without_error">
      <skipped message="Reason: On CRAN ('test-plot_km.R:190:3')"/>
    </testcase>
    <testcase time="0.0369999999999999" classname="plot_km" name="ph_diagplot_schoenfeld_works_without_error"/>
    <testcase time="0.00100000000000033" classname="plot_km" name="ph_diagplot_schoenfeld_works_without_error"/>
    <testcase time="0.0179999999999998" classname="plot_km" name="ph_diagplot_schoenfeld_works_without_error">
      <skipped message="Reason: On CRAN ('test-plot_km.R:218:3')"/>
    </testcase>
  </testsuite>
  <testsuite name="plot_km2" timestamp="2024-09-25T14:14:58Z" hostname="0625e1b4fe96" tests="1" skipped="1" failures="0" errors="0" time="1.692">
    <testcase time="1.692" classname="plot_km2" name="kmplot2_works">
      <skipped message="Reason: On CRAN ('test-plot_km2.R:9:3')"/>
    </testcase>
  </testsuite>
  <testsuite name="time-helper" timestamp="2024-09-25T14:15:00Z" hostname="0625e1b4fe96" tests="10" skipped="0" failures="0" errors="0" time="0.033">
    <testcase time="0.0150000000000006" classname="time_helper" name="setting_time_factors_works"/>
    <testcase time="0.00199999999999889" classname="time_helper" name="setting_time_factors_works"/>
    <testcase time="0.00100000000000122" classname="time_helper" name="setting_time_factors_works"/>
    <testcase time="0.000999999999999446" classname="time_helper" name="setting_time_factors_works"/>
    <testcase time="0.00200000000000067" classname="time_helper" name="setting_time_factors_works"/>
    <testcase time="0.000999999999999446" classname="time_helper" name="setting_time_factors_works"/>
    <testcase time="0.000999999999999446" classname="time_helper" name="setting_time_factors_works"/>
    <testcase time="0.00100000000000122" classname="time_helper" name="setting_time_factors_works"/>
    <testcase time="0.00499999999999901" classname="time_helper" name="setting_time_factors_works"/>
    <testcase time="0.00399999999999956" classname="time_helper" name="setting_time_factors_works"/>
  </testsuite>
  <testsuite name="utils" timestamp="2024-09-25T14:15:00Z" hostname="0625e1b4fe96" tests="2" skipped="0" failures="0" errors="0" time="0.007">
    <testcase time="0.00600000000000023" classname="utils" name="set_random_seed_works"/>
    <testcase time="0.000999999999999446" classname="utils" name="set_random_seed_works"/>
  </testsuite>
</testsuites>
