<?xml version="1.0" encoding="UTF-8"?>
<testsuites>
  <testsuite name="bucher" timestamp="2024-09-20T17:39:58Z" hostname="ae1341b9b8a0" tests="9" skipped="0" failures="1" errors="0" time="0.107">
    <testcase time="0.0110000000000001" classname="bucher" name="bucher_works_as_expected"/>
    <testcase time="0.0409999999999999" classname="bucher" name="bucher_works_when_difference_in_trt_effects_is_positive"/>
    <testcase time="0.0190000000000001" classname="bucher" name="bucher_errors_on_bad_input"/>
    <testcase time="0.00600000000000001" classname="bucher" name="bucher_errors_on_bad_input"/>
    <testcase time="0.00600000000000001" classname="bucher" name="bucher_errors_on_bad_input"/>
    <testcase time="0.00499999999999989" classname="bucher" name="bucher_errors_on_bad_input"/>
    <testcase time="0.00600000000000001" classname="bucher" name="bucher_errors_on_bad_input"/>
    <testcase time="0.004" classname="bucher" name="find_SE_from_CI_works_as_expected"/>
    <testcase time="0.0089999999999999" classname="bucher" name="bucher_print_works_as_expected">
      <failure type="failure" message="`result` not equal to `expected`. ('test-bucher.R:67:3')">`result` not equal to `expected`.
1/2 mismatches
x[1]: "-0.17[-0.61; 0.28]"
y[1]: "-0.17 [-0.61; 0.28]"</failure>
    </testcase>
  </testsuite>
  <testsuite name="get_pseudo_ipd_binary" timestamp="2024-09-20T17:39:58Z" hostname="ae1341b9b8a0" tests="2" skipped="0" failures="0" errors="0" time="0.051">
    <testcase time="0.0450000000000002" classname="get_pseudo_ipd_binary" name="generate_pseudo_binary_IPD_given_unstacked_table_as_input"/>
    <testcase time="0.00600000000000001" classname="get_pseudo_ipd_binary" name="generate_pseudo_binary_IPD_given_stacked_table_as_input"/>
  </testsuite>
  <testsuite name="maic_anchored" timestamp="2024-09-20T17:39:58Z" hostname="ae1341b9b8a0" tests="14" skipped="0" failures="12" errors="0" time="0.677">
    <testcase time="0.0779999999999998" classname="maic_anchored" name="maic_anchored_works_for_TTE_using_robust_SE"/>
    <testcase time="0.00300000000000011" classname="maic_anchored" name="maic_anchored_works_for_TTE_using_robust_SE"/>
    <testcase time="0.004" classname="maic_anchored" name="maic_anchored_works_for_TTE_using_robust_SE">
      <failure type="failure" message="result$inferential$report_median_surv$rmean not equal to c(...). ('test-maic_anchored.R:34:3')">result$inferential$report_median_surv$rmean not equal to c(...).
target is NULL, current is numeric</failure>
    </testcase>
    <testcase time="0.0189999999999999" classname="maic_anchored" name="maic_anchored_works_for_TTE_using_robust_SE">
      <failure type="failure" message="result$inferential$report_median_surv$`se(rmean)` not equal to c(...). ('test-maic_anchored.R:41:3')">result$inferential$report_median_surv$`se(rmean)` not equal to c(...).
target is NULL, current is numeric</failure>
    </testcase>
    <testcase time="0.012" classname="maic_anchored" name="maic_anchored_works_for_TTE_using_robust_SE">
      <failure type="failure" message="result$inferential$report_overall_robustCI$`median[95% CI]` not equal to c(...). ('test-maic_anchored.R:48:3')">result$inferential$report_overall_robustCI$`median[95% CI]` not equal to c(...).
target is NULL, current is character</failure>
    </testcase>
    <testcase time="0.012" classname="maic_anchored" name="maic_anchored_works_for_TTE_using_robust_SE">
      <failure type="failure" message="result$inferential$report_overall_robustCI$`HR[95% CI]` not equal to c(...). ('test-maic_anchored.R:52:3')">result$inferential$report_overall_robustCI$`HR[95% CI]` not equal to c(...).
target is NULL, current is character</failure>
    </testcase>
    <testcase time="0.101" classname="maic_anchored" name="maic_anchored_works_for_TTE_using_bootstrap_SE">
      <failure type="failure" message="result$inferential$report_overall_bootCI$`median[95% CI]` not equal to c(...). ('test-maic_anchored.R:90:3')">result$inferential$report_overall_bootCI$`median[95% CI]` not equal to c(...).
target is NULL, current is character</failure>
    </testcase>
    <testcase time="0.0130000000000001" classname="maic_anchored" name="maic_anchored_works_for_TTE_using_bootstrap_SE">
      <failure type="failure" message="result$inferential$report_overall_bootCI$`HR[95% CI]` not equal to c(...). ('test-maic_anchored.R:94:3')">result$inferential$report_overall_bootCI$`HR[95% CI]` not equal to c(...).
target is NULL, current is character</failure>
    </testcase>
    <testcase time="0.012" classname="maic_anchored" name="maic_anchored_works_for_TTE_using_bootstrap_SE">
      <failure type="failure" message="result$inferential$boot_est$t not equal to `t_matrix_expected`. ('test-maic_anchored.R:110:3')">result$inferential$boot_est$t not equal to `t_matrix_expected`.
target is NULL, current is matrix</failure>
    </testcase>
    <testcase time="0.374" classname="maic_anchored" name="maic_anchored_for_binary_case_gives_the_expected_result">
      <failure type="failure" message="`... &lt;- NULL` did not produce any warnings. ('test-maic_anchored.R:129:3')">`... &lt;- NULL` did not produce any warnings.</failure>
    </testcase>
    <testcase time="0.012" classname="maic_anchored" name="maic_anchored_for_binary_case_gives_the_expected_result">
      <failure type="failure" message="result$inferential$report_overall_robustCI$`OR[95% CI]` not equal to c(...). ('test-maic_anchored.R:146:3')">result$inferential$report_overall_robustCI$`OR[95% CI]` not equal to c(...).
target is NULL, current is character</failure>
    </testcase>
    <testcase time="0.0129999999999999" classname="maic_anchored" name="maic_anchored_for_binary_case_gives_the_expected_result">
      <failure type="failure" message="result$inferential$report_overall_robustCI$`n.events(%)` not equal to c(...). ('test-maic_anchored.R:150:3')">result$inferential$report_overall_robustCI$`n.events(%)` not equal to c(...).
target is NULL, current is character</failure>
    </testcase>
    <testcase time="0.012" classname="maic_anchored" name="maic_anchored_for_binary_case_gives_the_expected_result">
      <failure type="failure" message="result$inferential$report_overall_robustCI$N not equal to c(&quot;500&quot;, &quot;500&quot;, &quot;500&quot;, &quot;500&quot;, &quot;480&quot;, &quot;320&quot;, &quot;--&quot;). ('test-maic_anchored.R:154:3')">result$inferential$report_overall_robustCI$N not equal to c("500", "500", "500", "500", "480", "320", "--").
target is NULL, current is character</failure>
    </testcase>
    <testcase time="0.012" classname="maic_anchored" name="maic_anchored_for_binary_case_gives_the_expected_result">
      <failure type="failure" message="result$inferential$report_overall_bootCI$`OR[95% CI]` not equal to c(...). ('test-maic_anchored.R:158:3')">result$inferential$report_overall_bootCI$`OR[95% CI]` not equal to c(...).
target is NULL, current is character</failure>
    </testcase>
  </testsuite>
  <testsuite name="maic_unanchored" timestamp="2024-09-20T17:39:59Z" hostname="ae1341b9b8a0" tests="16" skipped="0" failures="14" errors="0" time="3.334">
    <testcase time="0.183" classname="maic_unanchored" name="test_binary_case">
      <failure type="failure" message="testout$descriptive not equal to expectout$descriptive. ('test-maic_unanchored.R:73:3')">testout$descriptive not equal to expectout$descriptive.
names for target but not for current
Length mismatch: comparison on first 0 components</failure>
    </testcase>
    <testcase time="0.0169999999999999" classname="maic_unanchored" name="test_binary_case">
      <failure type="failure" message="testout$inferential not equal to expectout$inferential. ('test-maic_unanchored.R:74:3')">testout$inferential not equal to expectout$inferential.
Names: 2 string mismatches
Length mismatch: comparison on first 2 components
Component 1: Names: 6 string mismatches
Component 1: Attributes: &lt; names for current but not for target &gt;
Component 1: Attributes: &lt; Length mismatch: comparison on first 0 components &gt;
Component 1: Length mismatch: comparison on first 6 components
Component 1: Component 1: Modes: list, numeric
Component 1: Component 1: Names: 2 string mismatches
Component 1: Component 1: Attributes: &lt; names for target but not for current &gt;
...</failure>
    </testcase>
    <testcase time="0.0129999999999999" classname="maic_unanchored" name="test_binary_case">
      <failure type="failure" message="testout$inferential$model_before not equal to expectout$inferential$model_before. ('test-maic_unanchored.R:75:3')">testout$inferential$model_before not equal to expectout$inferential$model_before.
target is NULL, current is glm</failure>
    </testcase>
    <testcase time="0.012" classname="maic_unanchored" name="test_binary_case">
      <failure type="failure" message="testout$inferential$model_after not equal to expectout$inferential$model_after. ('test-maic_unanchored.R:76:3')">testout$inferential$model_after not equal to expectout$inferential$model_after.
target is NULL, current is glm</failure>
    </testcase>
    <testcase time="0.012" classname="maic_unanchored" name="test_binary_case">
      <failure type="failure" message="testout2$descriptive not equal to expectout2$descriptive. ('test-maic_unanchored.R:79:3')">testout2$descriptive not equal to expectout2$descriptive.
names for target but not for current
Length mismatch: comparison on first 0 components</failure>
    </testcase>
    <testcase time="0.0129999999999999" classname="maic_unanchored" name="test_binary_case">
      <failure type="failure" message="testout2$inferential$boot_est[&quot;t&quot;] not equal to expectout2$inferential$boot_est[&quot;t&quot;]. ('test-maic_unanchored.R:80:3')">testout2$inferential$boot_est["t"] not equal to expectout2$inferential$boot_est["t"].
target is NULL, current is list</failure>
    </testcase>
    <testcase time="0.012" classname="maic_unanchored" name="test_binary_case">
      <failure type="failure" message="testout2$inferential$boot_est[&quot;seed&quot;] not equal to expectout2$inferential$boot_est[&quot;seed&quot;]. ('test-maic_unanchored.R:81:3')">testout2$inferential$boot_est["seed"] not equal to expectout2$inferential$boot_est["seed"].
target is NULL, current is list</failure>
    </testcase>
    <testcase time="0.012" classname="maic_unanchored" name="test_binary_case">
      <failure type="failure" message="testout2$inferential$report_overall_bootCI not equal to expectout2$inferential$report_overall_bootCI. ('test-maic_unanchored.R:82:3')">testout2$inferential$report_overall_bootCI not equal to expectout2$inferential$report_overall_bootCI.
target is NULL, current is data.frame</failure>
    </testcase>
    <testcase time="2.992" classname="maic_unanchored" name="test_time_to_event_case">
      <failure type="failure" message="testout$descriptive not equal to expectout$descriptive. ('test-maic_unanchored.R:153:3')">testout$descriptive not equal to expectout$descriptive.
Length mismatch: comparison on first 2 components</failure>
    </testcase>
    <testcase time="0.0149999999999997" classname="maic_unanchored" name="test_time_to_event_case">
      <failure type="failure" message="testout$inferential not equal to expectout$inferential. ('test-maic_unanchored.R:154:3')">testout$inferential not equal to expectout$inferential.
Names: 2 string mismatches
Length mismatch: comparison on first 2 components
Component 1: Names: 8 string mismatches
Component 1: Attributes: &lt; names for current but not for target &gt;
Component 1: Attributes: &lt; Length mismatch: comparison on first 0 components &gt;
Component 1: Length mismatch: comparison on first 8 components
Component 1: Component 1: Modes: list, character
Component 1: Component 1: names for target but not for current
Component 1: Component 1: Attributes: &lt; Modes: list, NULL &gt;
...</failure>
    </testcase>
    <testcase time="0.00900000000000034" classname="maic_unanchored" name="test_time_to_event_case"/>
    <testcase time="0.00199999999999978" classname="maic_unanchored" name="test_time_to_event_case"/>
    <testcase time="0.00499999999999989" classname="maic_unanchored" name="test_time_to_event_case">
      <failure type="failure" message="testout2$descriptive not equal to expectout2$descriptive. ('test-maic_unanchored.R:159:3')">testout2$descriptive not equal to expectout2$descriptive.
Length mismatch: comparison on first 2 components</failure>
    </testcase>
    <testcase time="0.0120000000000005" classname="maic_unanchored" name="test_time_to_event_case">
      <failure type="failure" message="testout2$inferential$boot_est[&quot;t&quot;] not equal to expectout2$inferential$boot_est[&quot;t&quot;]. ('test-maic_unanchored.R:160:3')">testout2$inferential$boot_est["t"] not equal to expectout2$inferential$boot_est["t"].
target is NULL, current is list</failure>
    </testcase>
    <testcase time="0.0119999999999996" classname="maic_unanchored" name="test_time_to_event_case">
      <failure type="failure" message="testout2$inferential$boot_est[&quot;seed&quot;] not equal to expectout2$inferential$boot_est[&quot;seed&quot;]. ('test-maic_unanchored.R:161:3')">testout2$inferential$boot_est["seed"] not equal to expectout2$inferential$boot_est["seed"].
target is NULL, current is list</failure>
    </testcase>
    <testcase time="0.0129999999999999" classname="maic_unanchored" name="test_time_to_event_case">
      <failure type="failure" message="testout2$inferential$report_overall_bootCI not equal to expectout2$inferential$report_overall_bootCI. ('test-maic_unanchored.R:162:3')">testout2$inferential$report_overall_bootCI not equal to expectout2$inferential$report_overall_bootCI.
target is NULL, current is data.frame</failure>
    </testcase>
  </testsuite>
  <testsuite name="matching" timestamp="2024-09-20T17:40:02Z" hostname="ae1341b9b8a0" tests="26" skipped="0" failures="0" errors="0" time="0.183">
    <testcase time="0.0140000000000002" classname="matching" name="ess_footnote_text_works"/>
    <testcase time="0.00499999999999989" classname="matching" name="calculate_weights_legend_works"/>
    <testcase time="0.00499999999999989" classname="matching" name="optimise_weights_works_as_expected"/>
    <testcase time="0.00100000000000033" classname="matching" name="optimise_weights_works_as_expected"/>
    <testcase time="0.00199999999999978" classname="matching" name="optimise_weights_works_as_expected"/>
    <testcase time="0.00900000000000034" classname="matching" name="estimate_weights_works_as_expected"/>
    <testcase time="0.00199999999999978" classname="matching" name="estimate_weights_works_as_expected"/>
    <testcase time="0.000999999999999446" classname="matching" name="estimate_weights_works_as_expected"/>
    <testcase time="0.00100000000000033" classname="matching" name="estimate_weights_works_as_expected"/>
    <testcase time="0.00100000000000033" classname="matching" name="estimate_weights_works_as_expected"/>
    <testcase time="0.00300000000000011" classname="matching" name="estimate_weights_works_as_expected"/>
    <testcase time="0.0189999999999992" classname="matching" name="estimate_weights_works_as_expected_with_bootstrapping"/>
    <testcase time="0.00100000000000033" classname="matching" name="estimate_weights_works_as_expected_with_bootstrapping"/>
    <testcase time="0.00199999999999978" classname="matching" name="estimate_weights_works_as_expected_with_bootstrapping"/>
    <testcase time="0.00100000000000033" classname="matching" name="estimate_weights_works_as_expected_with_bootstrapping"/>
    <testcase time="0.00100000000000033" classname="matching" name="estimate_weights_works_as_expected_with_bootstrapping"/>
    <testcase time="0.000999999999999446" classname="matching" name="estimate_weights_works_as_expected_with_bootstrapping"/>
    <testcase time="0.00100000000000033" classname="matching" name="estimate_weights_works_as_expected_with_bootstrapping"/>
    <testcase time="0.0920000000000005" classname="matching" name="estimate_weights_works_when_the_input_is_a_tibble"/>
    <testcase time="0.00199999999999978" classname="matching" name="estimate_weights_works_when_the_input_is_a_tibble"/>
    <testcase time="0.00100000000000033" classname="matching" name="estimate_weights_works_when_the_input_is_a_tibble"/>
    <testcase time="0.000999999999999446" classname="matching" name="estimate_weights_works_when_the_input_is_a_tibble"/>
    <testcase time="0.00200000000000067" classname="matching" name="estimate_weights_works_when_the_input_is_a_tibble"/>
    <testcase time="0.00199999999999978" classname="matching" name="estimate_weights_works_when_the_input_is_a_tibble"/>
    <testcase time="0.00800000000000001" classname="matching" name="estimate_weights_prints_errors_about_convergence"/>
    <testcase time="0.00499999999999989" classname="matching" name="estimate_weights_prints_errors_about_convergence"/>
  </testsuite>
  <testsuite name="plot_km" timestamp="2024-09-20T17:40:02Z" hostname="ae1341b9b8a0" tests="16" skipped="7" failures="0" errors="0" time="0.969">
    <testcase time="0.0700000000000003" classname="plot_km" name="kmplot_works_by_trial"/>
    <testcase time="0.0529999999999999" classname="plot_km" name="kmplot_works_by_trial">
      <skipped message="Reason: On CRAN ('test-plot_km.R:26:3')"/>
    </testcase>
    <testcase time="0.0549999999999997" classname="plot_km" name="kmplot_works_all"/>
    <testcase time="0.0469999999999997" classname="plot_km" name="kmplot_works_all">
      <skipped message="Reason: On CRAN ('test-plot_km.R:57:3')"/>
    </testcase>
    <testcase time="0.0660000000000007" classname="plot_km" name="kmplot_works_by_arm"/>
    <testcase time="0.0429999999999993" classname="plot_km" name="kmplot_works_by_arm">
      <skipped message="Reason: On CRAN ('test-plot_km.R:86:3')"/>
    </testcase>
    <testcase time="0.15" classname="plot_km" name="ph_diagplot_works_for_anchored_data"/>
    <testcase time="0.139" classname="plot_km" name="ph_diagplot_works_for_anchored_data">
      <skipped message="Reason: On CRAN ('test-plot_km.R:113:3')"/>
    </testcase>
    <testcase time="0.119" classname="plot_km" name="ph_diagplot_works_for_unanchored_data"/>
    <testcase time="0.123" classname="plot_km" name="ph_diagplot_works_for_unanchored_data">
      <skipped message="Reason: On CRAN ('test-plot_km.R:152:3')"/>
    </testcase>
    <testcase time="0.0409999999999995" classname="plot_km" name="ph_diagplot_lch_works_without_error"/>
    <testcase time="0.00200000000000067" classname="plot_km" name="ph_diagplot_lch_works_without_error"/>
    <testcase time="0.00699999999999967" classname="plot_km" name="ph_diagplot_lch_works_without_error">
      <skipped message="Reason: On CRAN ('test-plot_km.R:190:3')"/>
    </testcase>
    <testcase time="0.0309999999999997" classname="plot_km" name="ph_diagplot_schoenfeld_works_without_error"/>
    <testcase time="0.00200000000000067" classname="plot_km" name="ph_diagplot_schoenfeld_works_without_error"/>
    <testcase time="0.0209999999999999" classname="plot_km" name="ph_diagplot_schoenfeld_works_without_error">
      <skipped message="Reason: On CRAN ('test-plot_km.R:218:3')"/>
    </testcase>
  </testsuite>
  <testsuite name="plot_km2" timestamp="2024-09-20T17:40:03Z" hostname="ae1341b9b8a0" tests="1" skipped="1" failures="0" errors="0" time="1.719">
    <testcase time="1.719" classname="plot_km2" name="kmplot2_works">
      <skipped message="Reason: On CRAN ('test-plot_km2.R:9:3')"/>
    </testcase>
  </testsuite>
  <testsuite name="time-helper" timestamp="2024-09-20T17:40:05Z" hostname="ae1341b9b8a0" tests="10" skipped="0" failures="0" errors="0" time="0.034">
    <testcase time="0.016" classname="time_helper" name="setting_time_factors_works"/>
    <testcase time="0.000999999999999446" classname="time_helper" name="setting_time_factors_works"/>
    <testcase time="0.000999999999999446" classname="time_helper" name="setting_time_factors_works"/>
    <testcase time="0.00200000000000067" classname="time_helper" name="setting_time_factors_works"/>
    <testcase time="0.000999999999999446" classname="time_helper" name="setting_time_factors_works"/>
    <testcase time="0.00100000000000122" classname="time_helper" name="setting_time_factors_works"/>
    <testcase time="0.00199999999999889" classname="time_helper" name="setting_time_factors_works"/>
    <testcase time="0.000999999999999446" classname="time_helper" name="setting_time_factors_works"/>
    <testcase time="0.00400000000000134" classname="time_helper" name="setting_time_factors_works"/>
    <testcase time="0.00499999999999901" classname="time_helper" name="setting_time_factors_works"/>
  </testsuite>
  <testsuite name="utils" timestamp="2024-09-20T17:40:05Z" hostname="ae1341b9b8a0" tests="2" skipped="0" failures="0" errors="0" time="0.007">
    <testcase time="0.00600000000000023" classname="utils" name="set_random_seed_works"/>
    <testcase time="0.000999999999999446" classname="utils" name="set_random_seed_works"/>
  </testsuite>
</testsuites>
