<?xml version="1.0" encoding="UTF-8"?>
<testsuites>
  <testsuite name="bucher" timestamp="2024-09-20T17:53:51Z" hostname="7aaad234a406" tests="9" skipped="0" failures="1" errors="0" time="0.104">
    <testcase time="0.01" classname="bucher" name="bucher_works_as_expected"/>
    <testcase time="0.0409999999999999" classname="bucher" name="bucher_works_when_difference_in_trt_effects_is_positive"/>
    <testcase time="0.0190000000000001" classname="bucher" name="bucher_errors_on_bad_input"/>
    <testcase time="0.00499999999999989" classname="bucher" name="bucher_errors_on_bad_input"/>
    <testcase time="0.00500000000000012" classname="bucher" name="bucher_errors_on_bad_input"/>
    <testcase time="0.00600000000000001" classname="bucher" name="bucher_errors_on_bad_input"/>
    <testcase time="0.00499999999999989" classname="bucher" name="bucher_errors_on_bad_input"/>
    <testcase time="0.004" classname="bucher" name="find_SE_from_CI_works_as_expected"/>
    <testcase time="0.00900000000000012" classname="bucher" name="bucher_print_works_as_expected">
      <failure type="failure" message="`result` not equal to `expected`. ('test-bucher.R:67:3')">`result` not equal to `expected`.
1/2 mismatches
x[1]: "-0.17[-0.61; 0.28]"
y[1]: "-0.17 [-0.61; 0.28]"</failure>
    </testcase>
  </testsuite>
  <testsuite name="get_pseudo_ipd_binary" timestamp="2024-09-20T17:53:51Z" hostname="7aaad234a406" tests="2" skipped="0" failures="0" errors="0" time="0.049">
    <testcase time="0.044" classname="get_pseudo_ipd_binary" name="generate_pseudo_binary_IPD_given_unstacked_table_as_input"/>
    <testcase time="0.00499999999999989" classname="get_pseudo_ipd_binary" name="generate_pseudo_binary_IPD_given_stacked_table_as_input"/>
  </testsuite>
  <testsuite name="maic_anchored" timestamp="2024-09-20T17:53:51Z" hostname="7aaad234a406" tests="14" skipped="0" failures="12" errors="0" time="0.633">
    <testcase time="0.075" classname="maic_anchored" name="maic_anchored_works_for_TTE_using_robust_SE"/>
    <testcase time="0.002" classname="maic_anchored" name="maic_anchored_works_for_TTE_using_robust_SE"/>
    <testcase time="0.004" classname="maic_anchored" name="maic_anchored_works_for_TTE_using_robust_SE">
      <failure type="failure" message="result$inferential$report_median_surv$rmean not equal to c(...). ('test-maic_anchored.R:34:3')">result$inferential$report_median_surv$rmean not equal to c(...).
target is NULL, current is numeric</failure>
    </testcase>
    <testcase time="0.018" classname="maic_anchored" name="maic_anchored_works_for_TTE_using_robust_SE">
      <failure type="failure" message="result$inferential$report_median_surv$`se(rmean)` not equal to c(...). ('test-maic_anchored.R:41:3')">result$inferential$report_median_surv$`se(rmean)` not equal to c(...).
target is NULL, current is numeric</failure>
    </testcase>
    <testcase time="0.012" classname="maic_anchored" name="maic_anchored_works_for_TTE_using_robust_SE">
      <failure type="failure" message="result$inferential$report_overall_robustCI$`median[95% CI]` not equal to c(...). ('test-maic_anchored.R:48:3')">result$inferential$report_overall_robustCI$`median[95% CI]` not equal to c(...).
target is NULL, current is character</failure>
    </testcase>
    <testcase time="0.012" classname="maic_anchored" name="maic_anchored_works_for_TTE_using_robust_SE">
      <failure type="failure" message="result$inferential$report_overall_robustCI$`HR[95% CI]` not equal to c(...). ('test-maic_anchored.R:52:3')">result$inferential$report_overall_robustCI$`HR[95% CI]` not equal to c(...).
target is NULL, current is character</failure>
    </testcase>
    <testcase time="0.097" classname="maic_anchored" name="maic_anchored_works_for_TTE_using_bootstrap_SE">
      <failure type="failure" message="result$inferential$report_overall_bootCI$`median[95% CI]` not equal to c(...). ('test-maic_anchored.R:90:3')">result$inferential$report_overall_bootCI$`median[95% CI]` not equal to c(...).
target is NULL, current is character</failure>
    </testcase>
    <testcase time="0.012" classname="maic_anchored" name="maic_anchored_works_for_TTE_using_bootstrap_SE">
      <failure type="failure" message="result$inferential$report_overall_bootCI$`HR[95% CI]` not equal to c(...). ('test-maic_anchored.R:94:3')">result$inferential$report_overall_bootCI$`HR[95% CI]` not equal to c(...).
target is NULL, current is character</failure>
    </testcase>
    <testcase time="0.012" classname="maic_anchored" name="maic_anchored_works_for_TTE_using_bootstrap_SE">
      <failure type="failure" message="result$inferential$boot_est$t not equal to `t_matrix_expected`. ('test-maic_anchored.R:110:3')">result$inferential$boot_est$t not equal to `t_matrix_expected`.
target is NULL, current is matrix</failure>
    </testcase>
    <testcase time="0.34" classname="maic_anchored" name="maic_anchored_for_binary_case_gives_the_expected_result">
      <failure type="failure" message="`... &lt;- NULL` did not produce any warnings. ('test-maic_anchored.R:129:3')">`... &lt;- NULL` did not produce any warnings.</failure>
    </testcase>
    <testcase time="0.0129999999999999" classname="maic_anchored" name="maic_anchored_for_binary_case_gives_the_expected_result">
      <failure type="failure" message="result$inferential$report_overall_robustCI$`OR[95% CI]` not equal to c(...). ('test-maic_anchored.R:146:3')">result$inferential$report_overall_robustCI$`OR[95% CI]` not equal to c(...).
target is NULL, current is character</failure>
    </testcase>
    <testcase time="0.012" classname="maic_anchored" name="maic_anchored_for_binary_case_gives_the_expected_result">
      <failure type="failure" message="result$inferential$report_overall_robustCI$`n.events(%)` not equal to c(...). ('test-maic_anchored.R:150:3')">result$inferential$report_overall_robustCI$`n.events(%)` not equal to c(...).
target is NULL, current is character</failure>
    </testcase>
    <testcase time="0.012" classname="maic_anchored" name="maic_anchored_for_binary_case_gives_the_expected_result">
      <failure type="failure" message="result$inferential$report_overall_robustCI$N not equal to c(&quot;500&quot;, &quot;500&quot;, &quot;500&quot;, &quot;500&quot;, &quot;480&quot;, &quot;320&quot;, &quot;--&quot;). ('test-maic_anchored.R:154:3')">result$inferential$report_overall_robustCI$N not equal to c("500", "500", "500", "500", "480", "320", "--").
target is NULL, current is character</failure>
    </testcase>
    <testcase time="0.012" classname="maic_anchored" name="maic_anchored_for_binary_case_gives_the_expected_result">
      <failure type="failure" message="result$inferential$report_overall_bootCI$`OR[95% CI]` not equal to c(...). ('test-maic_anchored.R:158:3')">result$inferential$report_overall_bootCI$`OR[95% CI]` not equal to c(...).
target is NULL, current is character</failure>
    </testcase>
  </testsuite>
  <testsuite name="maic_unanchored" timestamp="2024-09-20T17:53:52Z" hostname="7aaad234a406" tests="14" skipped="0" failures="1" errors="0" time="2.838">
    <testcase time="0.181" classname="maic_unanchored" name="test_binary_case"/>
    <testcase time="0.00200000000000022" classname="maic_unanchored" name="test_binary_case"/>
    <testcase time="0.0189999999999997" classname="maic_unanchored" name="test_binary_case"/>
    <testcase time="0.00100000000000033" classname="maic_unanchored" name="test_binary_case"/>
    <testcase time="0.00099999999999989" classname="maic_unanchored" name="test_binary_case"/>
    <testcase time="0.00099999999999989" classname="maic_unanchored" name="test_binary_case"/>
    <testcase time="0.00200000000000022" classname="maic_unanchored" name="test_binary_case"/>
    <testcase time="2.606" classname="maic_unanchored" name="test_time_to_event_case"/>
    <testcase time="0.000999999999999446" classname="maic_unanchored" name="test_time_to_event_case"/>
    <testcase time="0.00900000000000034" classname="maic_unanchored" name="test_time_to_event_case">
      <failure type="failure" message="testout$inferential$fit not equal to expectout$inferential$fit. ('test-maic_unanchored.R:154:3')">testout$inferential$fit not equal to expectout$inferential$fit.
Component "km_before": Names: 1 string mismatch
Component "km_before": Length mismatch: comparison on first 17 components
Component "km_before": Component 17: Modes: numeric, call
Component "km_before": Component 17: Lengths: 1, 4
Component "km_before": Component 17: names for current but not for target
Component "km_before": Component 17: target is numeric, current is call
Component "km_after": Names: 7 string mismatches
Component "km_after": Length mismatch: comparison on first 17 components
Component "km_after": Component 11: Modes: numeric, character
...</failure>
    </testcase>
    <testcase time="0.0110000000000001" classname="maic_unanchored" name="test_time_to_event_case"/>
    <testcase time="0.000999999999999446" classname="maic_unanchored" name="test_time_to_event_case"/>
    <testcase time="0.00199999999999978" classname="maic_unanchored" name="test_time_to_event_case"/>
    <testcase time="0.00100000000000033" classname="maic_unanchored" name="test_time_to_event_case"/>
  </testsuite>
  <testsuite name="matching" timestamp="2024-09-20T17:53:55Z" hostname="7aaad234a406" tests="26" skipped="0" failures="0" errors="0" time="0.173">
    <testcase time="0.00600000000000023" classname="matching" name="ess_footnote_text_works"/>
    <testcase time="0.00399999999999956" classname="matching" name="calculate_weights_legend_works"/>
    <testcase time="0.00499999999999989" classname="matching" name="optimise_weights_works_as_expected"/>
    <testcase time="0.00100000000000033" classname="matching" name="optimise_weights_works_as_expected"/>
    <testcase time="0.00199999999999978" classname="matching" name="optimise_weights_works_as_expected"/>
    <testcase time="0.00900000000000034" classname="matching" name="estimate_weights_works_as_expected"/>
    <testcase time="0.00100000000000033" classname="matching" name="estimate_weights_works_as_expected"/>
    <testcase time="0.000999999999999446" classname="matching" name="estimate_weights_works_as_expected"/>
    <testcase time="0.00100000000000033" classname="matching" name="estimate_weights_works_as_expected"/>
    <testcase time="0.00199999999999978" classname="matching" name="estimate_weights_works_as_expected"/>
    <testcase time="0.00199999999999978" classname="matching" name="estimate_weights_works_as_expected"/>
    <testcase time="0.0140000000000002" classname="matching" name="estimate_weights_works_as_expected_with_bootstrapping"/>
    <testcase time="0.00199999999999978" classname="matching" name="estimate_weights_works_as_expected_with_bootstrapping"/>
    <testcase time="0.00100000000000033" classname="matching" name="estimate_weights_works_as_expected_with_bootstrapping"/>
    <testcase time="0.00100000000000033" classname="matching" name="estimate_weights_works_as_expected_with_bootstrapping"/>
    <testcase time="0.000999999999999446" classname="matching" name="estimate_weights_works_as_expected_with_bootstrapping"/>
    <testcase time="0.00600000000000023" classname="matching" name="estimate_weights_works_as_expected_with_bootstrapping"/>
    <testcase time="0.00100000000000033" classname="matching" name="estimate_weights_works_as_expected_with_bootstrapping"/>
    <testcase time="0.093" classname="matching" name="estimate_weights_works_when_the_input_is_a_tibble"/>
    <testcase time="0.000999999999999446" classname="matching" name="estimate_weights_works_when_the_input_is_a_tibble"/>
    <testcase time="0.00100000000000033" classname="matching" name="estimate_weights_works_when_the_input_is_a_tibble"/>
    <testcase time="0.00199999999999978" classname="matching" name="estimate_weights_works_when_the_input_is_a_tibble"/>
    <testcase time="0.00100000000000033" classname="matching" name="estimate_weights_works_when_the_input_is_a_tibble"/>
    <testcase time="0.00199999999999978" classname="matching" name="estimate_weights_works_when_the_input_is_a_tibble"/>
    <testcase time="0.00800000000000001" classname="matching" name="estimate_weights_prints_errors_about_convergence"/>
    <testcase time="0.00499999999999989" classname="matching" name="estimate_weights_prints_errors_about_convergence"/>
  </testsuite>
  <testsuite name="plot_km" timestamp="2024-09-20T17:53:55Z" hostname="7aaad234a406" tests="16" skipped="7" failures="0" errors="0" time="0.929">
    <testcase time="0.0670000000000002" classname="plot_km" name="kmplot_works_by_trial"/>
    <testcase time="0.0489999999999995" classname="plot_km" name="kmplot_works_by_trial">
      <skipped message="Reason: On CRAN ('test-plot_km.R:26:3')"/>
    </testcase>
    <testcase time="0.0540000000000003" classname="plot_km" name="kmplot_works_all"/>
    <testcase time="0.0460000000000003" classname="plot_km" name="kmplot_works_all">
      <skipped message="Reason: On CRAN ('test-plot_km.R:57:3')"/>
    </testcase>
    <testcase time="0.0620000000000003" classname="plot_km" name="kmplot_works_by_arm"/>
    <testcase time="0.0410000000000004" classname="plot_km" name="kmplot_works_by_arm">
      <skipped message="Reason: On CRAN ('test-plot_km.R:86:3')"/>
    </testcase>
    <testcase time="0.141999999999999" classname="plot_km" name="ph_diagplot_works_for_anchored_data"/>
    <testcase time="0.131" classname="plot_km" name="ph_diagplot_works_for_anchored_data">
      <skipped message="Reason: On CRAN ('test-plot_km.R:113:3')"/>
    </testcase>
    <testcase time="0.118" classname="plot_km" name="ph_diagplot_works_for_unanchored_data"/>
    <testcase time="0.12" classname="plot_km" name="ph_diagplot_works_for_unanchored_data">
      <skipped message="Reason: On CRAN ('test-plot_km.R:152:3')"/>
    </testcase>
    <testcase time="0.0409999999999995" classname="plot_km" name="ph_diagplot_lch_works_without_error"/>
    <testcase time="0.00100000000000033" classname="plot_km" name="ph_diagplot_lch_works_without_error"/>
    <testcase time="0.00699999999999967" classname="plot_km" name="ph_diagplot_lch_works_without_error">
      <skipped message="Reason: On CRAN ('test-plot_km.R:190:3')"/>
    </testcase>
    <testcase time="0.0339999999999998" classname="plot_km" name="ph_diagplot_schoenfeld_works_without_error"/>
    <testcase time="0.00100000000000033" classname="plot_km" name="ph_diagplot_schoenfeld_works_without_error"/>
    <testcase time="0.0149999999999997" classname="plot_km" name="ph_diagplot_schoenfeld_works_without_error">
      <skipped message="Reason: On CRAN ('test-plot_km.R:218:3')"/>
    </testcase>
  </testsuite>
  <testsuite name="plot_km2" timestamp="2024-09-20T17:53:56Z" hostname="7aaad234a406" tests="1" skipped="1" failures="0" errors="0" time="1.665">
    <testcase time="1.665" classname="plot_km2" name="kmplot2_works">
      <skipped message="Reason: On CRAN ('test-plot_km2.R:9:3')"/>
    </testcase>
  </testsuite>
  <testsuite name="time-helper" timestamp="2024-09-20T17:53:57Z" hostname="7aaad234a406" tests="10" skipped="0" failures="0" errors="0" time="0.038">
    <testcase time="0.0140000000000002" classname="time_helper" name="setting_time_factors_works"/>
    <testcase time="0.00199999999999978" classname="time_helper" name="setting_time_factors_works"/>
    <testcase time="0.00100000000000033" classname="time_helper" name="setting_time_factors_works"/>
    <testcase time="0.00100000000000033" classname="time_helper" name="setting_time_factors_works"/>
    <testcase time="0.00199999999999978" classname="time_helper" name="setting_time_factors_works"/>
    <testcase time="0.00100000000000033" classname="time_helper" name="setting_time_factors_works"/>
    <testcase time="0.000999999999999446" classname="time_helper" name="setting_time_factors_works"/>
    <testcase time="0.00100000000000033" classname="time_helper" name="setting_time_factors_works"/>
    <testcase time="0.00499999999999989" classname="time_helper" name="setting_time_factors_works"/>
    <testcase time="0.00999999999999979" classname="time_helper" name="setting_time_factors_works"/>
  </testsuite>
  <testsuite name="utils" timestamp="2024-09-20T17:53:57Z" hostname="7aaad234a406" tests="2" skipped="0" failures="0" errors="0" time="0.006">
    <testcase time="0.00499999999999989" classname="utils" name="set_random_seed_works"/>
    <testcase time="0.00100000000000033" classname="utils" name="set_random_seed_works"/>
  </testsuite>
</testsuites>
