<?xml version="1.0" encoding="UTF-8"?>
<testsuites>
  <testsuite name="bucher" timestamp="2025-09-01T16:16:02Z" hostname="58bbae1cb431" tests="9" skipped="0" failures="0" errors="0" time="0.141">
    <testcase time="0.014" classname="bucher" name="bucher_works_as_expected"/>
    <testcase time="0.0409999999999999" classname="bucher" name="bucher_works_when_difference_in_trt_effects_is_positive"/>
    <testcase time="0.0169999999999999" classname="bucher" name="bucher_errors_on_bad_input"/>
    <testcase time="0.004" classname="bucher" name="bucher_errors_on_bad_input"/>
    <testcase time="0.00500000000000012" classname="bucher" name="bucher_errors_on_bad_input"/>
    <testcase time="0.004" classname="bucher" name="bucher_errors_on_bad_input"/>
    <testcase time="0.004" classname="bucher" name="bucher_errors_on_bad_input"/>
    <testcase time="0.00600000000000001" classname="bucher" name="find_SE_from_CI_works_as_expected"/>
    <testcase time="0.046" classname="bucher" name="bucher_print_works_as_expected"/>
  </testsuite>
  <testsuite name="get_pseudo_ipd_binary" timestamp="2025-09-01T16:16:02Z" hostname="58bbae1cb431" tests="2" skipped="0" failures="0" errors="0" time="0.023">
    <testcase time="0.0169999999999999" classname="get_pseudo_ipd_binary" name="generate_pseudo_binary_IPD_given_unstacked_table_as_input"/>
    <testcase time="0.00600000000000001" classname="get_pseudo_ipd_binary" name="generate_pseudo_binary_IPD_given_stacked_table_as_input"/>
  </testsuite>
  <testsuite name="maic_anchored" timestamp="2025-09-01T16:16:02Z" hostname="58bbae1cb431" tests="18" skipped="0" failures="0" errors="0" time="1">
    <testcase time="0.324" classname="maic_anchored" name="maic_anchored_works_for_TTE"/>
    <testcase time="0.048" classname="maic_anchored" name="maic_anchored_works_for_TTE"/>
    <testcase time="0.0339999999999998" classname="maic_anchored" name="maic_anchored_works_for_TTE"/>
    <testcase time="0.0330000000000001" classname="maic_anchored" name="maic_anchored_works_for_TTE"/>
    <testcase time="0.0329999999999999" classname="maic_anchored" name="maic_anchored_works_for_TTE"/>
    <testcase time="0.0370000000000001" classname="maic_anchored" name="maic_anchored_works_for_TTE"/>
    <testcase time="0.219" classname="maic_anchored" name="maic_anchored_for_binary_case_gives_the_expected_result"/>
    <testcase time="0.0240000000000002" classname="maic_anchored" name="maic_anchored_for_binary_case_gives_the_expected_result"/>
    <testcase time="0.024" classname="maic_anchored" name="maic_anchored_for_binary_case_gives_the_expected_result"/>
    <testcase time="0.0239999999999996" classname="maic_anchored" name="maic_anchored_for_binary_case_gives_the_expected_result"/>
    <testcase time="0.0230000000000001" classname="maic_anchored" name="maic_anchored_for_binary_case_gives_the_expected_result"/>
    <testcase time="0.0249999999999999" classname="maic_anchored" name="maic_anchored_for_binary_case_gives_the_expected_result"/>
    <testcase time="0.0230000000000001" classname="maic_anchored" name="maic_anchored_for_binary_case_gives_the_expected_result"/>
    <testcase time="0.0270000000000001" classname="maic_anchored" name="maic_anchored_for_binary_case_gives_the_expected_result"/>
    <testcase time="0.024" classname="maic_anchored" name="maic_anchored_for_binary_case_gives_the_expected_result"/>
    <testcase time="0.0259999999999998" classname="maic_anchored" name="maic_anchored_for_binary_case_gives_the_expected_result"/>
    <testcase time="0.0249999999999999" classname="maic_anchored" name="maic_anchored_for_binary_case_gives_the_expected_result"/>
    <testcase time="0.0270000000000001" classname="maic_anchored" name="maic_anchored_for_binary_case_gives_the_expected_result"/>
  </testsuite>
  <testsuite name="maic_forest_plot" timestamp="2025-09-01T16:16:03Z" hostname="58bbae1cb431" tests="3" skipped="0" failures="0" errors="0" time="0.653">
    <testcase time="0.357" classname="maic_forest_plot" name="maic_forest_plot_works_for_TTE"/>
    <testcase time="0.287" classname="maic_forest_plot" name="maic_forest_plot_works_for_TTE"/>
    <testcase time="0.0089999999999999" classname="maic_forest_plot" name="maic_forest_plot_works_for_TTE"/>
  </testsuite>
  <testsuite name="maic_unanchored" timestamp="2025-09-01T16:16:04Z" hostname="58bbae1cb431" tests="19" skipped="0" failures="0" errors="0" time="3.258">
    <testcase time="0.184" classname="maic_unanchored" name="test_binary_case"/>
    <testcase time="0.024" classname="maic_unanchored" name="test_binary_case"/>
    <testcase time="0.024" classname="maic_unanchored" name="test_binary_case"/>
    <testcase time="0.0229999999999997" classname="maic_unanchored" name="test_binary_case"/>
    <testcase time="0.024" classname="maic_unanchored" name="test_binary_case"/>
    <testcase time="0.0249999999999999" classname="maic_unanchored" name="test_binary_case"/>
    <testcase time="0.028" classname="maic_unanchored" name="test_binary_case"/>
    <testcase time="0.024" classname="maic_unanchored" name="test_binary_case"/>
    <testcase time="0.024" classname="maic_unanchored" name="test_binary_case"/>
    <testcase time="0.0260000000000002" classname="maic_unanchored" name="test_binary_case"/>
    <testcase time="0.0259999999999998" classname="maic_unanchored" name="test_binary_case"/>
    <testcase time="0.0260000000000002" classname="maic_unanchored" name="test_binary_case"/>
    <testcase time="0.0329999999999999" classname="maic_unanchored" name="check_if_match_properly"/>
    <testcase time="2.635" classname="maic_unanchored" name="test_time_to_event_case"/>
    <testcase time="0.0230000000000006" classname="maic_unanchored" name="test_time_to_event_case"/>
    <testcase time="0.0249999999999995" classname="maic_unanchored" name="test_time_to_event_case"/>
    <testcase time="0.0259999999999998" classname="maic_unanchored" name="test_time_to_event_case"/>
    <testcase time="0.0260000000000007" classname="maic_unanchored" name="test_time_to_event_case"/>
    <testcase time="0.032" classname="maic_unanchored" name="test_time_to_event_case"/>
  </testsuite>
  <testsuite name="matching" timestamp="2025-09-01T16:16:07Z" hostname="58bbae1cb431" tests="45" skipped="0" failures="0" errors="0" time="0.638">
    <testcase time="0.00999999999999979" classname="matching" name="ess_footnote_text_works"/>
    <testcase time="0.00699999999999967" classname="matching" name="calculate_weights_legend_works"/>
    <testcase time="0.00600000000000023" classname="matching" name="optimise_weights_works_as_expected"/>
    <testcase time="0.00399999999999956" classname="matching" name="optimise_weights_works_as_expected"/>
    <testcase time="0.00300000000000011" classname="matching" name="optimise_weights_works_as_expected"/>
    <testcase time="0.0129999999999999" classname="matching" name="estimate_weights_fails_as_expected_with_invalid_input"/>
    <testcase time="0.00400000000000045" classname="matching" name="estimate_weights_fails_as_expected_with_invalid_input"/>
    <testcase time="0.00499999999999989" classname="matching" name="estimate_weights_fails_as_expected_with_invalid_input"/>
    <testcase time="0.00999999999999979" classname="matching" name="estimate_weights_works_as_expected"/>
    <testcase time="0.00100000000000033" classname="matching" name="estimate_weights_works_as_expected"/>
    <testcase time="0.00399999999999956" classname="matching" name="estimate_weights_works_as_expected"/>
    <testcase time="0.00200000000000067" classname="matching" name="estimate_weights_works_as_expected"/>
    <testcase time="0.00399999999999956" classname="matching" name="estimate_weights_works_as_expected"/>
    <testcase time="0.00199999999999978" classname="matching" name="estimate_weights_works_as_expected"/>
    <testcase time="0.016" classname="matching" name="estimate_weights_works_as_expected_with_bootstrapping"/>
    <testcase time="0.00100000000000033" classname="matching" name="estimate_weights_works_as_expected_with_bootstrapping"/>
    <testcase time="0.00300000000000011" classname="matching" name="estimate_weights_works_as_expected_with_bootstrapping"/>
    <testcase time="0.00300000000000011" classname="matching" name="estimate_weights_works_as_expected_with_bootstrapping"/>
    <testcase time="0.00300000000000011" classname="matching" name="estimate_weights_works_as_expected_with_bootstrapping"/>
    <testcase time="0.00399999999999956" classname="matching" name="estimate_weights_works_as_expected_with_bootstrapping"/>
    <testcase time="0.00300000000000011" classname="matching" name="estimate_weights_works_as_expected_with_bootstrapping"/>
    <testcase time="0.016" classname="matching" name="estimate_weights_works_as_expected_with_alternative_bootstrap_strata"/>
    <testcase time="0.00100000000000033" classname="matching" name="estimate_weights_works_as_expected_with_alternative_bootstrap_strata"/>
    <testcase time="0.00299999999999923" classname="matching" name="estimate_weights_works_as_expected_with_alternative_bootstrap_strata"/>
    <testcase time="0.00500000000000078" classname="matching" name="estimate_weights_works_as_expected_with_alternative_bootstrap_strata"/>
    <testcase time="0.0129999999999999" classname="matching" name="estimate_weights_works_when_the_input_is_a_tibble"/>
    <testcase time="0.000999999999999446" classname="matching" name="estimate_weights_works_when_the_input_is_a_tibble"/>
    <testcase time="0.00300000000000011" classname="matching" name="estimate_weights_works_when_the_input_is_a_tibble"/>
    <testcase time="0.00300000000000011" classname="matching" name="estimate_weights_works_when_the_input_is_a_tibble"/>
    <testcase time="0.00300000000000011" classname="matching" name="estimate_weights_works_when_the_input_is_a_tibble"/>
    <testcase time="0.00300000000000011" classname="matching" name="estimate_weights_works_when_the_input_is_a_tibble"/>
    <testcase time="0.0119999999999996" classname="matching" name="estimate_weights_prints_errors_about_convergence"/>
    <testcase time="0.00499999999999989" classname="matching" name="estimate_weights_prints_errors_about_convergence"/>
    <testcase time="0.0210000000000008" classname="matching" name="plot_weights_base_works_as_expected"/>
    <testcase time="0.0109999999999992" classname="matching" name="plot_weights_base_works_as_expected"/>
    <testcase time="0.186" classname="matching" name="plot_weights_ggplot_works_as_expected"/>
    <testcase time="0.0200000000000005" classname="matching" name="default_plot_works_as_expected"/>
    <testcase time="0.167" classname="matching" name="default_plot_works_as_expected"/>
    <testcase time="0.0150000000000006" classname="matching" name="check_weights_works_as_expected"/>
    <testcase time="0.000999999999999446" classname="matching" name="check_weights_works_as_expected"/>
    <testcase time="0.00199999999999978" classname="matching" name="check_weights_works_as_expected"/>
    <testcase time="0.00300000000000011" classname="matching" name="check_weights_works_as_expected"/>
    <testcase time="0.00200000000000067" classname="matching" name="check_weights_works_as_expected"/>
    <testcase time="0.00299999999999923" classname="matching" name="check_weights_works_as_expected"/>
    <testcase time="0.0310000000000006" classname="matching" name="weighted_median_is_correct"/>
  </testsuite>
  <testsuite name="plot_km" timestamp="2025-09-01T16:16:08Z" hostname="58bbae1cb431" tests="18" skipped="0" failures="0" errors="0" time="1.161">
    <testcase time="0.0419999999999998" classname="plot_km" name="kmplot_works_by_trial"/>
    <testcase time="0.0510000000000002" classname="plot_km" name="kmplot_works_by_trial"/>
    <testcase time="0.0459999999999994" classname="plot_km" name="kmplot_works_all"/>
    <testcase time="0.056" classname="plot_km" name="kmplot_works_all"/>
    <testcase time="0.0580000000000007" classname="plot_km" name="kmplot_normalize_weights_works"/>
    <testcase time="0.0579999999999998" classname="plot_km" name="kmplot_normalize_weights_works"/>
    <testcase time="0.0499999999999998" classname="plot_km" name="kmplot_works_by_arm"/>
    <testcase time="0.0510000000000002" classname="plot_km" name="kmplot_works_by_arm"/>
    <testcase time="0.139" classname="plot_km" name="ph_diagplot_works_for_anchored_data"/>
    <testcase time="0.132" classname="plot_km" name="ph_diagplot_works_for_anchored_data"/>
    <testcase time="0.252" classname="plot_km" name="ph_diagplot_works_for_unanchored_data"/>
    <testcase time="0.121" classname="plot_km" name="ph_diagplot_works_for_unanchored_data"/>
    <testcase time="0.0329999999999995" classname="plot_km" name="ph_diagplot_lch_works_without_error"/>
    <testcase time="0.00300000000000011" classname="plot_km" name="ph_diagplot_lch_works_without_error"/>
    <testcase time="0.016" classname="plot_km" name="ph_diagplot_lch_works_without_error"/>
    <testcase time="0.0270000000000001" classname="plot_km" name="ph_diagplot_schoenfeld_works_without_error"/>
    <testcase time="0.00300000000000011" classname="plot_km" name="ph_diagplot_schoenfeld_works_without_error"/>
    <testcase time="0.0229999999999997" classname="plot_km" name="ph_diagplot_schoenfeld_works_without_error"/>
  </testsuite>
  <testsuite name="plot_km2" timestamp="2025-09-01T16:16:09Z" hostname="58bbae1cb431" tests="4" skipped="0" failures="0" errors="0" time="5.413">
    <testcase time="1.493" classname="plot_km2" name="kmplot2_works"/>
    <testcase time="1.097" classname="plot_km2" name="kmplot2_works"/>
    <testcase time="1.085" classname="plot_km2" name="kmplot2_works"/>
    <testcase time="1.738" classname="plot_km2" name="kmplot2_works"/>
  </testsuite>
  <testsuite name="process_data" timestamp="2025-09-01T16:16:14Z" hostname="58bbae1cb431" tests="10" skipped="0" failures="0" errors="0" time="0.06">
    <testcase time="0.0169999999999995" classname="process_data" name="process_agd_works"/>
    <testcase time="0.00600000000000023" classname="process_data" name="process_agd_works"/>
    <testcase time="0.00199999999999889" classname="process_data" name="process_agd_works"/>
    <testcase time="0.00600000000000023" classname="process_data" name="dummize_ipd_works_as_expected"/>
    <testcase time="0.00300000000000011" classname="process_data" name="dummize_ipd_works_as_expected"/>
    <testcase time="0.00200000000000067" classname="process_data" name="dummize_ipd_works_as_expected"/>
    <testcase time="0.00300000000000011" classname="process_data" name="dummize_ipd_works_as_expected"/>
    <testcase time="0.016" classname="process_data" name="complete_agd_works_as_expected"/>
    <testcase time="0.00300000000000011" classname="process_data" name="complete_agd_works_as_expected"/>
    <testcase time="0.00199999999999889" classname="process_data" name="complete_agd_works_as_expected"/>
  </testsuite>
  <testsuite name="time-helper" timestamp="2025-09-01T16:16:14Z" hostname="58bbae1cb431" tests="10" skipped="0" failures="0" errors="0" time="0.035">
    <testcase time="0.00699999999999967" classname="time_helper" name="setting_time_factors_works"/>
    <testcase time="0.00300000000000011" classname="time_helper" name="setting_time_factors_works"/>
    <testcase time="0.00300000000000011" classname="time_helper" name="setting_time_factors_works"/>
    <testcase time="0.00300000000000011" classname="time_helper" name="setting_time_factors_works"/>
    <testcase time="0.00100000000000122" classname="time_helper" name="setting_time_factors_works"/>
    <testcase time="0.00299999999999834" classname="time_helper" name="setting_time_factors_works"/>
    <testcase time="0.00300000000000011" classname="time_helper" name="setting_time_factors_works"/>
    <testcase time="0.00300000000000011" classname="time_helper" name="setting_time_factors_works"/>
    <testcase time="0.00500000000000078" classname="time_helper" name="setting_time_factors_works"/>
    <testcase time="0.00399999999999956" classname="time_helper" name="setting_time_factors_works"/>
  </testsuite>
  <testsuite name="utils" timestamp="2025-09-01T16:16:14Z" hostname="58bbae1cb431" tests="4" skipped="0" failures="0" errors="0" time="0.024">
    <testcase time="0.0080000000000009" classname="utils" name="set_random_seed_works"/>
    <testcase time="0.00300000000000011" classname="utils" name="set_random_seed_works"/>
    <testcase time="0.00499999999999901" classname="utils" name="transform_ratio_works_as_expected"/>
    <testcase time="0.0080000000000009" classname="utils" name="transform_absolute_works_as_expected"/>
  </testsuite>
</testsuites>
