<?xml version="1.0" encoding="UTF-8"?>
<testsuites>
  <testsuite name="bucher" timestamp="2025-07-23T21:06:01Z" hostname="994cb2d28684" tests="9" skipped="0" failures="0" errors="0" time="0.143">
    <testcase time="0.0149999999999999" classname="bucher" name="bucher_works_as_expected"/>
    <testcase time="0.0389999999999999" classname="bucher" name="bucher_works_when_difference_in_trt_effects_is_positive"/>
    <testcase time="0.016" classname="bucher" name="bucher_errors_on_bad_input"/>
    <testcase time="0.004" classname="bucher" name="bucher_errors_on_bad_input"/>
    <testcase time="0.004" classname="bucher" name="bucher_errors_on_bad_input"/>
    <testcase time="0.00500000000000012" classname="bucher" name="bucher_errors_on_bad_input"/>
    <testcase time="0.004" classname="bucher" name="bucher_errors_on_bad_input"/>
    <testcase time="0.00600000000000001" classname="bucher" name="find_SE_from_CI_works_as_expected"/>
    <testcase time="0.05" classname="bucher" name="bucher_print_works_as_expected"/>
  </testsuite>
  <testsuite name="get_pseudo_ipd_binary" timestamp="2025-07-23T21:06:01Z" hostname="994cb2d28684" tests="2" skipped="0" failures="0" errors="0" time="0.024">
    <testcase time="0.0169999999999999" classname="get_pseudo_ipd_binary" name="generate_pseudo_binary_IPD_given_unstacked_table_as_input"/>
    <testcase time="0.0069999999999999" classname="get_pseudo_ipd_binary" name="generate_pseudo_binary_IPD_given_stacked_table_as_input"/>
  </testsuite>
  <testsuite name="maic_anchored" timestamp="2025-07-23T21:06:01Z" hostname="994cb2d28684" tests="18" skipped="0" failures="0" errors="0" time="1.025">
    <testcase time="0.338" classname="maic_anchored" name="maic_anchored_works_for_TTE"/>
    <testcase time="0.0489999999999999" classname="maic_anchored" name="maic_anchored_works_for_TTE"/>
    <testcase time="0.034" classname="maic_anchored" name="maic_anchored_works_for_TTE"/>
    <testcase time="0.0330000000000001" classname="maic_anchored" name="maic_anchored_works_for_TTE"/>
    <testcase time="0.0329999999999999" classname="maic_anchored" name="maic_anchored_works_for_TTE"/>
    <testcase time="0.036" classname="maic_anchored" name="maic_anchored_works_for_TTE"/>
    <testcase time="0.224" classname="maic_anchored" name="maic_anchored_for_binary_case_gives_the_expected_result"/>
    <testcase time="0.0239999999999996" classname="maic_anchored" name="maic_anchored_for_binary_case_gives_the_expected_result"/>
    <testcase time="0.0250000000000004" classname="maic_anchored" name="maic_anchored_for_binary_case_gives_the_expected_result"/>
    <testcase time="0.024" classname="maic_anchored" name="maic_anchored_for_binary_case_gives_the_expected_result"/>
    <testcase time="0.024" classname="maic_anchored" name="maic_anchored_for_binary_case_gives_the_expected_result"/>
    <testcase time="0.0249999999999999" classname="maic_anchored" name="maic_anchored_for_binary_case_gives_the_expected_result"/>
    <testcase time="0.024" classname="maic_anchored" name="maic_anchored_for_binary_case_gives_the_expected_result"/>
    <testcase time="0.0269999999999997" classname="maic_anchored" name="maic_anchored_for_binary_case_gives_the_expected_result"/>
    <testcase time="0.024" classname="maic_anchored" name="maic_anchored_for_binary_case_gives_the_expected_result"/>
    <testcase time="0.0260000000000002" classname="maic_anchored" name="maic_anchored_for_binary_case_gives_the_expected_result"/>
    <testcase time="0.0259999999999998" classname="maic_anchored" name="maic_anchored_for_binary_case_gives_the_expected_result"/>
    <testcase time="0.0289999999999999" classname="maic_anchored" name="maic_anchored_for_binary_case_gives_the_expected_result"/>
  </testsuite>
  <testsuite name="maic_unanchored" timestamp="2025-07-23T21:06:02Z" hostname="994cb2d28684" tests="19" skipped="0" failures="0" errors="0" time="3.334">
    <testcase time="0.179" classname="maic_unanchored" name="test_binary_case"/>
    <testcase time="0.024" classname="maic_unanchored" name="test_binary_case"/>
    <testcase time="0.0230000000000001" classname="maic_unanchored" name="test_binary_case"/>
    <testcase time="0.0279999999999996" classname="maic_unanchored" name="test_binary_case"/>
    <testcase time="0.024" classname="maic_unanchored" name="test_binary_case"/>
    <testcase time="0.024" classname="maic_unanchored" name="test_binary_case"/>
    <testcase time="0.024" classname="maic_unanchored" name="test_binary_case"/>
    <testcase time="0.0230000000000001" classname="maic_unanchored" name="test_binary_case"/>
    <testcase time="0.0230000000000001" classname="maic_unanchored" name="test_binary_case"/>
    <testcase time="0.0259999999999998" classname="maic_unanchored" name="test_binary_case"/>
    <testcase time="0.028" classname="maic_unanchored" name="test_binary_case"/>
    <testcase time="0.0270000000000001" classname="maic_unanchored" name="test_binary_case"/>
    <testcase time="0.0289999999999999" classname="maic_unanchored" name="check_if_match_properly"/>
    <testcase time="2.72" classname="maic_unanchored" name="test_time_to_event_case"/>
    <testcase time="0.0229999999999997" classname="maic_unanchored" name="test_time_to_event_case"/>
    <testcase time="0.0250000000000004" classname="maic_unanchored" name="test_time_to_event_case"/>
    <testcase time="0.0270000000000001" classname="maic_unanchored" name="test_time_to_event_case"/>
    <testcase time="0.0259999999999998" classname="maic_unanchored" name="test_time_to_event_case"/>
    <testcase time="0.0309999999999997" classname="maic_unanchored" name="test_time_to_event_case"/>
  </testsuite>
  <testsuite name="matching" timestamp="2025-07-23T21:06:05Z" hostname="994cb2d28684" tests="45" skipped="0" failures="0" errors="0" time="0.984">
    <testcase time="0.00999999999999979" classname="matching" name="ess_footnote_text_works"/>
    <testcase time="0.00700000000000056" classname="matching" name="calculate_weights_legend_works"/>
    <testcase time="0.00499999999999989" classname="matching" name="optimise_weights_works_as_expected"/>
    <testcase time="0.00399999999999956" classname="matching" name="optimise_weights_works_as_expected"/>
    <testcase time="0.00300000000000011" classname="matching" name="optimise_weights_works_as_expected"/>
    <testcase time="0.0120000000000005" classname="matching" name="estimate_weights_fails_as_expected_with_invalid_input"/>
    <testcase time="0.00399999999999956" classname="matching" name="estimate_weights_fails_as_expected_with_invalid_input"/>
    <testcase time="0.00499999999999989" classname="matching" name="estimate_weights_fails_as_expected_with_invalid_input"/>
    <testcase time="0.0100000000000007" classname="matching" name="estimate_weights_works_as_expected"/>
    <testcase time="0.00199999999999978" classname="matching" name="estimate_weights_works_as_expected"/>
    <testcase time="0.00300000000000011" classname="matching" name="estimate_weights_works_as_expected"/>
    <testcase time="0.00300000000000011" classname="matching" name="estimate_weights_works_as_expected"/>
    <testcase time="0.00300000000000011" classname="matching" name="estimate_weights_works_as_expected"/>
    <testcase time="0.00299999999999923" classname="matching" name="estimate_weights_works_as_expected"/>
    <testcase time="0.0150000000000006" classname="matching" name="estimate_weights_works_as_expected_with_bootstrapping"/>
    <testcase time="0.000999999999999446" classname="matching" name="estimate_weights_works_as_expected_with_bootstrapping"/>
    <testcase time="0.00300000000000011" classname="matching" name="estimate_weights_works_as_expected_with_bootstrapping"/>
    <testcase time="0.00300000000000011" classname="matching" name="estimate_weights_works_as_expected_with_bootstrapping"/>
    <testcase time="0.00300000000000011" classname="matching" name="estimate_weights_works_as_expected_with_bootstrapping"/>
    <testcase time="0.00400000000000045" classname="matching" name="estimate_weights_works_as_expected_with_bootstrapping"/>
    <testcase time="0.00399999999999956" classname="matching" name="estimate_weights_works_as_expected_with_bootstrapping"/>
    <testcase time="0.0140000000000002" classname="matching" name="estimate_weights_works_as_expected_with_alternative_bootstrap_strata"/>
    <testcase time="0.00199999999999978" classname="matching" name="estimate_weights_works_as_expected_with_alternative_bootstrap_strata"/>
    <testcase time="0.00300000000000011" classname="matching" name="estimate_weights_works_as_expected_with_alternative_bootstrap_strata"/>
    <testcase time="0.00499999999999989" classname="matching" name="estimate_weights_works_as_expected_with_alternative_bootstrap_strata"/>
    <testcase time="0.0949999999999998" classname="matching" name="estimate_weights_works_when_the_input_is_a_tibble"/>
    <testcase time="0.00200000000000067" classname="matching" name="estimate_weights_works_when_the_input_is_a_tibble"/>
    <testcase time="0.00299999999999923" classname="matching" name="estimate_weights_works_when_the_input_is_a_tibble"/>
    <testcase time="0.00300000000000011" classname="matching" name="estimate_weights_works_when_the_input_is_a_tibble"/>
    <testcase time="0.00300000000000011" classname="matching" name="estimate_weights_works_when_the_input_is_a_tibble"/>
    <testcase time="0.00300000000000011" classname="matching" name="estimate_weights_works_when_the_input_is_a_tibble"/>
    <testcase time="0.0119999999999996" classname="matching" name="estimate_weights_prints_errors_about_convergence"/>
    <testcase time="0.00500000000000078" classname="matching" name="estimate_weights_prints_errors_about_convergence"/>
    <testcase time="0.0219999999999994" classname="matching" name="plot_weights_base_works_as_expected"/>
    <testcase time="0.0100000000000007" classname="matching" name="plot_weights_base_works_as_expected"/>
    <testcase time="0.442" classname="matching" name="plot_weights_ggplot_works_as_expected"/>
    <testcase time="0.0199999999999996" classname="matching" name="default_plot_works_as_expected"/>
    <testcase time="0.176" classname="matching" name="default_plot_works_as_expected"/>
    <testcase time="0.0140000000000002" classname="matching" name="check_weights_works_as_expected"/>
    <testcase time="0.00199999999999978" classname="matching" name="check_weights_works_as_expected"/>
    <testcase time="0.00100000000000033" classname="matching" name="check_weights_works_as_expected"/>
    <testcase time="0.00299999999999923" classname="matching" name="check_weights_works_as_expected"/>
    <testcase time="0.00300000000000011" classname="matching" name="check_weights_works_as_expected"/>
    <testcase time="0.00300000000000011" classname="matching" name="check_weights_works_as_expected"/>
    <testcase time="0.0310000000000006" classname="matching" name="weighted_median_is_correct"/>
  </testsuite>
  <testsuite name="plot_km" timestamp="2025-07-23T21:06:06Z" hostname="994cb2d28684" tests="18" skipped="0" failures="0" errors="0" time="1.044">
    <testcase time="0.0469999999999997" classname="plot_km" name="kmplot_works_by_trial"/>
    <testcase time="0.0469999999999997" classname="plot_km" name="kmplot_works_by_trial"/>
    <testcase time="0.0470000000000006" classname="plot_km" name="kmplot_works_all"/>
    <testcase time="0.0569999999999995" classname="plot_km" name="kmplot_works_all"/>
    <testcase time="0.0629999999999997" classname="plot_km" name="kmplot_normalize_weights_works"/>
    <testcase time="0.056" classname="plot_km" name="kmplot_normalize_weights_works"/>
    <testcase time="0.0500000000000007" classname="plot_km" name="kmplot_works_by_arm"/>
    <testcase time="0.0489999999999995" classname="plot_km" name="kmplot_works_by_arm"/>
    <testcase time="0.135" classname="plot_km" name="ph_diagplot_works_for_anchored_data"/>
    <testcase time="0.125" classname="plot_km" name="ph_diagplot_works_for_anchored_data"/>
    <testcase time="0.126" classname="plot_km" name="ph_diagplot_works_for_unanchored_data"/>
    <testcase time="0.13" classname="plot_km" name="ph_diagplot_works_for_unanchored_data"/>
    <testcase time="0.0350000000000001" classname="plot_km" name="ph_diagplot_lch_works_without_error"/>
    <testcase time="0.00300000000000011" classname="plot_km" name="ph_diagplot_lch_works_without_error"/>
    <testcase time="0.016" classname="plot_km" name="ph_diagplot_lch_works_without_error"/>
    <testcase time="0.0229999999999997" classname="plot_km" name="ph_diagplot_schoenfeld_works_without_error"/>
    <testcase time="0.00400000000000045" classname="plot_km" name="ph_diagplot_schoenfeld_works_without_error"/>
    <testcase time="0.0309999999999997" classname="plot_km" name="ph_diagplot_schoenfeld_works_without_error"/>
  </testsuite>
  <testsuite name="plot_km2" timestamp="2025-07-23T21:06:07Z" hostname="994cb2d28684" tests="4" skipped="0" failures="0" errors="0" time="5.548">
    <testcase time="1.599" classname="plot_km2" name="kmplot2_works"/>
    <testcase time="1.127" classname="plot_km2" name="kmplot2_works"/>
    <testcase time="1.083" classname="plot_km2" name="kmplot2_works"/>
    <testcase time="1.739" classname="plot_km2" name="kmplot2_works"/>
  </testsuite>
  <testsuite name="process_data" timestamp="2025-07-23T21:06:13Z" hostname="994cb2d28684" tests="10" skipped="0" failures="0" errors="0" time="0.055">
    <testcase time="0.016" classname="process_data" name="process_agd_works"/>
    <testcase time="0.00599999999999845" classname="process_data" name="process_agd_works"/>
    <testcase time="0.00200000000000067" classname="process_data" name="process_agd_works"/>
    <testcase time="0.00600000000000023" classname="process_data" name="dummize_ipd_works_as_expected"/>
    <testcase time="0.00300000000000011" classname="process_data" name="dummize_ipd_works_as_expected"/>
    <testcase time="0.00199999999999889" classname="process_data" name="dummize_ipd_works_as_expected"/>
    <testcase time="0.00300000000000011" classname="process_data" name="dummize_ipd_works_as_expected"/>
    <testcase time="0.011000000000001" classname="process_data" name="complete_agd_works_as_expected"/>
    <testcase time="0.00300000000000011" classname="process_data" name="complete_agd_works_as_expected"/>
    <testcase time="0.00300000000000011" classname="process_data" name="complete_agd_works_as_expected"/>
  </testsuite>
  <testsuite name="time-helper" timestamp="2025-07-23T21:06:13Z" hostname="994cb2d28684" tests="10" skipped="0" failures="0" errors="0" time="0.049">
    <testcase time="0.00699999999999967" classname="time_helper" name="setting_time_factors_works"/>
    <testcase time="0.00300000000000011" classname="time_helper" name="setting_time_factors_works"/>
    <testcase time="0.00300000000000011" classname="time_helper" name="setting_time_factors_works"/>
    <testcase time="0.00900000000000034" classname="time_helper" name="setting_time_factors_works"/>
    <testcase time="0.00199999999999889" classname="time_helper" name="setting_time_factors_works"/>
    <testcase time="0.00399999999999956" classname="time_helper" name="setting_time_factors_works"/>
    <testcase time="0.00500000000000078" classname="time_helper" name="setting_time_factors_works"/>
    <testcase time="0.00399999999999956" classname="time_helper" name="setting_time_factors_works"/>
    <testcase time="0.00699999999999967" classname="time_helper" name="setting_time_factors_works"/>
    <testcase time="0.00500000000000078" classname="time_helper" name="setting_time_factors_works"/>
  </testsuite>
  <testsuite name="utils" timestamp="2025-07-23T21:06:13Z" hostname="994cb2d28684" tests="4" skipped="0" failures="0" errors="0" time="0.027">
    <testcase time="0.00900000000000034" classname="utils" name="set_random_seed_works"/>
    <testcase time="0.00300000000000011" classname="utils" name="set_random_seed_works"/>
    <testcase time="0.00600000000000023" classname="utils" name="transform_ratio_works_as_expected"/>
    <testcase time="0.00899999999999856" classname="utils" name="transform_absolute_works_as_expected"/>
  </testsuite>
</testsuites>
