<?xml version="1.0" encoding="UTF-8"?>
<testsuites>
  <testsuite name="bucher" timestamp="2023-08-16T09:20:11Z" hostname="5018a360f207" tests="1" skipped="0" failures="0" errors="0" time="0.014">
    <testcase time="0.0140000000000002" classname="bucher" name="bucher_works_as_expected"/>
  </testsuite>
  <testsuite name="matching" timestamp="2023-08-16T09:20:11Z" hostname="5018a360f207" tests="1" skipped="0" failures="0" errors="0" time="0.105">
    <testcase time="0.105" classname="matching" name="ess_footnote_text_works"/>
  </testsuite>
</testsuites>
