<?xml version="1.0" encoding="UTF-8"?>
<testsuites>
  <testsuite name="bucher" timestamp="2025-02-14T08:53:51Z" hostname="c47f63f20657" tests="9" skipped="0" failures="0" errors="0" time="0.148">
    <testcase time="0.014" classname="bucher" name="bucher_works_as_expected"/>
    <testcase time="0.0409999999999999" classname="bucher" name="bucher_works_when_difference_in_trt_effects_is_positive"/>
    <testcase time="0.0169999999999999" classname="bucher" name="bucher_errors_on_bad_input"/>
    <testcase time="0.004" classname="bucher" name="bucher_errors_on_bad_input"/>
    <testcase time="0.004" classname="bucher" name="bucher_errors_on_bad_input"/>
    <testcase time="0.00500000000000012" classname="bucher" name="bucher_errors_on_bad_input"/>
    <testcase time="0.0489999999999999" classname="bucher" name="bucher_errors_on_bad_input"/>
    <testcase time="0.00700000000000012" classname="bucher" name="find_SE_from_CI_works_as_expected"/>
    <testcase time="0.0069999999999999" classname="bucher" name="bucher_print_works_as_expected"/>
  </testsuite>
  <testsuite name="get_pseudo_ipd_binary" timestamp="2025-02-14T08:53:51Z" hostname="c47f63f20657" tests="2" skipped="0" failures="0" errors="0" time="0.024">
    <testcase time="0.0169999999999999" classname="get_pseudo_ipd_binary" name="generate_pseudo_binary_IPD_given_unstacked_table_as_input"/>
    <testcase time="0.00700000000000012" classname="get_pseudo_ipd_binary" name="generate_pseudo_binary_IPD_given_stacked_table_as_input"/>
  </testsuite>
  <testsuite name="maic_anchored" timestamp="2025-02-14T08:53:52Z" hostname="c47f63f20657" tests="18" skipped="0" failures="18" errors="0" time="1.533">
    <testcase time="0.433" classname="maic_anchored" name="maic_anchored_works_for_TTE">
      <failure type="failure" message="Snapshot of code has changed: ('test-maic_anchored.R:58:3')">Snapshot of code has changed:
old[11:17] vs new[11:17]
        events%     rmean  se(rmean)    median   0.95LCL   0.95UCL
    1 100.00000  2.564797 0.11366994  1.836467  1.644765  2.045808
    2  38.00000  8.709690 0.35514766  7.587627  6.278691 10.288538
-   3 100.00000  2.679473 0.20670827  1.815795  1.457222  2.292484
+   3 100.00000  2.363509 0.18354814  1.641770  1.052627  2.093468
    4  31.95014 10.584609 0.57397937 12.166430 10.244293        NA
    5 100.00000  2.455272 0.09848888  1.851987  1.670540  2.009650
    6  59.33333  4.303551 0.33672602  2.746131  2.261125  3.320857

* Run `testthat::snapshot_accept('maic_anchored')` to accept the change.
* Run `testthat::snapshot_review('maic_anchored')` to interactively review the change.</failure>
    </testcase>
    <testcase time="0.056" classname="maic_anchored" name="maic_anchored_works_for_TTE">
      <failure type="failure" message="Snapshot of code has changed: ('test-maic_anchored.R:59:3')">Snapshot of code has changed:
old vs new
  Code
    testout$inferential$summary
  Output
-            case        HR       LCL       UCL         pval
+            case        HR        LCL       UCL         pval
-   1          AC 0.2216588 0.1867151 0.2631423 2.136650e-66
+   1          AC 0.2216588 0.18671510 0.2631423 2.136650e-66
-   2 adjusted_AC 0.1631852 0.1113815 0.2390829 1.361531e-20
+   2 adjusted_AC 0.1367514 0.09450039 0.1978927 4.983770e-26
-   3          BC 0.5718004 0.4811989 0.6794607 2.143660e-10
+   3          BC 0.5718004 0.48119889 0.6794607 2.143660e-10
-   4          AB 0.3876507 0.3039348 0.4944253 2.270430e-14
+   4          AB 0.3876507 0.30393476 0.4944253 2.270430e-14
-   5 adjusted_AB 0.2853885 0.1876867 0.4339497 4.509575e-09
+   5 adjusted_AB 0.2391593 0.15906111 0.3595924 6.191984e-12

* Run `testthat::snapshot_accept('maic_anchored')` to accept the change.
* Run `testthat::snapshot_review('maic_anchored')` to interactively review the change.</failure>
    </testcase>
    <testcase time="0.0669999999999999" classname="maic_anchored" name="maic_anchored_works_for_TTE">
      <failure type="failure" message="Snapshot of code has changed: ('test-maic_anchored.R:60:3')">Snapshot of code has changed:
old[13:20] vs new[13:20]
        conf.type = km_conf_type)
    
          records   n events median 0.95LCL 0.95UCL
-   ARM=C     500 173  173.3   55.3    44.4    69.8
+   ARM=C     500 173  173.3     50      32    63.7
-   ARM=A     500 173   55.4  370.3   311.8      NA
+   ARM=A     500 173   55.4    370     312      NA
    
    $km_agd
    Call: survfit(formula = Surv(TIME, EVENT) ~ ARM, data = pseudo_ipd, 

old[40:48] vs new[40:48]
        robust = TRUE)
    
            coef exp(coef) se(coef) robust se      z      p
-   ARMA -1.8129    0.1632   0.1602    0.1949 -9.303 &lt;2e-16
+   ARMA -1.9896    0.1368   0.1691    0.1886 -10.55 &lt;2e-16
    
-   Likelihood ratio test=155.2  on 1 df, p=&lt; 2.2e-16
+   Likelihood ratio test=175.6  on 1 df, p=&lt; 2.2e-16
    n= 1000, number of events= 690 
    
    $model_agd

     old                | new                   
[57]                    |                   [57]
[58]   $res_AC          |   $res_AC         [58]
[59]   $res_AC$est      |   $res_AC$est     [59]
[60]   [1] 0.1631852    -   [1] 0.1367514   [60]
[61]                    |                   [61]
[62]   $res_AC$se       |   $res_AC$se      [62]
[63]   [1] 0.194863     -   [1] 0.1885548   [63]
[64]                    |                   [64]
[65]   $res_AC$ci_l     |   $res_AC$ci_l    [65]
[66]   [1] 0.1113815    -   [1] 0.09450039  [66]
[67]                    |                   [67]
[68]   $res_AC$ci_u     |   $res_AC$ci_u    [68]
[69]   [1] 0.2390829    -   [1] 0.1978927   [69]
[70]                    |                   [70]
[71]   $res_AC$pval     |   $res_AC$pval    [71]
[72]   [1] 1.361531e-20 -   [1] 4.98377e-26 [72]
[73]                    |                   [73]
[74]                    |                   [74]
[75]   $res_AC_unadj    |   $res_AC_unadj   [75]

old[108:114] vs new[108:114]
    
    $res_AB
                result             pvalue 
-   "0.29[0.19; 0.43]"           "&lt;0.001" 
+   "0.24[0.16; 0.36]"           "&lt;0.001" 
    
    $res_AB_unadj
                result             pvalue 

* Run `testthat::snapshot_accept('maic_anchored')` to accept the change.
* Run `testthat::snapshot_review('maic_anchored')` to interactively review the change.</failure>
    </testcase>
    <testcase time="0.069" classname="maic_anchored" name="maic_anchored_works_for_TTE">
      <failure type="failure" message="Snapshot of code has changed: ('test-maic_anchored.R:63:3')">Snapshot of code has changed:
old[11:17] vs new[11:17]
        events%     rmean  se(rmean)    median   0.95LCL   0.95UCL
    1 100.00000  2.564797 0.11366994  1.836467  1.644765  2.045808
    2  38.00000  8.709690 0.35514766  7.587627  6.278691 10.288538
-   3 100.00000  2.679473 0.20670827  1.815795  1.457222  2.292484
+   3 100.00000  2.363509 0.18354814  1.641770  1.052627  2.093468
    4  31.95014 10.584609 0.57397937 12.166430 10.244293        NA
    5 100.00000  2.455272 0.09848888  1.851987  1.670540  2.009650
    6  59.33333  4.303551 0.33672602  2.746131  2.261125  3.320857

* Run `testthat::snapshot_accept('maic_anchored')` to accept the change.
* Run `testthat::snapshot_review('maic_anchored')` to interactively review the change.</failure>
    </testcase>
    <testcase time="0.04" classname="maic_anchored" name="maic_anchored_works_for_TTE">
      <failure type="failure" message="Snapshot of code has changed: ('test-maic_anchored.R:64:3')">Snapshot of code has changed:
old vs new
  Code
    testout2$inferential$summary
  Output
-            case        HR       LCL       UCL         pval
+            case        HR        LCL       UCL         pval
-   1          AC 0.2216588 0.1867151 0.2631423 2.136650e-66
+   1          AC 0.2216588 0.18671510 0.2631423 2.136650e-66
-   2 adjusted_AC 0.1631852 0.1113815 0.2390829 1.361531e-20
+   2 adjusted_AC 0.1367514 0.09450039 0.1978927 4.983770e-26
-   3          BC 0.5718004 0.4811989 0.6794607 2.143660e-10
+   3          BC 0.5718004 0.48119889 0.6794607 2.143660e-10
-   4          AB 0.3876507 0.3039348 0.4944253 2.270430e-14
+   4          AB 0.3876507 0.30393476 0.4944253 2.270430e-14
-   5 adjusted_AB 0.2853885 0.1876867 0.4339497 4.509575e-09
+   5 adjusted_AB 0.2391593 0.15906111 0.3595924 6.191984e-12

* Run `testthat::snapshot_accept('maic_anchored')` to accept the change.
* Run `testthat::snapshot_review('maic_anchored')` to interactively review the change.</failure>
    </testcase>
    <testcase time="0.0669999999999999" classname="maic_anchored" name="maic_anchored_works_for_TTE">
      <failure type="failure" message="Snapshot of code has changed: ('test-maic_anchored.R:65:3')">Snapshot of code has changed:
old[13:20] vs new[13:20]
        conf.type = km_conf_type)
    
          records   n events median 0.95LCL 0.95UCL
-   ARM=C     500 173  173.3   55.3    44.4    69.8
+   ARM=C     500 173  173.3     50      32    63.7
-   ARM=A     500 173   55.4  370.3   311.8      NA
+   ARM=A     500 173   55.4    370     312      NA
    
    $km_agd
    Call: survfit(formula = Surv(TIME, EVENT) ~ ARM, data = pseudo_ipd, 

old[40:48] vs new[40:48]
        robust = TRUE)
    
            coef exp(coef) se(coef) robust se      z      p
-   ARMA -1.8129    0.1632   0.1602    0.1949 -9.303 &lt;2e-16
+   ARMA -1.9896    0.1368   0.1691    0.1886 -10.55 &lt;2e-16
    
-   Likelihood ratio test=155.2  on 1 df, p=&lt; 2.2e-16
+   Likelihood ratio test=175.6  on 1 df, p=&lt; 2.2e-16
    n= 1000, number of events= 690 
    
    $model_agd

     old                | new                   
[57]                    |                   [57]
[58]   $res_AC          |   $res_AC         [58]
[59]   $res_AC$est      |   $res_AC$est     [59]
[60]   [1] 0.1631852    -   [1] 0.1367514   [60]
[61]                    |                   [61]
[62]   $res_AC$se       |   $res_AC$se      [62]
[63]   [1] 0.194863     -   [1] 0.1885548   [63]
[64]                    |                   [64]
[65]   $res_AC$ci_l     |   $res_AC$ci_l    [65]
[66]   [1] 0.1113815    -   [1] 0.09450039  [66]
[67]                    |                   [67]
[68]   $res_AC$ci_u     |   $res_AC$ci_u    [68]
[69]   [1] 0.2390829    -   [1] 0.1978927   [69]
[70]                    |                   [70]
[71]   $res_AC$pval     |   $res_AC$pval    [71]
[72]   [1] 1.361531e-20 -   [1] 4.98377e-26 [72]
[73]                    |                   [73]
[74]                    |                   [74]
[75]   $res_AC_unadj    |   $res_AC_unadj   [75]

old[108:114] vs new[108:114]
    
    $res_AB
                result             pvalue 
-   "0.29[0.19; 0.43]"           "&lt;0.001" 
+   "0.24[0.16; 0.36]"           "&lt;0.001" 
    
    $res_AB_unadj
                result             pvalue 

old[125:150] vs new[125:150]
    
    
    Bootstrap Statistics :
-          original       bias    std. error
+          original      bias    std. error
-   t1* -1.24586465 -0.161716794  0.28787014
+   t1* -1.42258614 0.015004695  0.28787015
-   t2*  0.04571853  0.001994459  0.01042480
+   t2*  0.04329983 0.004413156  0.01042480
-   t3*  0.21381891  0.003564636  0.02391077
+   t3*  0.20808611 0.009297435  0.02391077
-   t4* -1.81286926 -0.166912210  0.25058383
+   t4* -1.98959075 0.009809279  0.25058383
-   t5*  0.19486304  0.003675676  0.02618306
+   t5*  0.18855479 0.009983930  0.02618306
-   t6*  0.03797160  0.001994459  0.01042480
+   t6*  0.03555291 0.004413156  0.01042480
    
    $boot_res_AC
    $boot_res_AC$est
-   [1] 0.1631852
+   [1] 0.1367514
    
    $boot_res_AC$se
    [1] NA
    
    $boot_res_AC$ci_l
-   [1] 0.1179974
+   [1] 0.0828656
    
    $boot_res_AC$ci_u
-   [1] 0.3151137
+   [1] 0.2212936
    
    $boot_res_AC$pval
    [1] NA

      old                    | new                         
[152]                        |                        [152]
[153]   $boot_res_AB_mc      |   $boot_res_AB_mc      [153]
[154]   $boot_res_AB_mc$est  |   $boot_res_AB_mc$est  [154]
[155]   [1] 0.287692         -   [1] 0.2410897        [155]
[156]                        |                        [156]
[157]   $boot_res_AB_mc$se   |   $boot_res_AB_mc$se   [157]
[158]   [1] NA               |   [1] NA               [158]
[159]                        |                        [159]
[160]   $boot_res_AB_mc$ci_l |   $boot_res_AB_mc$ci_l [160]
[161]   [1] 0.1923646        -   [1] 0.1350911        [161]
[162]                        |                        [162]
[163]   $boot_res_AB_mc$ci_u |   $boot_res_AB_mc$ci_u [163]
[164]   [1] 0.5945605        -   [1] 0.4175397        [164]
[165]                        |                        [165]
[166]   $boot_res_AB_mc$pval |   $boot_res_AB_mc$pval [166]
[167]   [1] NA               |   [1] NA               [167]

      old                 | new                      
[169]                     |                     [169]
[170]   $boot_res_AB      |   $boot_res_AB      [170]
[171]   $boot_res_AB$est  |   $boot_res_AB$est  [171]
[172]   [1] 0.2853885     -   [1] 0.2391593     [172]
[173]                     |                     [173]
[174]   $boot_res_AB$se   |   $boot_res_AB$se   [174]
[175]   [1] NA            |   [1] NA            [175]
[176]                     |                     [176]
[177]   $boot_res_AB$ci_l |   $boot_res_AB$ci_l [177]
[178]   [1] 0.1695758     -   [1] 0.1421068     [178]
[179]                     |                     [179]
[180]   $boot_res_AB$ci_u |   $boot_res_AB$ci_u [180]
[181]   [1] 0.4802958     -   [1] 0.4024942     [181]
[182]                     |                     [182]
[183]   $boot_res_AB$pval |   $boot_res_AB$pval [183]
[184]   [1] NA            |   [1] NA            [184]

* Run `testthat::snapshot_accept('maic_anchored')` to accept the change.
* Run `testthat::snapshot_review('maic_anchored')` to interactively review the change.</failure>
    </testcase>
    <testcase time="0.259" classname="maic_anchored" name="maic_anchored_for_binary_case_gives_the_expected_result">
      <failure type="failure" message="Snapshot of code has changed: ('test-maic_anchored.R:157:3')">Snapshot of code has changed:
old[4:10] vs new[4:10]
      trt_ind treatment                 type        n   events events_pct
    1       C         C IPD, before matching 500.0000 338.0000   67.60000
    2       A         A IPD, before matching 500.0000 390.0000   78.00000
-   3       C         C  IPD, after matching 199.4265 131.2892   65.83339
+   3       C         C  IPD, after matching 199.4265 134.0364   67.21094
    4       A         A  IPD, after matching 199.4265 142.8968   71.65386
    5       C         C        AgD, external 320.0000 120.0000   37.50000
    6       B         B        AgD, external 480.0000 280.0000   58.33333

* Run `testthat::snapshot_accept('maic_anchored')` to accept the change.
* Run `testthat::snapshot_review('maic_anchored')` to interactively review the change.</failure>
    </testcase>
    <testcase time="0.0489999999999999" classname="maic_anchored" name="maic_anchored_for_binary_case_gives_the_expected_result">
      <failure type="failure" message="Snapshot of code has changed: ('test-maic_anchored.R:158:3')">Snapshot of code has changed:
old[3:9] vs new[3:9]
  Output
             case        OR       LCL       UCL         pval
    1          AC 1.6993007 1.2809976 2.2541985 2.354448e-04
-   2 adjusted_AC 1.3119021 0.8210000 2.0963303 2.562849e-01
+   2 adjusted_AC 1.2332036 0.7710134 1.9724576 3.817109e-01
    3          BC 2.3333333 1.7458092 3.1185794 1.035032e-08
    4          AB 0.7282717 0.4857575 1.0918611 1.248769e-01
-   5 adjusted_AB 0.5622438 0.3239933 0.9756933 4.061296e-02
+   5 adjusted_AB 0.5285158 0.3043103 0.9179084 2.356848e-02

* Run `testthat::snapshot_accept('maic_anchored')` to accept the change.
* Run `testthat::snapshot_review('maic_anchored')` to interactively review the change.</failure>
    </testcase>
    <testcase time="0.0600000000000001" classname="maic_anchored" name="maic_anchored_for_binary_case_gives_the_expected_result">
      <failure type="failure" message="Snapshot of code has changed: ('test-maic_anchored.R:159:3')">Snapshot of code has changed:
old[20:30] vs new[20:30]
    
    Coefficients:
    (Intercept)         ARMA  
-        0.6559       0.2715  
+        0.7177       0.2096  
    
    Degrees of Freedom: 999 Total (i.e. Null);  998 Residual
-   Null Deviance:	    495.5 
+   Null Deviance:	    491.1 
-   Residual Deviance: 493.9 	AIC: 454.5
+   Residual Deviance: 490.1 	AIC: 458.4
    
    $model_agd
    

     old             | new                 
[40]                 |                 [40]
[41]   $res_AC       |   $res_AC       [41]
[42]   $res_AC$est   |   $res_AC$est   [42]
[43]   [1] 1.311902  -   [1] 1.233204  [43]
[44]                 |                 [44]
[45]   $res_AC$se    |   $res_AC$se    [45]
[46]   [1] 0.3275028 -   [1] 0.3085377 [46]
[47]                 |                 [47]
[48]   $res_AC$ci_l  |   $res_AC$ci_l  [48]
[49]   [1] 0.821     -   [1] 0.7710134 [49]
[50]                 |                 [50]
[51]   $res_AC$ci_u  |   $res_AC$ci_u  [51]
[52]   [1] 2.09633   -   [1] 1.972458  [52]
[53]                 |                 [53]
[54]   $res_AC$pval  |   $res_AC$pval  [54]
[55]   [1] 0.2562849 -   [1] 0.3817109 [55]
[56]                 |                 [56]
[57]                 |                 [57]
[58]   $res_AC_unadj |   $res_AC_unadj [58]

old[91:97] vs new[91:97]
    
    $res_AB
                result             pvalue 
-   "0.56[0.32; 0.98]"            "0.041" 
+   "0.53[0.30; 0.92]"            "0.024" 
    
    $res_AB_unadj
                result             pvalue 

* Run `testthat::snapshot_accept('maic_anchored')` to accept the change.
* Run `testthat::snapshot_review('maic_anchored')` to interactively review the change.</failure>
    </testcase>
    <testcase time="0.044" classname="maic_anchored" name="maic_anchored_for_binary_case_gives_the_expected_result">
      <failure type="failure" message="Snapshot of code has changed: ('test-maic_anchored.R:161:3')">Snapshot of code has changed:
old[4:10] vs new[4:10]
      trt_ind treatment                 type        n   events events_pct
    1       C         C IPD, before matching 500.0000 338.0000   67.60000
    2       A         A IPD, before matching 500.0000 390.0000   78.00000
-   3       C         C  IPD, after matching 199.4265 131.2892   65.83339
+   3       C         C  IPD, after matching 199.4265 134.0364   67.21094
    4       A         A  IPD, after matching 199.4265 142.8968   71.65386
    5       C         C        AgD, external 320.0000 120.0000   37.50000
    6       B         B        AgD, external 480.0000 280.0000   58.33333

* Run `testthat::snapshot_accept('maic_anchored')` to accept the change.
* Run `testthat::snapshot_review('maic_anchored')` to interactively review the change.</failure>
    </testcase>
    <testcase time="0.0430000000000001" classname="maic_anchored" name="maic_anchored_for_binary_case_gives_the_expected_result">
      <failure type="failure" message="Snapshot of code has changed: ('test-maic_anchored.R:162:3')">Snapshot of code has changed:
old[3:9] vs new[3:9]
  Output
             case        RR       LCL       UCL         pval
    1          AC 1.1538462 1.0688892 1.2455556 2.451956e-04
-   2 adjusted_AC 1.0884122 0.9398949 1.2603975 2.577047e-01
+   2 adjusted_AC 1.0661042 0.9234409 1.2308077 3.824937e-01
    3          BC 1.5555555 1.3250564 1.8261510 6.678781e-08
    4          AB 0.7417582 0.6210074 0.8859883 9.832938e-04
-   5 adjusted_AB 0.6996936 0.5630034 0.8695704 1.281101e-03
+   5 adjusted_AB 0.6853527 0.5525932 0.8500075 5.832632e-04

* Run `testthat::snapshot_accept('maic_anchored')` to accept the change.
* Run `testthat::snapshot_review('maic_anchored')` to interactively review the change.</failure>
    </testcase>
    <testcase time="0.0510000000000002" classname="maic_anchored" name="maic_anchored_for_binary_case_gives_the_expected_result">
      <failure type="failure" message="Snapshot of code has changed: ('test-maic_anchored.R:163:3')">Snapshot of code has changed:
old[20:30] vs new[20:30]
    
    Coefficients:
    (Intercept)         ARMA  
-      -0.41804      0.08472  
+      -0.39733      0.06401  
    
    Degrees of Freedom: 999 Total (i.e. Null);  998 Residual
-   Null Deviance:	    495.5 
+   Null Deviance:	    491.1 
-   Residual Deviance: 493.9 	AIC: 454.5
+   Residual Deviance: 490.1 	AIC: 458.4
    
    $model_agd
    

     old              | new                  
[40]                  |                  [40]
[41]   $res_AC        |   $res_AC        [41]
[42]   $res_AC$est    |   $res_AC$est    [42]
[43]   [1] 1.088412   -   [1] 1.066104   [43]
[44]                  |                  [44]
[45]   $res_AC$se     |   $res_AC$se     [45]
[46]   [1] 0.08181292 -   [1] 0.07845782 [46]
[47]                  |                  [47]
[48]   $res_AC$ci_l   |   $res_AC$ci_l   [48]
[49]   [1] 0.9398949  -   [1] 0.9234409  [49]
[50]                  |                  [50]
[51]   $res_AC$ci_u   |   $res_AC$ci_u   [51]
[52]   [1] 1.260397   -   [1] 1.230808   [52]
[53]                  |                  [53]
[54]   $res_AC$pval   |   $res_AC$pval   [54]
[55]   [1] 0.2577047  -   [1] 0.3824937  [55]
[56]                  |                  [56]
[57]                  |                  [57]
[58]   $res_AC_unadj  |   $res_AC_unadj  [58]

old[91:97] vs new[91:97]
    
    $res_AB
                result             pvalue 
-   "0.70[0.56; 0.87]"            "0.001" 
+   "0.69[0.55; 0.85]"            "0.001" 
    
    $res_AB_unadj
                result             pvalue 

* Run `testthat::snapshot_accept('maic_anchored')` to accept the change.
* Run `testthat::snapshot_review('maic_anchored')` to interactively review the change.</failure>
    </testcase>
    <testcase time="0.0449999999999999" classname="maic_anchored" name="maic_anchored_for_binary_case_gives_the_expected_result">
      <failure type="failure" message="Snapshot of code has changed: ('test-maic_anchored.R:165:3')">Snapshot of code has changed:
old[4:10] vs new[4:10]
      trt_ind treatment                 type        n   events events_pct
    1       C         C IPD, before matching 500.0000 338.0000   67.60000
    2       A         A IPD, before matching 500.0000 390.0000   78.00000
-   3       C         C  IPD, after matching 199.4265 131.2892   65.83339
+   3       C         C  IPD, after matching 199.4265 134.0364   67.21094
    4       A         A  IPD, after matching 199.4265 142.8968   71.65386
    5       C         C        AgD, external 320.0000 120.0000   37.50000
    6       B         B        AgD, external 480.0000 280.0000   58.33333

* Run `testthat::snapshot_accept('maic_anchored')` to accept the change.
* Run `testthat::snapshot_review('maic_anchored')` to interactively review the change.</failure>
    </testcase>
    <testcase time="0.044" classname="maic_anchored" name="maic_anchored_for_binary_case_gives_the_expected_result">
      <failure type="failure" message="Snapshot of code has changed: ('test-maic_anchored.R:166:3')">Snapshot of code has changed:
old[3:9] vs new[3:9]
  Output
             case         RD        LCL       UCL         pval
    1          AC  10.400000   4.921741 15.878259 1.985755e-04
-   2 adjusted_AC   5.820475  -4.207825 15.848775 2.552989e-01
+   2 adjusted_AC   4.442927  -5.499175 14.385028 3.811014e-01
    3          BC  20.833333  13.934963 27.731704 3.235832e-09
    4          AB -10.433333 -19.242354 -1.624313 2.026711e-02
-   5 adjusted_AB -15.012859 -27.184724 -2.840993 1.563044e-02
+   5 adjusted_AB -16.390407 -28.491353 -4.289460 7.937461e-03

* Run `testthat::snapshot_accept('maic_anchored')` to accept the change.
* Run `testthat::snapshot_review('maic_anchored')` to interactively review the change.</failure>
    </testcase>
    <testcase time="0.052" classname="maic_anchored" name="maic_anchored_for_binary_case_gives_the_expected_result">
      <failure type="failure" message="Snapshot of code has changed: ('test-maic_anchored.R:167:3')">Snapshot of code has changed:
old[20:30] vs new[20:30]
    
    Coefficients:
    (Intercept)         ARMA  
-        0.6583       0.0582  
+       0.67211      0.04443  
    
    Degrees of Freedom: 999 Total (i.e. Null);  998 Residual
-   Null Deviance:	    495.5 
+   Null Deviance:	    491.1 
-   Residual Deviance: 493.9 	AIC: 454.5
+   Residual Deviance: 490.1 	AIC: 458.4
    
    $model_agd
    

     old             | new                 
[40]                 |                 [40]
[41]   $res_AC       |   $res_AC       [41]
[42]   $res_AC$est   |   $res_AC$est   [42]
[43]   [1] 5.820475  -   [1] 4.442927  [43]
[44]                 |                 [44]
[45]   $res_AC$se    |   $res_AC$se    [45]
[46]   [1] 5.116574  -   [1] 5.072594  [46]
[47]                 |                 [47]
[48]   $res_AC$ci_l  |   $res_AC$ci_l  [48]
[49]   [1] -4.207825 -   [1] -5.499175 [49]
[50]                 |                 [50]
[51]   $res_AC$ci_u  |   $res_AC$ci_u  [51]
[52]   [1] 15.84877  -   [1] 14.38503  [52]
[53]                 |                 [53]
[54]   $res_AC$pval  |   $res_AC$pval  [54]
[55]   [1] 0.2552989 -   [1] 0.3811014 [55]
[56]                 |                 [56]
[57]                 |                 [57]
[58]   $res_AC_unadj |   $res_AC_unadj [58]

old[91:97] vs new[91:97]
    
    $res_AB
                     result                  pvalue 
-   "-15.01[-27.18; -2.84]"                 "0.016" 
+   "-16.39[-28.49; -4.29]"                 "0.008" 
    
    $res_AB_unadj
                     result                  pvalue 

* Run `testthat::snapshot_accept('maic_anchored')` to accept the change.
* Run `testthat::snapshot_review('maic_anchored')` to interactively review the change.</failure>
    </testcase>
    <testcase time="0.0429999999999997" classname="maic_anchored" name="maic_anchored_for_binary_case_gives_the_expected_result">
      <failure type="failure" message="Snapshot of code has changed: ('test-maic_anchored.R:170:3')">Snapshot of code has changed:
old[4:10] vs new[4:10]
      trt_ind treatment                 type        n   events events_pct
    1       C         C IPD, before matching 500.0000 338.0000   67.60000
    2       A         A IPD, before matching 500.0000 390.0000   78.00000
-   3       C         C  IPD, after matching 199.4265 131.2892   65.83339
+   3       C         C  IPD, after matching 199.4265 134.0364   67.21094
    4       A         A  IPD, after matching 199.4265 142.8968   71.65386
    5       C         C        AgD, external 320.0000 120.0000   37.50000
    6       B         B        AgD, external 480.0000 280.0000   58.33333

* Run `testthat::snapshot_accept('maic_anchored')` to accept the change.
* Run `testthat::snapshot_review('maic_anchored')` to interactively review the change.</failure>
    </testcase>
    <testcase time="0.0449999999999999" classname="maic_anchored" name="maic_anchored_for_binary_case_gives_the_expected_result">
      <failure type="failure" message="Snapshot of code has changed: ('test-maic_anchored.R:171:3')">Snapshot of code has changed:
old[3:9] vs new[3:9]
  Output
             case        OR       LCL       UCL         pval
    1          AC 1.6993007 1.2809976 2.2541985 2.354448e-04
-   2 adjusted_AC 1.3119021 0.8210000 2.0963303 2.562849e-01
+   2 adjusted_AC 1.2332036 0.7710134 1.9724576 3.817109e-01
    3          BC 2.3333333 1.7458092 3.1185794 1.035032e-08
    4          AB 0.7282717 0.4857575 1.0918611 1.248769e-01
-   5 adjusted_AB 0.5622438 0.3239933 0.9756933 4.061296e-02
+   5 adjusted_AB 0.5285158 0.3043103 0.9179084 2.356848e-02

* Run `testthat::snapshot_accept('maic_anchored')` to accept the change.
* Run `testthat::snapshot_review('maic_anchored')` to interactively review the change.</failure>
    </testcase>
    <testcase time="0.0660000000000003" classname="maic_anchored" name="maic_anchored_for_binary_case_gives_the_expected_result">
      <failure type="failure" message="Snapshot of code has changed: ('test-maic_anchored.R:172:3')">Snapshot of code has changed:
old[20:30] vs new[20:30]
    
    Coefficients:
    (Intercept)         ARMA  
-        0.6559       0.2715  
+        0.7177       0.2096  
    
    Degrees of Freedom: 999 Total (i.e. Null);  998 Residual
-   Null Deviance:	    495.5 
+   Null Deviance:	    491.1 
-   Residual Deviance: 493.9 	AIC: 454.5
+   Residual Deviance: 490.1 	AIC: 458.4
    
    $model_agd
    

     old             | new                 
[40]                 |                 [40]
[41]   $res_AC       |   $res_AC       [41]
[42]   $res_AC$est   |   $res_AC$est   [42]
[43]   [1] 1.311902  -   [1] 1.233204  [43]
[44]                 |                 [44]
[45]   $res_AC$se    |   $res_AC$se    [45]
[46]   [1] 0.3275028 -   [1] 0.3085377 [46]
[47]                 |                 [47]
[48]   $res_AC$ci_l  |   $res_AC$ci_l  [48]
[49]   [1] 0.821     -   [1] 0.7710134 [49]
[50]                 |                 [50]
[51]   $res_AC$ci_u  |   $res_AC$ci_u  [51]
[52]   [1] 2.09633   -   [1] 1.972458  [52]
[53]                 |                 [53]
[54]   $res_AC$pval  |   $res_AC$pval  [54]
[55]   [1] 0.2562849 -   [1] 0.3817109 [55]
[56]                 |                 [56]
[57]                 |                 [57]
[58]   $res_AC_unadj |   $res_AC_unadj [58]

old[91:97] vs new[91:97]
    
    $res_AB
                result             pvalue 
-   "0.56[0.32; 0.98]"            "0.041" 
+   "0.53[0.30; 0.92]"            "0.024" 
    
    $res_AB_unadj
                result             pvalue 

old[109:133] vs new[109:133]
    
    Bootstrap Statistics :
           original     bias    std. error
-   t1* -0.69289322 0.59931037 0.259160031
+   t1* -0.75475594 0.66117308 0.259160031
-   t2*  0.06888563 0.01114340 0.004040355
+   t2*  0.06934609 0.01068293 0.004040355
-   t3*  0.26246071 0.02034770 0.007139486
+   t3*  0.26333647 0.01947195 0.007139486
-   t4*  0.27147808 0.45352064 0.291583054
+   t4*  0.20961537 0.51538335 0.291583054
-   t5*  0.21675070 0.02420063 0.008380500
+   t5*  0.21781032 0.02314101 0.008380500
-   t6*  0.04698086 0.01114340 0.004040355
+   t6*  0.04744133 0.01068293 0.004040355
    
    $boot_res_AC
    $boot_res_AC$est
-   [1] 1.311902
+   [1] 1.233204
    
    $boot_res_AC$se
    [1] NA
    
    $boot_res_AC$ci_l
-   [1] 0.4706998
+   [1] 0.4159209
    
    $boot_res_AC$ci_u
-   [1] 1.476168
+   [1] 1.304375
    
    $boot_res_AC$pval
    [1] NA

      old                    | new                         
[135]                        |                        [135]
[136]   $boot_res_AB_mc      |   $boot_res_AB_mc      [136]
[137]   $boot_res_AB_mc$est  |   $boot_res_AB_mc$est  [137]
[138]   [1] 0.500127         -   [1] 0.4701253        [138]
[139]                        |                        [139]
[140]   $boot_res_AB_mc$se   |   $boot_res_AB_mc$se   [140]
[141]   [1] NA               |   [1] NA               [141]
[142]                        |                        [142]
[143]   $boot_res_AB_mc$ci_l |   $boot_res_AB_mc$ci_l [143]
[144]   [1] 0.1652744        -   [1] 0.1460402        [144]
[145]                        |                        [145]
[146]   $boot_res_AB_mc$ci_u |   $boot_res_AB_mc$ci_u [146]
[147]   [1] 0.4564577        -   [1] 0.4033363        [147]
[148]                        |                        [148]
[149]   $boot_res_AB_mc$pval |   $boot_res_AB_mc$pval [149]
[150]   [1] NA               |   [1] NA               [150]

      old                 | new                      
[152]                     |                     [152]
[153]   $boot_res_AB      |   $boot_res_AB      [153]
[154]   $boot_res_AB$est  |   $boot_res_AB$est  [154]
[155]   [1] 0.5622438     -   [1] 0.5285158     [155]
[156]                     |                     [156]
[157]   $boot_res_AB$se   |   $boot_res_AB$se   [157]
[158]   [1] NA            |   [1] NA            [158]
[159]                     |                     [159]
[160]   $boot_res_AB$ci_l |   $boot_res_AB$ci_l [160]
[161]   [1] 0.2962009     -   [1] 0.2784324     [161]
[162]                     |                     [162]
[163]   $boot_res_AB$ci_u |   $boot_res_AB$ci_u [163]
[164]   [1] 1.067242      -   [1] 1.00322       [164]
[165]                     |                     [165]
[166]   $boot_res_AB$pval |   $boot_res_AB$pval [166]
[167]   [1] NA            |   [1] NA            [167]

* Run `testthat::snapshot_accept('maic_anchored')` to accept the change.
* Run `testthat::snapshot_review('maic_anchored')` to interactively review the change.</failure>
    </testcase>
  </testsuite>
  <testsuite name="maic_unanchored" timestamp="2025-02-14T08:53:53Z" hostname="c47f63f20657" tests="19" skipped="0" failures="1" errors="0" time="3.426">
    <testcase time="0.202" classname="maic_unanchored" name="test_binary_case"/>
    <testcase time="0.028" classname="maic_unanchored" name="test_binary_case"/>
    <testcase time="0.0249999999999999" classname="maic_unanchored" name="test_binary_case"/>
    <testcase time="0.0249999999999999" classname="maic_unanchored" name="test_binary_case"/>
    <testcase time="0.0249999999999999" classname="maic_unanchored" name="test_binary_case"/>
    <testcase time="0.024" classname="maic_unanchored" name="test_binary_case"/>
    <testcase time="0.0250000000000004" classname="maic_unanchored" name="test_binary_case"/>
    <testcase time="0.0269999999999997" classname="maic_unanchored" name="test_binary_case"/>
    <testcase time="0.024" classname="maic_unanchored" name="test_binary_case"/>
    <testcase time="0.0230000000000001" classname="maic_unanchored" name="test_binary_case"/>
    <testcase time="0.0329999999999999" classname="maic_unanchored" name="test_binary_case">
      <failure type="failure" message="Snapshot of code has changed: ('test-maic_unanchored.R:113:3')">Snapshot of code has changed:
old[72:78] vs new[72:78]
    
    Bootstrap Statistics :
           original        bias     std. error
-   t1* 0.023351847  1.366708e-02 0.0538052765
+   t1* 0.023351847  1.366708e-02 0.0538052764
    t2* 0.003055105 -4.315049e-05 0.0003823512
    
    $boot_res_AB

* Run `testthat::snapshot_accept('maic_unanchored')` to accept the change.
* Run `testthat::snapshot_review('maic_unanchored')` to interactively review the change.</failure>
    </testcase>
    <testcase time="0.0329999999999999" classname="maic_unanchored" name="test_binary_case"/>
    <testcase time="0.0289999999999999" classname="maic_unanchored" name="check_if_match_properly"/>
    <testcase time="2.777" classname="maic_unanchored" name="test_time_to_event_case"/>
    <testcase time="0.0229999999999997" classname="maic_unanchored" name="test_time_to_event_case"/>
    <testcase time="0.0250000000000004" classname="maic_unanchored" name="test_time_to_event_case"/>
    <testcase time="0.024" classname="maic_unanchored" name="test_time_to_event_case"/>
    <testcase time="0.024" classname="maic_unanchored" name="test_time_to_event_case"/>
    <testcase time="0.0299999999999994" classname="maic_unanchored" name="test_time_to_event_case"/>
  </testsuite>
  <testsuite name="matching" timestamp="2025-02-14T08:53:56Z" hostname="c47f63f20657" tests="51" skipped="0" failures="0" errors="0" time="1.028">
    <testcase time="0.0100000000000007" classname="matching" name="ess_footnote_text_works"/>
    <testcase time="0.00699999999999967" classname="matching" name="calculate_weights_legend_works"/>
    <testcase time="0.00600000000000023" classname="matching" name="optimise_weights_works_as_expected"/>
    <testcase time="0.00299999999999923" classname="matching" name="optimise_weights_works_as_expected"/>
    <testcase time="0.00300000000000011" classname="matching" name="optimise_weights_works_as_expected"/>
    <testcase time="0.0129999999999999" classname="matching" name="estimate_weights_fails_as_expected_with_invalid_input"/>
    <testcase time="0.00400000000000045" classname="matching" name="estimate_weights_fails_as_expected_with_invalid_input"/>
    <testcase time="0.00399999999999956" classname="matching" name="estimate_weights_fails_as_expected_with_invalid_input"/>
    <testcase time="0.0110000000000001" classname="matching" name="estimate_weights_works_as_expected"/>
    <testcase time="0.00100000000000033" classname="matching" name="estimate_weights_works_as_expected"/>
    <testcase time="0.00300000000000011" classname="matching" name="estimate_weights_works_as_expected"/>
    <testcase time="0.00300000000000011" classname="matching" name="estimate_weights_works_as_expected"/>
    <testcase time="0.00300000000000011" classname="matching" name="estimate_weights_works_as_expected"/>
    <testcase time="0.00199999999999978" classname="matching" name="estimate_weights_works_as_expected"/>
    <testcase time="0.016" classname="matching" name="estimate_weights_works_as_expected_with_bootstrapping"/>
    <testcase time="0.000999999999999446" classname="matching" name="estimate_weights_works_as_expected_with_bootstrapping"/>
    <testcase time="0.00300000000000011" classname="matching" name="estimate_weights_works_as_expected_with_bootstrapping"/>
    <testcase time="0.00300000000000011" classname="matching" name="estimate_weights_works_as_expected_with_bootstrapping"/>
    <testcase time="0.00300000000000011" classname="matching" name="estimate_weights_works_as_expected_with_bootstrapping"/>
    <testcase time="0.00300000000000011" classname="matching" name="estimate_weights_works_as_expected_with_bootstrapping"/>
    <testcase time="0.00300000000000011" classname="matching" name="estimate_weights_works_as_expected_with_bootstrapping"/>
    <testcase time="0.0149999999999997" classname="matching" name="estimate_weights_works_as_expected_with_alternative_bootstrap_strata"/>
    <testcase time="0.00100000000000033" classname="matching" name="estimate_weights_works_as_expected_with_alternative_bootstrap_strata"/>
    <testcase time="0.00399999999999956" classname="matching" name="estimate_weights_works_as_expected_with_alternative_bootstrap_strata"/>
    <testcase time="0.00400000000000045" classname="matching" name="estimate_weights_works_as_expected_with_alternative_bootstrap_strata"/>
    <testcase time="0.0939999999999994" classname="matching" name="estimate_weights_works_when_the_input_is_a_tibble"/>
    <testcase time="0.00200000000000067" classname="matching" name="estimate_weights_works_when_the_input_is_a_tibble"/>
    <testcase time="0.00300000000000011" classname="matching" name="estimate_weights_works_when_the_input_is_a_tibble"/>
    <testcase time="0.00299999999999923" classname="matching" name="estimate_weights_works_when_the_input_is_a_tibble"/>
    <testcase time="0.00300000000000011" classname="matching" name="estimate_weights_works_when_the_input_is_a_tibble"/>
    <testcase time="0.00300000000000011" classname="matching" name="estimate_weights_works_when_the_input_is_a_tibble"/>
    <testcase time="0.0120000000000005" classname="matching" name="estimate_weights_prints_errors_about_convergence"/>
    <testcase time="0.00599999999999934" classname="matching" name="estimate_weights_prints_errors_about_convergence"/>
    <testcase time="0.0230000000000006" classname="matching" name="plot_weights_base_works_as_expected"/>
    <testcase time="0.0110000000000001" classname="matching" name="plot_weights_base_works_as_expected"/>
    <testcase time="0.164" classname="matching" name="plot_weights_ggplot_works_as_expected"/>
    <testcase time="0.0270000000000001" classname="matching" name="plot_weights_ggplot_works_as_expected"/>
    <testcase time="0.0289999999999999" classname="matching" name="plot_weights_ggplot_works_as_expected"/>
    <testcase time="0.219" classname="matching" name="plot_weights_ggplot_works_as_expected"/>
    <testcase time="0.0189999999999992" classname="matching" name="default_plot_works_as_expected"/>
    <testcase time="0.0210000000000008" classname="matching" name="default_plot_works_as_expected"/>
    <testcase time="0.0199999999999996" classname="matching" name="default_plot_works_as_expected"/>
    <testcase time="0.0250000000000004" classname="matching" name="default_plot_works_as_expected"/>
    <testcase time="0.154" classname="matching" name="default_plot_works_as_expected"/>
    <testcase time="0.016" classname="matching" name="check_weights_works_as_expected"/>
    <testcase time="0.000999999999999446" classname="matching" name="check_weights_works_as_expected"/>
    <testcase time="0.00200000000000067" classname="matching" name="check_weights_works_as_expected"/>
    <testcase time="0.00699999999999967" classname="matching" name="check_weights_works_as_expected"/>
    <testcase time="0.00300000000000011" classname="matching" name="check_weights_works_as_expected"/>
    <testcase time="0.00199999999999978" classname="matching" name="check_weights_works_as_expected"/>
    <testcase time="0.0300000000000002" classname="matching" name="weighted_median_is_correct"/>
  </testsuite>
  <testsuite name="plot_km" timestamp="2025-02-14T08:53:57Z" hostname="c47f63f20657" tests="18" skipped="0" failures="0" errors="0" time="1.038">
    <testcase time="0.0419999999999998" classname="plot_km" name="kmplot_works_by_trial"/>
    <testcase time="0.0469999999999997" classname="plot_km" name="kmplot_works_by_trial"/>
    <testcase time="0.0470000000000006" classname="plot_km" name="kmplot_works_all"/>
    <testcase time="0.0619999999999994" classname="plot_km" name="kmplot_works_all"/>
    <testcase time="0.0540000000000003" classname="plot_km" name="kmplot_normalize_weights_works"/>
    <testcase time="0.0570000000000004" classname="plot_km" name="kmplot_normalize_weights_works"/>
    <testcase time="0.0539999999999994" classname="plot_km" name="kmplot_works_by_arm"/>
    <testcase time="0.0460000000000003" classname="plot_km" name="kmplot_works_by_arm"/>
    <testcase time="0.16" classname="plot_km" name="ph_diagplot_works_for_anchored_data"/>
    <testcase time="0.132" classname="plot_km" name="ph_diagplot_works_for_anchored_data"/>
    <testcase time="0.106" classname="plot_km" name="ph_diagplot_works_for_unanchored_data"/>
    <testcase time="0.123000000000001" classname="plot_km" name="ph_diagplot_works_for_unanchored_data"/>
    <testcase time="0.0339999999999989" classname="plot_km" name="ph_diagplot_lch_works_without_error"/>
    <testcase time="0.00300000000000011" classname="plot_km" name="ph_diagplot_lch_works_without_error"/>
    <testcase time="0.016" classname="plot_km" name="ph_diagplot_lch_works_without_error"/>
    <testcase time="0.0280000000000005" classname="plot_km" name="ph_diagplot_schoenfeld_works_without_error"/>
    <testcase time="0.00300000000000011" classname="plot_km" name="ph_diagplot_schoenfeld_works_without_error"/>
    <testcase time="0.0239999999999991" classname="plot_km" name="ph_diagplot_schoenfeld_works_without_error"/>
  </testsuite>
  <testsuite name="plot_km2" timestamp="2025-02-14T08:53:58Z" hostname="c47f63f20657" tests="4" skipped="0" failures="0" errors="0" time="5.244">
    <testcase time="1.506" classname="plot_km2" name="kmplot2_works"/>
    <testcase time="1.091" classname="plot_km2" name="kmplot2_works"/>
    <testcase time="1.206" classname="plot_km2" name="kmplot2_works"/>
    <testcase time="1.441" classname="plot_km2" name="kmplot2_works"/>
  </testsuite>
  <testsuite name="process_data" timestamp="2025-02-14T08:54:04Z" hostname="c47f63f20657" tests="10" skipped="0" failures="0" errors="0" time="0.06">
    <testcase time="0.0240000000000009" classname="process_data" name="process_agd_works"/>
    <testcase time="0.00499999999999901" classname="process_data" name="process_agd_works"/>
    <testcase time="0.00300000000000011" classname="process_data" name="process_agd_works"/>
    <testcase time="0.00500000000000078" classname="process_data" name="dummize_ipd_works_as_expected"/>
    <testcase time="0.00200000000000067" classname="process_data" name="dummize_ipd_works_as_expected"/>
    <testcase time="0.00199999999999889" classname="process_data" name="dummize_ipd_works_as_expected"/>
    <testcase time="0.00300000000000011" classname="process_data" name="dummize_ipd_works_as_expected"/>
    <testcase time="0.011000000000001" classname="process_data" name="complete_agd_works_as_expected"/>
    <testcase time="0.00199999999999889" classname="process_data" name="complete_agd_works_as_expected"/>
    <testcase time="0.00300000000000011" classname="process_data" name="complete_agd_works_as_expected"/>
  </testsuite>
  <testsuite name="time-helper" timestamp="2025-02-14T08:54:04Z" hostname="c47f63f20657" tests="10" skipped="0" failures="0" errors="0" time="0.035">
    <testcase time="0.00699999999999967" classname="time_helper" name="setting_time_factors_works"/>
    <testcase time="0.00300000000000011" classname="time_helper" name="setting_time_factors_works"/>
    <testcase time="0.00300000000000011" classname="time_helper" name="setting_time_factors_works"/>
    <testcase time="0.00300000000000011" classname="time_helper" name="setting_time_factors_works"/>
    <testcase time="0.000999999999999446" classname="time_helper" name="setting_time_factors_works"/>
    <testcase time="0.00300000000000011" classname="time_helper" name="setting_time_factors_works"/>
    <testcase time="0.00300000000000011" classname="time_helper" name="setting_time_factors_works"/>
    <testcase time="0.00300000000000011" classname="time_helper" name="setting_time_factors_works"/>
    <testcase time="0.00500000000000078" classname="time_helper" name="setting_time_factors_works"/>
    <testcase time="0.00399999999999956" classname="time_helper" name="setting_time_factors_works"/>
  </testsuite>
  <testsuite name="utils" timestamp="2025-02-14T08:54:04Z" hostname="c47f63f20657" tests="5" skipped="0" failures="1" errors="0" time="0.047">
    <testcase time="0.0169999999999995" classname="utils" name="errors_occur">
      <failure type="failure" message="FALSE is not TRUE ('test-utils.R:2:3')">FALSE is not TRUE

`actual`:   FALSE
`expected`: TRUE </failure>
    </testcase>
    <testcase time="0.0140000000000011" classname="utils" name="set_random_seed_works"/>
    <testcase time="0.00199999999999889" classname="utils" name="set_random_seed_works"/>
    <testcase time="0.00600000000000023" classname="utils" name="transform_ratio_works_as_expected"/>
    <testcase time="0.0080000000000009" classname="utils" name="transform_absolute_works_as_expected"/>
  </testsuite>
</testsuites>
