<?xml version="1.0" encoding="UTF-8"?>
<testsuites>
  <testsuite name="bucher" timestamp="2024-05-28T08:41:14Z" hostname="d29db642b936" tests="3" skipped="0" failures="0" errors="0" time="0.063">
    <testcase time="0.01" classname="bucher" name="bucher_works_as_expected"/>
    <testcase time="0.04" classname="bucher" name="find_SE_from_CI_works_as_expected"/>
    <testcase time="0.0129999999999999" classname="bucher" name="bucher_print_works_as_expected"/>
  </testsuite>
  <testsuite name="get_pseudo_ipd_binary" timestamp="2024-05-28T08:41:14Z" hostname="d29db642b936" tests="2" skipped="0" failures="0" errors="0" time="0.022">
    <testcase time="0.0170000000000001" classname="get_pseudo_ipd_binary" name="generate_pseudo_binary_IPD_given_unstacked_table_as_input"/>
    <testcase time="0.00499999999999989" classname="get_pseudo_ipd_binary" name="generate_pseudo_binary_IPD_given_stacked_table_as_input"/>
  </testsuite>
  <testsuite name="maic_anchored" timestamp="2024-05-28T08:41:14Z" hostname="d29db642b936" tests="10" skipped="0" failures="0" errors="0" time="1.178">
    <testcase time="0.915" classname="maic_anchored" name="maic_unanchored_works_for_TTE_using_robust_SE"/>
    <testcase time="0.00200000000000022" classname="maic_anchored" name="maic_unanchored_works_for_TTE_using_robust_SE"/>
    <testcase time="0.00199999999999978" classname="maic_anchored" name="maic_unanchored_works_for_TTE_using_robust_SE"/>
    <testcase time="0.00099999999999989" classname="maic_anchored" name="maic_unanchored_works_for_TTE_using_robust_SE"/>
    <testcase time="0.00100000000000033" classname="maic_anchored" name="maic_unanchored_works_for_TTE_using_robust_SE"/>
    <testcase time="0.00099999999999989" classname="maic_anchored" name="maic_unanchored_works_for_TTE_using_robust_SE"/>
    <testcase time="0.252" classname="maic_anchored" name="maic_unanchored_works_for_TTE_using_bootstrap_SE"/>
    <testcase time="0.00100000000000033" classname="maic_anchored" name="maic_unanchored_works_for_TTE_using_bootstrap_SE"/>
    <testcase time="0.00099999999999989" classname="maic_anchored" name="maic_unanchored_works_for_TTE_using_bootstrap_SE"/>
    <testcase time="0.00199999999999978" classname="maic_anchored" name="maic_unanchored_works_for_TTE_using_bootstrap_SE"/>
  </testsuite>
  <testsuite name="maic_unanchored" timestamp="2024-05-28T08:41:15Z" hostname="d29db642b936" tests="8" skipped="0" failures="0" errors="0" time="3.024">
    <testcase time="0.291" classname="maic_unanchored" name="test_binary_case"/>
    <testcase time="0.0189999999999997" classname="maic_unanchored" name="test_binary_case"/>
    <testcase time="0.00100000000000033" classname="maic_unanchored" name="test_binary_case"/>
    <testcase time="0.0189999999999997" classname="maic_unanchored" name="test_binary_case"/>
    <testcase time="2.682" classname="maic_unanchored" name="test_time_to_event_case"/>
    <testcase time="0.00499999999999989" classname="maic_unanchored" name="test_time_to_event_case"/>
    <testcase time="0.00300000000000011" classname="maic_unanchored" name="test_time_to_event_case"/>
    <testcase time="0.00400000000000045" classname="maic_unanchored" name="test_time_to_event_case"/>
  </testsuite>
  <testsuite name="matching" timestamp="2024-05-28T08:41:18Z" hostname="d29db642b936" tests="26" skipped="0" failures="0" errors="0" time="0.084">
    <testcase time="0.00599999999999934" classname="matching" name="ess_footnote_text_works"/>
    <testcase time="0.00500000000000078" classname="matching" name="calculate_weights_legend_works"/>
    <testcase time="0.00499999999999989" classname="matching" name="optimise_weights_works_as_expected"/>
    <testcase time="0.000999999999999446" classname="matching" name="optimise_weights_works_as_expected"/>
    <testcase time="0.00100000000000033" classname="matching" name="optimise_weights_works_as_expected"/>
    <testcase time="0.00900000000000034" classname="matching" name="estimate_weights_works_as_expected"/>
    <testcase time="0.000999999999999446" classname="matching" name="estimate_weights_works_as_expected"/>
    <testcase time="0.00100000000000033" classname="matching" name="estimate_weights_works_as_expected"/>
    <testcase time="0.000999999999999446" classname="matching" name="estimate_weights_works_as_expected"/>
    <testcase time="0.00200000000000067" classname="matching" name="estimate_weights_works_as_expected"/>
    <testcase time="0.00199999999999978" classname="matching" name="estimate_weights_works_as_expected"/>
    <testcase time="0.0119999999999996" classname="matching" name="estimate_weights_works_as_expected_with_bootstrapping"/>
    <testcase time="0.00100000000000033" classname="matching" name="estimate_weights_works_as_expected_with_bootstrapping"/>
    <testcase time="0.00100000000000033" classname="matching" name="estimate_weights_works_as_expected_with_bootstrapping"/>
    <testcase time="0.00199999999999978" classname="matching" name="estimate_weights_works_as_expected_with_bootstrapping"/>
    <testcase time="0.00100000000000033" classname="matching" name="estimate_weights_works_as_expected_with_bootstrapping"/>
    <testcase time="0.000999999999999446" classname="matching" name="estimate_weights_works_as_expected_with_bootstrapping"/>
    <testcase time="0.00100000000000033" classname="matching" name="estimate_weights_works_as_expected_with_bootstrapping"/>
    <testcase time="0.0119999999999996" classname="matching" name="estimate_weights_works_when_the_input_is_a_tibble"/>
    <testcase time="0.00100000000000033" classname="matching" name="estimate_weights_works_when_the_input_is_a_tibble"/>
    <testcase time="0.00100000000000033" classname="matching" name="estimate_weights_works_when_the_input_is_a_tibble"/>
    <testcase time="0.000999999999999446" classname="matching" name="estimate_weights_works_when_the_input_is_a_tibble"/>
    <testcase time="0.00100000000000033" classname="matching" name="estimate_weights_works_when_the_input_is_a_tibble"/>
    <testcase time="0.00300000000000011" classname="matching" name="estimate_weights_works_when_the_input_is_a_tibble"/>
    <testcase time="0.00699999999999967" classname="matching" name="estimate_weights_prints_errors_about_convergence"/>
    <testcase time="0.00499999999999989" classname="matching" name="estimate_weights_prints_errors_about_convergence"/>
  </testsuite>
  <testsuite name="plot_km" timestamp="2024-05-28T08:41:18Z" hostname="d29db642b936" tests="3" skipped="0" failures="0" errors="0" time="0.078">
    <testcase time="0.04" classname="plot_km" name="ph_diagplot_lch_works_without_error"/>
    <testcase time="0.0350000000000001" classname="plot_km" name="ph_diagplot_schoenfeld_works_without_error"/>
    <testcase time="0.00300000000000011" classname="plot_km" name="ph_diagplot_schoenfeld_works_without_error"/>
  </testsuite>
</testsuites>
