<?xml version="1.0" encoding="UTF-8"?>
<testsuites>
  <testsuite name="bucher" timestamp="2023-09-01T12:00:39Z" hostname="26f0255772e5" tests="1" skipped="0" failures="0" errors="0" time="0.012">
    <testcase time="0.0119999999999998" classname="bucher" name="bucher_works_as_expected"/>
  </testsuite>
  <testsuite name="matching" timestamp="2023-09-01T12:00:39Z" hostname="26f0255772e5" tests="2" skipped="0" failures="0" errors="0" time="0.072">
    <testcase time="0.054" classname="matching" name="ess_footnote_text_works"/>
    <testcase time="0.018" classname="matching" name="calculate_weights_legend_works"/>
  </testsuite>
</testsuites>
