<?xml version="1.0" encoding="UTF-8"?>
<testsuites>
  <testsuite name="bucher" timestamp="2023-08-18T06:47:42Z" hostname="26f5ec39a9c8" tests="1" skipped="0" failures="0" errors="0" time="0.142">
    <testcase time="0.142" classname="bucher" name="bucher_works_as_expected"/>
  </testsuite>
  <testsuite name="matching" timestamp="2023-08-18T06:47:42Z" hostname="26f5ec39a9c8" tests="1" skipped="0" failures="0" errors="0" time="0.083">
    <testcase time="0.083" classname="matching" name="ess_footnote_text_works"/>
  </testsuite>
</testsuites>
