<?xml version="1.0" encoding="UTF-8"?>
<testsuites>
  <testsuite name="bucher" timestamp="2023-09-01T12:10:56Z" hostname="4a0dd4080781" tests="1" skipped="0" failures="0" errors="0" time="0.011">
    <testcase time="0.0109999999999999" classname="bucher" name="bucher_works_as_expected"/>
  </testsuite>
  <testsuite name="matching" timestamp="2023-09-01T12:10:56Z" hostname="4a0dd4080781" tests="2" skipped="0" failures="0" errors="0" time="0.065">
    <testcase time="0.0489999999999999" classname="matching" name="ess_footnote_text_works"/>
    <testcase time="0.016" classname="matching" name="calculate_weights_legend_works"/>
  </testsuite>
</testsuites>
