<?xml version="1.0" encoding="UTF-8"?>
<testsuites>
  <testsuite name="bucher" timestamp="2024-02-16T16:05:18Z" hostname="03c5e0bbb1e9" tests="1" skipped="0" failures="0" errors="1" time="0.015">
    <testcase time="0.0150000000000001" classname="bucher" name="bucher_works_as_expected">
      <error type="error" message="Error in `names(RR_CI) &lt;- c(&quot;lower&quot;, &quot;upper&quot;)`: 'names' attribute [2] must be the same length as the vector [0] ('test-bucher.R:2:3')">Error in `names(RR_CI) &lt;- c("lower", "upper")`: 'names' attribute [2] must be the same length as the vector [0]
Backtrace:
    ▆
 1. └─maicplus::bucher(...) at test-bucher.R:2:3</error>
    </testcase>
  </testsuite>
  <testsuite name="matching" timestamp="2024-02-16T16:05:18Z" hostname="03c5e0bbb1e9" tests="18" skipped="0" failures="0" errors="0" time="0.16">
    <testcase time="0.099" classname="matching" name="ess_footnote_text_works"/>
    <testcase time="0.0129999999999999" classname="matching" name="calculate_weights_legend_works"/>
    <testcase time="0.00600000000000001" classname="matching" name="optimise_weights_works_as_expected"/>
    <testcase time="0.002" classname="matching" name="optimise_weights_works_as_expected"/>
    <testcase time="0.00100000000000011" classname="matching" name="optimise_weights_works_as_expected"/>
    <testcase time="0.01" classname="matching" name="estimate_weights_works_as_expected"/>
    <testcase time="0.002" classname="matching" name="estimate_weights_works_as_expected"/>
    <testcase time="0.00099999999999989" classname="matching" name="estimate_weights_works_as_expected"/>
    <testcase time="0.00100000000000011" classname="matching" name="estimate_weights_works_as_expected"/>
    <testcase time="0.00099999999999989" classname="matching" name="estimate_weights_works_as_expected"/>
    <testcase time="0.00300000000000011" classname="matching" name="estimate_weights_works_as_expected"/>
    <testcase time="0.0129999999999999" classname="matching" name="estimate_weights_works_as_expected_with_bootstrapping"/>
    <testcase time="0.00099999999999989" classname="matching" name="estimate_weights_works_as_expected_with_bootstrapping"/>
    <testcase time="0.002" classname="matching" name="estimate_weights_works_as_expected_with_bootstrapping"/>
    <testcase time="0.00100000000000011" classname="matching" name="estimate_weights_works_as_expected_with_bootstrapping"/>
    <testcase time="0.00099999999999989" classname="matching" name="estimate_weights_works_as_expected_with_bootstrapping"/>
    <testcase time="0.00100000000000011" classname="matching" name="estimate_weights_works_as_expected_with_bootstrapping"/>
    <testcase time="0.002" classname="matching" name="estimate_weights_works_as_expected_with_bootstrapping"/>
  </testsuite>
</testsuites>
