<?xml version="1.0" encoding="UTF-8"?>
<testsuites>
  <testsuite name="bucher" timestamp="2023-08-15T16:07:15Z" hostname="c2236e37fae1" tests="1" skipped="0" failures="0" errors="0" time="0.016">
    <testcase time="0.016" classname="bucher" name="bucher_works_as_expected"/>
  </testsuite>
</testsuites>
