<?xml version="1.0" encoding="UTF-8"?>
<testsuites>
  <testsuite name="bucher" timestamp="2023-08-18T11:22:19Z" hostname="76596bd0fc67" tests="1" skipped="0" failures="0" errors="0" time="0.015">
    <testcase time="0.0150000000000001" classname="bucher" name="bucher_works_as_expected"/>
  </testsuite>
  <testsuite name="matching" timestamp="2023-08-18T11:22:19Z" hostname="76596bd0fc67" tests="1" skipped="0" failures="0" errors="0" time="0.075">
    <testcase time="0.0749999999999997" classname="matching" name="ess_footnote_text_works"/>
  </testsuite>
</testsuites>
