<?xml version="1.0" encoding="UTF-8"?>
<testsuites>
  <testsuite name="bucher" timestamp="2024-05-31T07:58:28Z" hostname="3db9e0c64719" tests="4" skipped="0" failures="1" errors="0" time="0.077">
    <testcase time="0.01" classname="bucher" name="bucher_works_as_expected"/>
    <testcase time="0.0429999999999999" classname="bucher" name="find_SE_from_CI_works_as_expected"/>
    <testcase time="0.014" classname="bucher" name="bucher_print_works_as_expected"/>
    <testcase time="0.01" classname="bucher" name="bucher_works_when_difference_in_trt_effects_is_positive">
      <failure type="failure" message="`result` not equal to `expected`. ('test-bucher.R:54:3')">`result` not equal to `expected`.
Attributes: &lt; names for target but not for current &gt;
Attributes: &lt; Length mismatch: comparison on first 0 components &gt;
Component "se": Mean relative difference: 0.2155355
Component "ci_l": Mean relative difference: 28.86361
Component "ci_u": Mean relative difference: 1.136449
Component "pval": Mean relative difference: 0.680807</failure>
    </testcase>
  </testsuite>
  <testsuite name="get_pseudo_ipd_binary" timestamp="2024-05-31T07:58:28Z" hostname="3db9e0c64719" tests="2" skipped="0" failures="0" errors="0" time="0.051">
    <testcase time="0.046" classname="get_pseudo_ipd_binary" name="generate_pseudo_binary_IPD_given_unstacked_table_as_input"/>
    <testcase time="0.00499999999999989" classname="get_pseudo_ipd_binary" name="generate_pseudo_binary_IPD_given_stacked_table_as_input"/>
  </testsuite>
  <testsuite name="maic_anchored" timestamp="2024-05-31T07:58:28Z" hostname="3db9e0c64719" tests="10" skipped="0" failures="0" errors="0" time="1.239">
    <testcase time="0.957" classname="maic_anchored" name="maic_unanchored_works_for_TTE_using_robust_SE"/>
    <testcase time="0.00199999999999978" classname="maic_anchored" name="maic_unanchored_works_for_TTE_using_robust_SE"/>
    <testcase time="0.00200000000000022" classname="maic_anchored" name="maic_unanchored_works_for_TTE_using_robust_SE"/>
    <testcase time="0.00099999999999989" classname="maic_anchored" name="maic_unanchored_works_for_TTE_using_robust_SE"/>
    <testcase time="0.00099999999999989" classname="maic_anchored" name="maic_unanchored_works_for_TTE_using_robust_SE"/>
    <testcase time="0.00100000000000033" classname="maic_anchored" name="maic_unanchored_works_for_TTE_using_robust_SE"/>
    <testcase time="0.27" classname="maic_anchored" name="maic_unanchored_works_for_TTE_using_bootstrap_SE"/>
    <testcase time="0.00199999999999978" classname="maic_anchored" name="maic_unanchored_works_for_TTE_using_bootstrap_SE"/>
    <testcase time="0.00099999999999989" classname="maic_anchored" name="maic_unanchored_works_for_TTE_using_bootstrap_SE"/>
    <testcase time="0.00200000000000022" classname="maic_anchored" name="maic_unanchored_works_for_TTE_using_bootstrap_SE"/>
  </testsuite>
  <testsuite name="maic_unanchored" timestamp="2024-05-31T07:58:30Z" hostname="3db9e0c64719" tests="8" skipped="0" failures="0" errors="0" time="3.126">
    <testcase time="0.311" classname="maic_unanchored" name="test_binary_case"/>
    <testcase time="0.02" classname="maic_unanchored" name="test_binary_case"/>
    <testcase time="0.00099999999999989" classname="maic_unanchored" name="test_binary_case"/>
    <testcase time="0.0190000000000001" classname="maic_unanchored" name="test_binary_case"/>
    <testcase time="2.763" classname="maic_unanchored" name="test_time_to_event_case"/>
    <testcase time="0.00499999999999989" classname="maic_unanchored" name="test_time_to_event_case"/>
    <testcase time="0.00199999999999978" classname="maic_unanchored" name="test_time_to_event_case"/>
    <testcase time="0.00499999999999989" classname="maic_unanchored" name="test_time_to_event_case"/>
  </testsuite>
  <testsuite name="matching" timestamp="2024-05-31T07:58:33Z" hostname="3db9e0c64719" tests="24" skipped="0" failures="0" errors="0" time="0.081">
    <testcase time="0.00600000000000023" classname="matching" name="ess_footnote_text_works"/>
    <testcase time="0.00499999999999989" classname="matching" name="calculate_weights_legend_works"/>
    <testcase time="0.00999999999999979" classname="matching" name="optimise_weights_works_as_expected"/>
    <testcase time="0.00200000000000067" classname="matching" name="optimise_weights_works_as_expected"/>
    <testcase time="0.000999999999999446" classname="matching" name="optimise_weights_works_as_expected"/>
    <testcase time="0.00900000000000034" classname="matching" name="estimate_weights_works_as_expected"/>
    <testcase time="0.00199999999999978" classname="matching" name="estimate_weights_works_as_expected"/>
    <testcase time="0.00100000000000033" classname="matching" name="estimate_weights_works_as_expected"/>
    <testcase time="0.000999999999999446" classname="matching" name="estimate_weights_works_as_expected"/>
    <testcase time="0.00100000000000033" classname="matching" name="estimate_weights_works_as_expected"/>
    <testcase time="0.00300000000000011" classname="matching" name="estimate_weights_works_as_expected"/>
    <testcase time="0.0129999999999999" classname="matching" name="estimate_weights_works_as_expected_with_bootstrapping"/>
    <testcase time="0.000999999999999446" classname="matching" name="estimate_weights_works_as_expected_with_bootstrapping"/>
    <testcase time="0.00100000000000033" classname="matching" name="estimate_weights_works_as_expected_with_bootstrapping"/>
    <testcase time="0.00100000000000033" classname="matching" name="estimate_weights_works_as_expected_with_bootstrapping"/>
    <testcase time="0.00199999999999978" classname="matching" name="estimate_weights_works_as_expected_with_bootstrapping"/>
    <testcase time="0.00100000000000033" classname="matching" name="estimate_weights_works_as_expected_with_bootstrapping"/>
    <testcase time="0.000999999999999446" classname="matching" name="estimate_weights_works_as_expected_with_bootstrapping"/>
    <testcase time="0.0120000000000005" classname="matching" name="estimate_weights_works_when_the_input_is_a_tibble"/>
    <testcase time="0.00199999999999978" classname="matching" name="estimate_weights_works_when_the_input_is_a_tibble"/>
    <testcase time="0.00100000000000033" classname="matching" name="estimate_weights_works_when_the_input_is_a_tibble"/>
    <testcase time="0.000999999999999446" classname="matching" name="estimate_weights_works_when_the_input_is_a_tibble"/>
    <testcase time="0.00100000000000033" classname="matching" name="estimate_weights_works_when_the_input_is_a_tibble"/>
    <testcase time="0.00300000000000011" classname="matching" name="estimate_weights_works_when_the_input_is_a_tibble"/>
  </testsuite>
  <testsuite name="plot_km" timestamp="2024-05-31T07:58:33Z" hostname="3db9e0c64719" tests="3" skipped="0" failures="0" errors="0" time="0.075">
    <testcase time="0.0419999999999998" classname="plot_km" name="ph_diagplot_lch_works_without_error"/>
    <testcase time="0.0300000000000002" classname="plot_km" name="ph_diagplot_schoenfeld_works_without_error"/>
    <testcase time="0.00300000000000011" classname="plot_km" name="ph_diagplot_schoenfeld_works_without_error"/>
  </testsuite>
</testsuites>
