<?xml version="1.0" encoding="UTF-8"?>
<testsuites>
  <testsuite name="bucher" timestamp="2023-08-22T08:52:33Z" hostname="f47271690cf9" tests="1" skipped="0" failures="0" errors="0" time="0.01">
    <testcase time="0.01" classname="bucher" name="bucher_works_as_expected"/>
  </testsuite>
  <testsuite name="matching" timestamp="2023-08-22T08:52:33Z" hostname="f47271690cf9" tests="1" skipped="0" failures="0" errors="0" time="0.049">
    <testcase time="0.0489999999999999" classname="matching" name="ess_footnote_text_works"/>
  </testsuite>
</testsuites>
