<?xml version="1.0" encoding="UTF-8"?>
<testsuites>
  <testsuite name="bucher" timestamp="2024-06-28T07:18:10Z" hostname="8bd67e65892a" tests="9" skipped="0" failures="0" errors="0" time="0.099">
    <testcase time="0.01" classname="bucher" name="bucher_works_as_expected"/>
    <testcase time="0.0409999999999999" classname="bucher" name="bucher_works_when_difference_in_trt_effects_is_positive"/>
    <testcase time="0.018" classname="bucher" name="bucher_errors_on_bad_input"/>
    <testcase time="0.00499999999999989" classname="bucher" name="bucher_errors_on_bad_input"/>
    <testcase time="0.00600000000000001" classname="bucher" name="bucher_errors_on_bad_input"/>
    <testcase time="0.00500000000000012" classname="bucher" name="bucher_errors_on_bad_input"/>
    <testcase time="0.00499999999999989" classname="bucher" name="bucher_errors_on_bad_input"/>
    <testcase time="0.004" classname="bucher" name="find_SE_from_CI_works_as_expected"/>
    <testcase time="0.00500000000000012" classname="bucher" name="bucher_print_works_as_expected"/>
  </testsuite>
  <testsuite name="get_pseudo_ipd_binary" timestamp="2024-06-28T07:18:11Z" hostname="8bd67e65892a" tests="2" skipped="0" failures="0" errors="0" time="0.023">
    <testcase time="0.018" classname="get_pseudo_ipd_binary" name="generate_pseudo_binary_IPD_given_unstacked_table_as_input"/>
    <testcase time="0.00499999999999989" classname="get_pseudo_ipd_binary" name="generate_pseudo_binary_IPD_given_stacked_table_as_input"/>
  </testsuite>
  <testsuite name="maic_anchored" timestamp="2024-06-28T07:18:11Z" hostname="8bd67e65892a" tests="9" skipped="0" failures="3" errors="0" time="1.288">
    <testcase time="0.965" classname="maic_anchored" name="maic_anchored_works_for_TTE_using_robust_SE"/>
    <testcase time="0.00199999999999978" classname="maic_anchored" name="maic_anchored_works_for_TTE_using_robust_SE"/>
    <testcase time="0.00099999999999989" classname="maic_anchored" name="maic_anchored_works_for_TTE_using_robust_SE"/>
    <testcase time="0.00200000000000022" classname="maic_anchored" name="maic_anchored_works_for_TTE_using_robust_SE"/>
    <testcase time="0.004" classname="maic_anchored" name="maic_anchored_works_for_TTE_using_robust_SE">
      <failure type="failure" message="result$inferential$report_overall_robustCI$`median[95% CI]` not equal to c(...). ('test-maic_anchored.R:103:3')">result$inferential$report_overall_robustCI$`median[95% CI]` not equal to c(...).
1/7 mismatches
x[7]: "--"
y[7]: "-"</failure>
    </testcase>
    <testcase time="0.0209999999999999" classname="maic_anchored" name="maic_anchored_works_for_TTE_using_robust_SE"/>
    <testcase time="0.272" classname="maic_anchored" name="maic_anchored_works_for_TTE_using_bootstrap_SE">
      <failure type="failure" message="result$inferential$report_overall_bootCI$`median[95% CI]` not equal to c(...). ('test-maic_anchored.R:202:3')">result$inferential$report_overall_bootCI$`median[95% CI]` not equal to c(...).
1/7 mismatches
x[7]: "--"
y[7]: "-"</failure>
    </testcase>
    <testcase time="0.0169999999999999" classname="maic_anchored" name="maic_anchored_works_for_TTE_using_bootstrap_SE"/>
    <testcase time="0.004" classname="maic_anchored" name="maic_anchored_works_for_TTE_using_bootstrap_SE">
      <failure type="failure" message="result$inferential$boot_est$t not equal to `t_matrix_expected`. ('test-maic_anchored.R:223:3')">result$inferential$boot_est$t not equal to `t_matrix_expected`.
10/30 mismatches (average diff: 0.000894)
[6]  0.0466 - 0.0471 == -0.000521
[7]  0.0408 - 0.0414 == -0.000521
[8]  0.0405 - 0.0411 == -0.000521
[9]  0.0386 - 0.0391 == -0.000521
[10] 0.0448 - 0.0453 == -0.000521
[11] 0.2159 - 0.2171 == -0.001204
[12] 0.2021 - 0.2034 == -0.001286
[13] 0.2013 - 0.2026 == -0.001290
[14] 0.1964 - 0.1977 == -0.001323
...</failure>
    </testcase>
  </testsuite>
  <testsuite name="maic_unanchored" timestamp="2024-06-28T07:18:12Z" hostname="8bd67e65892a" tests="16" skipped="0" failures="0" errors="0" time="3.003">
    <testcase time="0.234" classname="maic_unanchored" name="test_binary_case"/>
    <testcase time="0.0190000000000001" classname="maic_unanchored" name="test_binary_case"/>
    <testcase time="0.0089999999999999" classname="maic_unanchored" name="test_binary_case"/>
    <testcase time="0.0089999999999999" classname="maic_unanchored" name="test_binary_case"/>
    <testcase time="0.00199999999999978" classname="maic_unanchored" name="test_binary_case"/>
    <testcase time="0.00100000000000033" classname="maic_unanchored" name="test_binary_case"/>
    <testcase time="0.00099999999999989" classname="maic_unanchored" name="test_binary_case"/>
    <testcase time="0.00099999999999989" classname="maic_unanchored" name="test_binary_case"/>
    <testcase time="2.714" classname="maic_unanchored" name="test_time_to_event_case"/>
    <testcase time="0.00499999999999989" classname="maic_unanchored" name="test_time_to_event_case"/>
    <testcase time="0.00100000000000033" classname="maic_unanchored" name="test_time_to_event_case"/>
    <testcase time="0.00100000000000033" classname="maic_unanchored" name="test_time_to_event_case"/>
    <testcase time="0.00299999999999923" classname="maic_unanchored" name="test_time_to_event_case"/>
    <testcase time="0.00100000000000033" classname="maic_unanchored" name="test_time_to_event_case"/>
    <testcase time="0.00100000000000033" classname="maic_unanchored" name="test_time_to_event_case"/>
    <testcase time="0.000999999999999446" classname="maic_unanchored" name="test_time_to_event_case"/>
  </testsuite>
  <testsuite name="matching" timestamp="2024-06-28T07:18:15Z" hostname="8bd67e65892a" tests="26" skipped="0" failures="0" errors="0" time="0.088">
    <testcase time="0.00700000000000056" classname="matching" name="ess_footnote_text_works"/>
    <testcase time="0.00399999999999956" classname="matching" name="calculate_weights_legend_works"/>
    <testcase time="0.00499999999999989" classname="matching" name="optimise_weights_works_as_expected"/>
    <testcase time="0.00100000000000033" classname="matching" name="optimise_weights_works_as_expected"/>
    <testcase time="0.00100000000000033" classname="matching" name="optimise_weights_works_as_expected"/>
    <testcase time="0.00899999999999945" classname="matching" name="estimate_weights_works_as_expected"/>
    <testcase time="0.00199999999999978" classname="matching" name="estimate_weights_works_as_expected"/>
    <testcase time="0.00100000000000033" classname="matching" name="estimate_weights_works_as_expected"/>
    <testcase time="0.00100000000000033" classname="matching" name="estimate_weights_works_as_expected"/>
    <testcase time="0.000999999999999446" classname="matching" name="estimate_weights_works_as_expected"/>
    <testcase time="0.00300000000000011" classname="matching" name="estimate_weights_works_as_expected"/>
    <testcase time="0.0140000000000002" classname="matching" name="estimate_weights_works_as_expected_with_bootstrapping"/>
    <testcase time="0.00100000000000033" classname="matching" name="estimate_weights_works_as_expected_with_bootstrapping"/>
    <testcase time="0.000999999999999446" classname="matching" name="estimate_weights_works_as_expected_with_bootstrapping"/>
    <testcase time="0.00199999999999978" classname="matching" name="estimate_weights_works_as_expected_with_bootstrapping"/>
    <testcase time="0.00100000000000033" classname="matching" name="estimate_weights_works_as_expected_with_bootstrapping"/>
    <testcase time="0.00100000000000033" classname="matching" name="estimate_weights_works_as_expected_with_bootstrapping"/>
    <testcase time="0.000999999999999446" classname="matching" name="estimate_weights_works_as_expected_with_bootstrapping"/>
    <testcase time="0.0120000000000005" classname="matching" name="estimate_weights_works_when_the_input_is_a_tibble"/>
    <testcase time="0.000999999999999446" classname="matching" name="estimate_weights_works_when_the_input_is_a_tibble"/>
    <testcase time="0.00100000000000033" classname="matching" name="estimate_weights_works_when_the_input_is_a_tibble"/>
    <testcase time="0.00199999999999978" classname="matching" name="estimate_weights_works_when_the_input_is_a_tibble"/>
    <testcase time="0.00100000000000033" classname="matching" name="estimate_weights_works_when_the_input_is_a_tibble"/>
    <testcase time="0.00199999999999978" classname="matching" name="estimate_weights_works_when_the_input_is_a_tibble"/>
    <testcase time="0.00800000000000001" classname="matching" name="estimate_weights_prints_errors_about_convergence"/>
    <testcase time="0.00499999999999989" classname="matching" name="estimate_weights_prints_errors_about_convergence"/>
  </testsuite>
  <testsuite name="plot_km" timestamp="2024-06-28T07:18:15Z" hostname="8bd67e65892a" tests="3" skipped="0" failures="0" errors="0" time="0.081">
    <testcase time="0.048" classname="plot_km" name="ph_diagplot_lch_works_without_error"/>
    <testcase time="0.0310000000000006" classname="plot_km" name="ph_diagplot_schoenfeld_works_without_error"/>
    <testcase time="0.00199999999999978" classname="plot_km" name="ph_diagplot_schoenfeld_works_without_error"/>
  </testsuite>
  <testsuite name="utils" timestamp="2024-06-28T07:18:15Z" hostname="8bd67e65892a" tests="2" skipped="0" failures="0" errors="0" time="0.007">
    <testcase time="0.00600000000000023" classname="utils" name="set_random_seed_works"/>
    <testcase time="0.000999999999999446" classname="utils" name="set_random_seed_works"/>
  </testsuite>
</testsuites>
