<?xml version="1.0" encoding="UTF-8"?>
<testsuites>
  <testsuite name="bucher" timestamp="2023-08-08T14:02:09Z" hostname="1f360f53f793" tests="1" skipped="0" failures="0" errors="0" time="0.013">
    <testcase time="0.0129999999999999" classname="bucher" name="bucher_works_as_expected"/>
  </testsuite>
</testsuites>
