<?xml version="1.0" encoding="UTF-8"?>
<testsuites>
  <testsuite name="bucher" timestamp="2024-07-26T07:06:48Z" hostname="276423e4987f" tests="9" skipped="0" failures="0" errors="0" time="0.101">
    <testcase time="0.0109999999999999" classname="bucher" name="bucher_works_as_expected"/>
    <testcase time="0.04" classname="bucher" name="bucher_works_when_difference_in_trt_effects_is_positive"/>
    <testcase time="0.0189999999999999" classname="bucher" name="bucher_errors_on_bad_input"/>
    <testcase time="0.00500000000000012" classname="bucher" name="bucher_errors_on_bad_input"/>
    <testcase time="0.00600000000000001" classname="bucher" name="bucher_errors_on_bad_input"/>
    <testcase time="0.00499999999999989" classname="bucher" name="bucher_errors_on_bad_input"/>
    <testcase time="0.00600000000000001" classname="bucher" name="bucher_errors_on_bad_input"/>
    <testcase time="0.004" classname="bucher" name="find_SE_from_CI_works_as_expected"/>
    <testcase time="0.00500000000000012" classname="bucher" name="bucher_print_works_as_expected"/>
  </testsuite>
  <testsuite name="get_pseudo_ipd_binary" timestamp="2024-07-26T07:06:48Z" hostname="276423e4987f" tests="2" skipped="0" failures="0" errors="0" time="0.023">
    <testcase time="0.018" classname="get_pseudo_ipd_binary" name="generate_pseudo_binary_IPD_given_unstacked_table_as_input"/>
    <testcase time="0.00499999999999989" classname="get_pseudo_ipd_binary" name="generate_pseudo_binary_IPD_given_stacked_table_as_input"/>
  </testsuite>
  <testsuite name="maic_anchored" timestamp="2024-07-26T07:06:48Z" hostname="276423e4987f" tests="14" skipped="0" failures="0" errors="0" time="0.57">
    <testcase time="0.089" classname="maic_anchored" name="maic_anchored_works_for_TTE_using_robust_SE"/>
    <testcase time="0.00300000000000011" classname="maic_anchored" name="maic_anchored_works_for_TTE_using_robust_SE"/>
    <testcase time="0.00099999999999989" classname="maic_anchored" name="maic_anchored_works_for_TTE_using_robust_SE"/>
    <testcase time="0.00100000000000011" classname="maic_anchored" name="maic_anchored_works_for_TTE_using_robust_SE"/>
    <testcase time="0.00099999999999989" classname="maic_anchored" name="maic_anchored_works_for_TTE_using_robust_SE"/>
    <testcase time="0.00100000000000011" classname="maic_anchored" name="maic_anchored_works_for_TTE_using_robust_SE"/>
    <testcase time="0.091" classname="maic_anchored" name="maic_anchored_works_for_TTE_using_bootstrap_SE"/>
    <testcase time="0.00099999999999989" classname="maic_anchored" name="maic_anchored_works_for_TTE_using_bootstrap_SE"/>
    <testcase time="0.00100000000000011" classname="maic_anchored" name="maic_anchored_works_for_TTE_using_bootstrap_SE"/>
    <testcase time="0.376" classname="maic_anchored" name="maic_anchored_for_binary_case_gives_the_expected_result"/>
    <testcase time="0.00099999999999989" classname="maic_anchored" name="maic_anchored_for_binary_case_gives_the_expected_result"/>
    <testcase time="0.00100000000000033" classname="maic_anchored" name="maic_anchored_for_binary_case_gives_the_expected_result"/>
    <testcase time="0.00099999999999989" classname="maic_anchored" name="maic_anchored_for_binary_case_gives_the_expected_result"/>
    <testcase time="0.00199999999999978" classname="maic_anchored" name="maic_anchored_for_binary_case_gives_the_expected_result"/>
  </testsuite>
  <testsuite name="maic_unanchored" timestamp="2024-07-26T07:06:49Z" hostname="276423e4987f" tests="16" skipped="0" failures="0" errors="0" time="2.864">
    <testcase time="0.202" classname="maic_unanchored" name="test_binary_case"/>
    <testcase time="0.0189999999999997" classname="maic_unanchored" name="test_binary_case"/>
    <testcase time="0.0100000000000002" classname="maic_unanchored" name="test_binary_case"/>
    <testcase time="0.0089999999999999" classname="maic_unanchored" name="test_binary_case"/>
    <testcase time="0.00199999999999978" classname="maic_unanchored" name="test_binary_case"/>
    <testcase time="0.00100000000000033" classname="maic_unanchored" name="test_binary_case"/>
    <testcase time="0.00099999999999989" classname="maic_unanchored" name="test_binary_case"/>
    <testcase time="0.00599999999999978" classname="maic_unanchored" name="test_binary_case"/>
    <testcase time="2.6" classname="maic_unanchored" name="test_time_to_event_case"/>
    <testcase time="0.00499999999999989" classname="maic_unanchored" name="test_time_to_event_case"/>
    <testcase time="0.00100000000000033" classname="maic_unanchored" name="test_time_to_event_case"/>
    <testcase time="0.00100000000000033" classname="maic_unanchored" name="test_time_to_event_case"/>
    <testcase time="0.00299999999999923" classname="maic_unanchored" name="test_time_to_event_case"/>
    <testcase time="0.00100000000000033" classname="maic_unanchored" name="test_time_to_event_case"/>
    <testcase time="0.00100000000000033" classname="maic_unanchored" name="test_time_to_event_case"/>
    <testcase time="0.00199999999999978" classname="maic_unanchored" name="test_time_to_event_case"/>
  </testsuite>
  <testsuite name="matching" timestamp="2024-07-26T07:06:51Z" hostname="276423e4987f" tests="26" skipped="0" failures="0" errors="0" time="0.171">
    <testcase time="0.00600000000000023" classname="matching" name="ess_footnote_text_works"/>
    <testcase time="0.00800000000000001" classname="matching" name="calculate_weights_legend_works"/>
    <testcase time="0.00499999999999989" classname="matching" name="optimise_weights_works_as_expected"/>
    <testcase time="0.00199999999999978" classname="matching" name="optimise_weights_works_as_expected"/>
    <testcase time="0.00100000000000033" classname="matching" name="optimise_weights_works_as_expected"/>
    <testcase time="0.00899999999999945" classname="matching" name="estimate_weights_works_as_expected"/>
    <testcase time="0.00100000000000033" classname="matching" name="estimate_weights_works_as_expected"/>
    <testcase time="0.00100000000000033" classname="matching" name="estimate_weights_works_as_expected"/>
    <testcase time="0.000999999999999446" classname="matching" name="estimate_weights_works_as_expected"/>
    <testcase time="0.00199999999999978" classname="matching" name="estimate_weights_works_as_expected"/>
    <testcase time="0.00200000000000067" classname="matching" name="estimate_weights_works_as_expected"/>
    <testcase time="0.0139999999999993" classname="matching" name="estimate_weights_works_as_expected_with_bootstrapping"/>
    <testcase time="0.00100000000000033" classname="matching" name="estimate_weights_works_as_expected_with_bootstrapping"/>
    <testcase time="0.00100000000000033" classname="matching" name="estimate_weights_works_as_expected_with_bootstrapping"/>
    <testcase time="0.00199999999999978" classname="matching" name="estimate_weights_works_as_expected_with_bootstrapping"/>
    <testcase time="0.000999999999999446" classname="matching" name="estimate_weights_works_as_expected_with_bootstrapping"/>
    <testcase time="0.00100000000000033" classname="matching" name="estimate_weights_works_as_expected_with_bootstrapping"/>
    <testcase time="0.00100000000000033" classname="matching" name="estimate_weights_works_as_expected_with_bootstrapping"/>
    <testcase time="0.0919999999999996" classname="matching" name="estimate_weights_works_when_the_input_is_a_tibble"/>
    <testcase time="0.00100000000000033" classname="matching" name="estimate_weights_works_when_the_input_is_a_tibble"/>
    <testcase time="0.00199999999999978" classname="matching" name="estimate_weights_works_when_the_input_is_a_tibble"/>
    <testcase time="0.00100000000000033" classname="matching" name="estimate_weights_works_when_the_input_is_a_tibble"/>
    <testcase time="0.000999999999999446" classname="matching" name="estimate_weights_works_when_the_input_is_a_tibble"/>
    <testcase time="0.00300000000000011" classname="matching" name="estimate_weights_works_when_the_input_is_a_tibble"/>
    <testcase time="0.00699999999999967" classname="matching" name="estimate_weights_prints_errors_about_convergence"/>
    <testcase time="0.00500000000000078" classname="matching" name="estimate_weights_prints_errors_about_convergence"/>
  </testsuite>
  <testsuite name="plot_km" timestamp="2024-07-26T07:06:52Z" hostname="276423e4987f" tests="16" skipped="7" failures="0" errors="0" time="0.948">
    <testcase time="0.0720000000000001" classname="plot_km" name="kmplot_works_by_trial"/>
    <testcase time="0.0429999999999993" classname="plot_km" name="kmplot_works_by_trial">
      <skipped message="Reason: On CRAN ('test-plot_km.R:26:3')"/>
    </testcase>
    <testcase time="0.0660000000000007" classname="plot_km" name="kmplot_works_all"/>
    <testcase time="0.0469999999999997" classname="plot_km" name="kmplot_works_all">
      <skipped message="Reason: On CRAN ('test-plot_km.R:57:3')"/>
    </testcase>
    <testcase time="0.0739999999999998" classname="plot_km" name="kmplot_works_by_arm"/>
    <testcase time="0.0380000000000003" classname="plot_km" name="kmplot_works_by_arm">
      <skipped message="Reason: On CRAN ('test-plot_km.R:86:3')"/>
    </testcase>
    <testcase time="0.144" classname="plot_km" name="ph_diagplot_works_for_anchored_data"/>
    <testcase time="0.114999999999999" classname="plot_km" name="ph_diagplot_works_for_anchored_data">
      <skipped message="Reason: On CRAN ('test-plot_km.R:113:3')"/>
    </testcase>
    <testcase time="0.130000000000001" classname="plot_km" name="ph_diagplot_works_for_unanchored_data"/>
    <testcase time="0.119" classname="plot_km" name="ph_diagplot_works_for_unanchored_data">
      <skipped message="Reason: On CRAN ('test-plot_km.R:152:3')"/>
    </testcase>
    <testcase time="0.04" classname="plot_km" name="ph_diagplot_lch_works_without_error"/>
    <testcase time="0.00199999999999978" classname="plot_km" name="ph_diagplot_lch_works_without_error"/>
    <testcase time="0.00600000000000023" classname="plot_km" name="ph_diagplot_lch_works_without_error">
      <skipped message="Reason: On CRAN ('test-plot_km.R:190:3')"/>
    </testcase>
    <testcase time="0.0309999999999997" classname="plot_km" name="ph_diagplot_schoenfeld_works_without_error"/>
    <testcase time="0.00100000000000033" classname="plot_km" name="ph_diagplot_schoenfeld_works_without_error"/>
    <testcase time="0.0199999999999996" classname="plot_km" name="ph_diagplot_schoenfeld_works_without_error">
      <skipped message="Reason: On CRAN ('test-plot_km.R:218:3')"/>
    </testcase>
  </testsuite>
  <testsuite name="plot_km2" timestamp="2024-07-26T07:06:53Z" hostname="276423e4987f" tests="1" skipped="1" failures="0" errors="0" time="1.624">
    <testcase time="1.624" classname="plot_km2" name="kmplot2_works">
      <skipped message="Reason: On CRAN ('test-plot_km2.R:9:3')"/>
    </testcase>
  </testsuite>
  <testsuite name="time-helper" timestamp="2024-07-26T07:06:54Z" hostname="276423e4987f" tests="10" skipped="0" failures="0" errors="0" time="0.036">
    <testcase time="0.0190000000000001" classname="time_helper" name="setting_time_factors_works"/>
    <testcase time="0.00100000000000033" classname="time_helper" name="setting_time_factors_works"/>
    <testcase time="0.00199999999999978" classname="time_helper" name="setting_time_factors_works"/>
    <testcase time="0.00100000000000033" classname="time_helper" name="setting_time_factors_works"/>
    <testcase time="0.000999999999999446" classname="time_helper" name="setting_time_factors_works"/>
    <testcase time="0.00100000000000033" classname="time_helper" name="setting_time_factors_works"/>
    <testcase time="0.00199999999999978" classname="time_helper" name="setting_time_factors_works"/>
    <testcase time="0.00100000000000033" classname="time_helper" name="setting_time_factors_works"/>
    <testcase time="0.00399999999999956" classname="time_helper" name="setting_time_factors_works"/>
    <testcase time="0.00400000000000045" classname="time_helper" name="setting_time_factors_works"/>
  </testsuite>
  <testsuite name="utils" timestamp="2024-07-26T07:06:54Z" hostname="276423e4987f" tests="2" skipped="0" failures="0" errors="0" time="0.007">
    <testcase time="0.00599999999999934" classname="utils" name="set_random_seed_works"/>
    <testcase time="0.00100000000000033" classname="utils" name="set_random_seed_works"/>
  </testsuite>
</testsuites>
