<?xml version="1.0" encoding="UTF-8"?>
<testsuites>
  <testsuite name="bucher" timestamp="2024-01-19T12:27:31Z" hostname="57e7de7e7586" tests="1" skipped="0" failures="0" errors="0" time="0.012">
    <testcase time="0.012" classname="bucher" name="bucher_works_as_expected"/>
  </testsuite>
  <testsuite name="matching" timestamp="2024-01-19T12:27:31Z" hostname="57e7de7e7586" tests="2" skipped="0" failures="0" errors="0" time="0.063">
    <testcase time="0.052" classname="matching" name="ess_footnote_text_works"/>
    <testcase time="0.0109999999999999" classname="matching" name="calculate_weights_legend_works"/>
  </testsuite>
</testsuites>
