<?xml version="1.0" encoding="UTF-8"?>
<testsuites>
  <testsuite name="bucher" timestamp="2024-01-21T20:54:35Z" hostname="35eba1d462e1" tests="1" skipped="0" failures="0" errors="0" time="0.011">
    <testcase time="0.0110000000000001" classname="bucher" name="bucher_works_as_expected"/>
  </testsuite>
  <testsuite name="matching" timestamp="2024-01-21T20:54:35Z" hostname="35eba1d462e1" tests="2" skipped="0" failures="0" errors="0" time="0.065">
    <testcase time="0.0519999999999998" classname="matching" name="ess_footnote_text_works"/>
    <testcase time="0.0130000000000001" classname="matching" name="calculate_weights_legend_works"/>
  </testsuite>
</testsuites>
