<?xml version="1.0" encoding="UTF-8"?>
<testsuites>
  <testsuite name="bucher" timestamp="2024-02-22T17:03:01Z" hostname="26e3c4f0411b" tests="1" skipped="0" failures="1" errors="0" time="0.017">
    <testcase time="0.0169999999999999" classname="bucher" name="bucher_works_as_expected">
      <failure type="failure" message="`result` not equal to `expected`. ('test-bucher.R:15:3')">`result` not equal to `expected`.
Attributes: &lt; names for target but not for current &gt;
Attributes: &lt; Length mismatch: comparison on first 0 components &gt;</failure>
    </testcase>
  </testsuite>
  <testsuite name="matching" timestamp="2024-02-22T17:03:01Z" hostname="26e3c4f0411b" tests="18" skipped="0" failures="0" errors="0" time="0.158">
    <testcase time="0.0920000000000001" classname="matching" name="ess_footnote_text_works"/>
    <testcase time="0.0129999999999999" classname="matching" name="calculate_weights_legend_works"/>
    <testcase time="0.00600000000000001" classname="matching" name="optimise_weights_works_as_expected"/>
    <testcase time="0.00300000000000011" classname="matching" name="optimise_weights_works_as_expected"/>
    <testcase time="0.00099999999999989" classname="matching" name="optimise_weights_works_as_expected"/>
    <testcase time="0.0110000000000001" classname="matching" name="estimate_weights_works_as_expected"/>
    <testcase time="0.002" classname="matching" name="estimate_weights_works_as_expected"/>
    <testcase time="0.00099999999999989" classname="matching" name="estimate_weights_works_as_expected"/>
    <testcase time="0.002" classname="matching" name="estimate_weights_works_as_expected"/>
    <testcase time="0.00100000000000011" classname="matching" name="estimate_weights_works_as_expected"/>
    <testcase time="0.00299999999999989" classname="matching" name="estimate_weights_works_as_expected"/>
    <testcase time="0.014" classname="matching" name="estimate_weights_works_as_expected_with_bootstrapping"/>
    <testcase time="0.002" classname="matching" name="estimate_weights_works_as_expected_with_bootstrapping"/>
    <testcase time="0.00100000000000011" classname="matching" name="estimate_weights_works_as_expected_with_bootstrapping"/>
    <testcase time="0.002" classname="matching" name="estimate_weights_works_as_expected_with_bootstrapping"/>
    <testcase time="0.00099999999999989" classname="matching" name="estimate_weights_works_as_expected_with_bootstrapping"/>
    <testcase time="0.002" classname="matching" name="estimate_weights_works_as_expected_with_bootstrapping"/>
    <testcase time="0.00100000000000011" classname="matching" name="estimate_weights_works_as_expected_with_bootstrapping"/>
  </testsuite>
</testsuites>
