<?xml version="1.0" encoding="UTF-8"?>
<testsuites>
  <testsuite name="bucher" timestamp="2023-09-08T08:22:11Z" hostname="e2b51b26274d" tests="1" skipped="0" failures="0" errors="0" time="0.01">
    <testcase time="0.01" classname="bucher" name="bucher_works_as_expected"/>
  </testsuite>
  <testsuite name="matching" timestamp="2023-09-08T08:22:11Z" hostname="e2b51b26274d" tests="2" skipped="0" failures="0" errors="0" time="0.065">
    <testcase time="0.0490000000000002" classname="matching" name="ess_footnote_text_works"/>
    <testcase time="0.016" classname="matching" name="calculate_weights_legend_works"/>
  </testsuite>
</testsuites>
