<?xml version="1.0" encoding="UTF-8"?>
<testsuites>
  <testsuite name="bucher" timestamp="2024-06-21T11:07:11Z" hostname="033f3c9e439f" tests="9" skipped="0" failures="0" errors="0" time="0.103">
    <testcase time="0.01" classname="bucher" name="bucher_works_as_expected"/>
    <testcase time="0.042" classname="bucher" name="bucher_works_when_difference_in_trt_effects_is_positive"/>
    <testcase time="0.0189999999999999" classname="bucher" name="bucher_errors_on_bad_input"/>
    <testcase time="0.00600000000000001" classname="bucher" name="bucher_errors_on_bad_input"/>
    <testcase time="0.00500000000000012" classname="bucher" name="bucher_errors_on_bad_input"/>
    <testcase time="0.00600000000000001" classname="bucher" name="bucher_errors_on_bad_input"/>
    <testcase time="0.00499999999999989" classname="bucher" name="bucher_errors_on_bad_input"/>
    <testcase time="0.00500000000000012" classname="bucher" name="find_SE_from_CI_works_as_expected"/>
    <testcase time="0.00499999999999989" classname="bucher" name="bucher_print_works_as_expected"/>
  </testsuite>
  <testsuite name="get_pseudo_ipd_binary" timestamp="2024-06-21T11:07:11Z" hostname="033f3c9e439f" tests="2" skipped="0" failures="0" errors="0" time="0.023">
    <testcase time="0.018" classname="get_pseudo_ipd_binary" name="generate_pseudo_binary_IPD_given_unstacked_table_as_input"/>
    <testcase time="0.00500000000000012" classname="get_pseudo_ipd_binary" name="generate_pseudo_binary_IPD_given_stacked_table_as_input"/>
  </testsuite>
  <testsuite name="maic_anchored" timestamp="2024-06-21T11:07:11Z" hostname="033f3c9e439f" tests="9" skipped="0" failures="6" errors="0" time="1.343">
    <testcase time="0.968" classname="maic_anchored" name="maic_anchored_works_for_TTE_using_robust_SE"/>
    <testcase time="0.00199999999999978" classname="maic_anchored" name="maic_anchored_works_for_TTE_using_robust_SE"/>
    <testcase time="0.00500000000000034" classname="maic_anchored" name="maic_anchored_works_for_TTE_using_robust_SE">
      <failure type="failure" message="result$inferential$report_median_surv$rmean not equal to c(...). ('test-maic_anchored.R:84:3')">result$inferential$report_median_surv$rmean not equal to c(...).
2/6 mismatches (average diff: 0.0102)
[3]  2.68 -  2.69 == -0.01119
[4] 10.58 - 10.58 ==  0.00931</failure>
    </testcase>
    <testcase time="0.0259999999999998" classname="maic_anchored" name="maic_anchored_works_for_TTE_using_robust_SE">
      <failure type="failure" message="result$inferential$report_median_surv$`se(rmean)` not equal to c(...). ('test-maic_anchored.R:91:3')">result$inferential$report_median_surv$`se(rmean)` not equal to c(...).
2/6 mismatches (average diff: 0.000758)
[3] 0.207 - 0.208 == -0.000795
[4] 0.574 - 0.573 ==  0.000720</failure>
    </testcase>
    <testcase time="0.0190000000000001" classname="maic_anchored" name="maic_anchored_works_for_TTE_using_robust_SE">
      <failure type="failure" message="result$inferential$report_overall_robustCI$`median[95% CI]` not equal to c(...). ('test-maic_anchored.R:98:3')">result$inferential$report_overall_robustCI$`median[95% CI]` not equal to c(...).
1/7 mismatches
x[4]: " 1.8[ 1.5;2.3]"
y[4]: " 1.8[ 1.5;2.4]"</failure>
    </testcase>
    <testcase time="0.0179999999999998" classname="maic_anchored" name="maic_anchored_works_for_TTE_using_robust_SE">
      <failure type="failure" message="result$inferential$report_overall_robustCI$`HR[95% CI]` not equal to c(...). ('test-maic_anchored.R:102:3')">result$inferential$report_overall_robustCI$`HR[95% CI]` not equal to c(...).
1/7 mismatches
x[7]: "0.29 [0.19; 0.43]"
y[7]: "0.29 [0.19; 0.44]"</failure>
    </testcase>
    <testcase time="0.29" classname="maic_anchored" name="maic_anchored_works_for_TTE_using_bootstrap_SE">
      <failure type="failure" message="result$inferential$report_overall_bootCI$`median[95% CI]` not equal to c(...). ('test-maic_anchored.R:192:3')">result$inferential$report_overall_bootCI$`median[95% CI]` not equal to c(...).
1/7 mismatches
x[4]: " 1.8[ 1.5;2.3]"
y[4]: " 1.8[ 1.5;2.4]"</failure>
    </testcase>
    <testcase time="0.0110000000000001" classname="maic_anchored" name="maic_anchored_works_for_TTE_using_bootstrap_SE"/>
    <testcase time="0.004" classname="maic_anchored" name="maic_anchored_works_for_TTE_using_bootstrap_SE">
      <failure type="failure" message="result$inferential$boot_est$t not equal to `t_matrix_expected`. ('test-maic_anchored.R:213:3')">result$inferential$boot_est$t not equal to `t_matrix_expected`.
30/30 mismatches (average diff: 0.0048)
[1] -1.2456 - -1.2429 == -0.002697
[2] -1.3381 - -1.3379 == -0.000199
[3] -1.6001 - -1.5707 == -0.029364
[4] -1.5040 - -1.5246 ==  0.020552
[5] -1.4161 - -1.4094 == -0.006686
[6]  0.0467 -  0.0471 == -0.000434
[7]  0.0423 -  0.0414 ==  0.000988
[8]  0.0419 -  0.0411 ==  0.000864
[9]  0.0388 -  0.0391 == -0.000321
...</failure>
    </testcase>
  </testsuite>
  <testsuite name="maic_unanchored" timestamp="2024-06-21T11:07:13Z" hostname="033f3c9e439f" tests="16" skipped="0" failures="5" errors="0" time="3.308">
    <testcase time="0.246" classname="maic_unanchored" name="test_binary_case"/>
    <testcase time="0.02" classname="maic_unanchored" name="test_binary_case"/>
    <testcase time="0.00999999999999979" classname="maic_unanchored" name="test_binary_case"/>
    <testcase time="0.0100000000000002" classname="maic_unanchored" name="test_binary_case"/>
    <testcase time="0.00199999999999978" classname="maic_unanchored" name="test_binary_case"/>
    <testcase time="0.00100000000000033" classname="maic_unanchored" name="test_binary_case"/>
    <testcase time="0.00099999999999989" classname="maic_unanchored" name="test_binary_case"/>
    <testcase time="0.00199999999999978" classname="maic_unanchored" name="test_binary_case"/>
    <testcase time="2.957" classname="maic_unanchored" name="test_time_to_event_case">
      <failure type="failure" message="testout$descriptive not equal to expectout$descriptive. ('test-maic_unanchored.R:179:3')">testout$descriptive not equal to expectout$descriptive.
Component "survfit_after": Component "A": Component "n.risk": Mean relative difference: 0.001596875
Component "survfit_after": Component "A": Component "n.event": Mean relative difference: 0.03438443
Component "survfit_after": Component "A": Component "censor": Mean relative difference: 0.03217233
Component "survfit_after": Component "A": Component "surv": Mean relative difference: 0.0006386499
Component "survfit_after": Component "A": Component "lower": Mean relative difference: 0.001071693
Component "survfit_after": Component "A": Component "upper": Mean relative difference: 0.0005479124
Component "survfit_after": Component "A": Component "cumhaz": Mean relative difference: 0.002921272</failure>
    </testcase>
    <testcase time="0.0170000000000003" classname="maic_unanchored" name="test_time_to_event_case">
      <failure type="failure" message="testout$inferential not equal to expectout$inferential. ('test-maic_unanchored.R:180:3')">testout$inferential not equal to expectout$inferential.
Component "report_median_surv": Component "n.max": Mean relative difference: 0.0006178408
Component "report_median_surv": Component "n.start": Mean relative difference: 0.0006178408
Component "report_median_surv": Component "events": Mean relative difference: 0.003031962
Component "report_median_surv": Component "rmean": Mean relative difference: 0.0003335649
Component "report_median_surv": Component "se(rmean)": Mean relative difference: 0.0005777751
Component "coxph_after": Component "coefficients": Mean relative difference: 0.001253305
Component "coxph_after": Component "var": Mean relative difference: 0.007639099
Component "coxph_after": Component "loglik": Mean relative difference: 0.0008414169
Component "coxph_after": Component "score": Mean relative difference: 0.0006200759
...</failure>
    </testcase>
    <testcase time="0.00999999999999979" classname="maic_unanchored" name="test_time_to_event_case"/>
    <testcase time="0.00100000000000033" classname="maic_unanchored" name="test_time_to_event_case"/>
    <testcase time="0.00600000000000023" classname="maic_unanchored" name="test_time_to_event_case">
      <failure type="failure" message="testout2$descriptive not equal to expectout2$descriptive. ('test-maic_unanchored.R:185:3')">testout2$descriptive not equal to expectout2$descriptive.
Component "survfit_after": Component "A": Component "n.risk": Mean relative difference: 0.001596875
Component "survfit_after": Component "A": Component "n.event": Mean relative difference: 0.03438443
Component "survfit_after": Component "A": Component "censor": Mean relative difference: 0.03217233
Component "survfit_after": Component "A": Component "surv": Mean relative difference: 0.0006386499
Component "survfit_after": Component "A": Component "lower": Mean relative difference: 0.001071693
Component "survfit_after": Component "A": Component "upper": Mean relative difference: 0.0005479124
Component "survfit_after": Component "A": Component "cumhaz": Mean relative difference: 0.002921272</failure>
    </testcase>
    <testcase time="0.0119999999999996" classname="maic_unanchored" name="test_time_to_event_case">
      <failure type="failure" message="testout2$inferential$boot_est[&quot;t&quot;] not equal to expectout2$inferential$boot_est[&quot;t&quot;]. ('test-maic_unanchored.R:186:3')">testout2$inferential$boot_est["t"] not equal to expectout2$inferential$boot_est["t"].
Component "t": Mean relative difference: 0.00860334</failure>
    </testcase>
    <testcase time="0.00900000000000034" classname="maic_unanchored" name="test_time_to_event_case"/>
    <testcase time="0.00399999999999956" classname="maic_unanchored" name="test_time_to_event_case">
      <failure type="failure" message="testout2$inferential$report_overall_bootCI not equal to expectout2$inferential$report_overall_bootCI. ('test-maic_unanchored.R:188:3')">testout2$inferential$report_overall_bootCI not equal to expectout2$inferential$report_overall_bootCI.
Component "N": Mean relative difference: 0.000577034
Component "n.events(%)": 1 string mismatch
Component "HR[95% CI]": 1 string mismatch</failure>
    </testcase>
  </testsuite>
  <testsuite name="matching" timestamp="2024-06-21T11:07:16Z" hostname="033f3c9e439f" tests="26" skipped="0" failures="0" errors="0" time="0.104">
    <testcase time="0.0150000000000006" classname="matching" name="ess_footnote_text_works"/>
    <testcase time="0.00499999999999989" classname="matching" name="calculate_weights_legend_works"/>
    <testcase time="0.00399999999999956" classname="matching" name="optimise_weights_works_as_expected"/>
    <testcase time="0.00199999999999978" classname="matching" name="optimise_weights_works_as_expected"/>
    <testcase time="0.00100000000000033" classname="matching" name="optimise_weights_works_as_expected"/>
    <testcase time="0.00999999999999979" classname="matching" name="estimate_weights_works_as_expected"/>
    <testcase time="0.00100000000000033" classname="matching" name="estimate_weights_works_as_expected"/>
    <testcase time="0.00100000000000033" classname="matching" name="estimate_weights_works_as_expected"/>
    <testcase time="0.000999999999999446" classname="matching" name="estimate_weights_works_as_expected"/>
    <testcase time="0.00199999999999978" classname="matching" name="estimate_weights_works_as_expected"/>
    <testcase time="0.00200000000000067" classname="matching" name="estimate_weights_works_as_expected"/>
    <testcase time="0.0149999999999997" classname="matching" name="estimate_weights_works_as_expected_with_bootstrapping"/>
    <testcase time="0.00100000000000033" classname="matching" name="estimate_weights_works_as_expected_with_bootstrapping"/>
    <testcase time="0.00199999999999978" classname="matching" name="estimate_weights_works_as_expected_with_bootstrapping"/>
    <testcase time="0.00100000000000033" classname="matching" name="estimate_weights_works_as_expected_with_bootstrapping"/>
    <testcase time="0.000999999999999446" classname="matching" name="estimate_weights_works_as_expected_with_bootstrapping"/>
    <testcase time="0.00100000000000033" classname="matching" name="estimate_weights_works_as_expected_with_bootstrapping"/>
    <testcase time="0.00199999999999978" classname="matching" name="estimate_weights_works_as_expected_with_bootstrapping"/>
    <testcase time="0.0120000000000005" classname="matching" name="estimate_weights_works_when_the_input_is_a_tibble"/>
    <testcase time="0.000999999999999446" classname="matching" name="estimate_weights_works_when_the_input_is_a_tibble"/>
    <testcase time="0.00199999999999978" classname="matching" name="estimate_weights_works_when_the_input_is_a_tibble"/>
    <testcase time="0.00100000000000033" classname="matching" name="estimate_weights_works_when_the_input_is_a_tibble"/>
    <testcase time="0.00199999999999978" classname="matching" name="estimate_weights_works_when_the_input_is_a_tibble"/>
    <testcase time="0.00300000000000011" classname="matching" name="estimate_weights_works_when_the_input_is_a_tibble"/>
    <testcase time="0.00900000000000034" classname="matching" name="estimate_weights_prints_errors_about_convergence"/>
    <testcase time="0.00699999999999967" classname="matching" name="estimate_weights_prints_errors_about_convergence"/>
  </testsuite>
  <testsuite name="plot_km" timestamp="2024-06-21T11:07:16Z" hostname="033f3c9e439f" tests="3" skipped="0" failures="0" errors="0" time="0.089">
    <testcase time="0.0469999999999997" classname="plot_km" name="ph_diagplot_lch_works_without_error"/>
    <testcase time="0.04" classname="plot_km" name="ph_diagplot_schoenfeld_works_without_error"/>
    <testcase time="0.00200000000000067" classname="plot_km" name="ph_diagplot_schoenfeld_works_without_error"/>
  </testsuite>
  <testsuite name="utils" timestamp="2024-06-21T11:07:16Z" hostname="033f3c9e439f" tests="2" skipped="0" failures="0" errors="0" time="0.007">
    <testcase time="0.00599999999999934" classname="utils" name="set_random_seed_works"/>
    <testcase time="0.00100000000000033" classname="utils" name="set_random_seed_works"/>
  </testsuite>
</testsuites>
