<?xml version="1.0" encoding="UTF-8"?>
<testsuites>
  <testsuite name="bucher" timestamp="2025-02-13T12:29:11Z" hostname="b8953e6deac6" tests="9" skipped="0" failures="0" errors="0" time="0.148">
    <testcase time="0.0149999999999999" classname="bucher" name="bucher_works_as_expected"/>
    <testcase time="0.0410000000000001" classname="bucher" name="bucher_works_when_difference_in_trt_effects_is_positive"/>
    <testcase time="0.016" classname="bucher" name="bucher_errors_on_bad_input"/>
    <testcase time="0.00499999999999989" classname="bucher" name="bucher_errors_on_bad_input"/>
    <testcase time="0.004" classname="bucher" name="bucher_errors_on_bad_input"/>
    <testcase time="0.00500000000000012" classname="bucher" name="bucher_errors_on_bad_input"/>
    <testcase time="0.0489999999999999" classname="bucher" name="bucher_errors_on_bad_input"/>
    <testcase time="0.0069999999999999" classname="bucher" name="find_SE_from_CI_works_as_expected"/>
    <testcase time="0.00600000000000001" classname="bucher" name="bucher_print_works_as_expected"/>
  </testsuite>
  <testsuite name="get_pseudo_ipd_binary" timestamp="2025-02-13T12:29:11Z" hostname="b8953e6deac6" tests="2" skipped="0" failures="0" errors="0" time="0.026">
    <testcase time="0.0190000000000001" classname="get_pseudo_ipd_binary" name="generate_pseudo_binary_IPD_given_unstacked_table_as_input"/>
    <testcase time="0.0069999999999999" classname="get_pseudo_ipd_binary" name="generate_pseudo_binary_IPD_given_stacked_table_as_input"/>
  </testsuite>
  <testsuite name="maic_anchored" timestamp="2025-02-13T12:29:11Z" hostname="b8953e6deac6" tests="2" skipped="2" failures="0" errors="0" time="0.547">
    <testcase time="0.319" classname="maic_anchored" name="maic_anchored_works_for_TTE">
      <skipped message="Reason: On CRAN ('test-maic_anchored.R:58:3')"/>
    </testcase>
    <testcase time="0.228" classname="maic_anchored" name="maic_anchored_for_binary_case_gives_the_expected_result">
      <skipped message="Reason: On CRAN ('test-maic_anchored.R:157:3')"/>
    </testcase>
  </testsuite>
  <testsuite name="maic_unanchored" timestamp="2025-02-13T12:29:12Z" hostname="b8953e6deac6" tests="3" skipped="2" failures="0" errors="0" time="2.887">
    <testcase time="0.189" classname="maic_unanchored" name="test_binary_case">
      <skipped message="Reason: On CRAN ('test-maic_unanchored.R:99:3')"/>
    </testcase>
    <testcase time="0.0409999999999999" classname="maic_unanchored" name="check_if_match_properly"/>
    <testcase time="2.657" classname="maic_unanchored" name="test_time_to_event_case">
      <skipped message="Reason: On CRAN ('test-maic_unanchored.R:227:3')"/>
    </testcase>
  </testsuite>
  <testsuite name="matching" timestamp="2025-02-13T12:29:15Z" hostname="b8953e6deac6" tests="46" skipped="4" failures="0" errors="0" time="0.791">
    <testcase time="0.0190000000000001" classname="matching" name="ess_footnote_text_works"/>
    <testcase time="0.00699999999999967" classname="matching" name="calculate_weights_legend_works"/>
    <testcase time="0.00600000000000023" classname="matching" name="optimise_weights_works_as_expected"/>
    <testcase time="0.00300000000000011" classname="matching" name="optimise_weights_works_as_expected"/>
    <testcase time="0.00299999999999923" classname="matching" name="optimise_weights_works_as_expected"/>
    <testcase time="0.0130000000000008" classname="matching" name="estimate_weights_fails_as_expected_with_invalid_input"/>
    <testcase time="0.00399999999999956" classname="matching" name="estimate_weights_fails_as_expected_with_invalid_input"/>
    <testcase time="0.00499999999999989" classname="matching" name="estimate_weights_fails_as_expected_with_invalid_input"/>
    <testcase time="0.00999999999999979" classname="matching" name="estimate_weights_works_as_expected"/>
    <testcase time="0.00200000000000067" classname="matching" name="estimate_weights_works_as_expected"/>
    <testcase time="0.00300000000000011" classname="matching" name="estimate_weights_works_as_expected"/>
    <testcase time="0.00299999999999923" classname="matching" name="estimate_weights_works_as_expected"/>
    <testcase time="0.00400000000000045" classname="matching" name="estimate_weights_works_as_expected"/>
    <testcase time="0.00300000000000011" classname="matching" name="estimate_weights_works_as_expected"/>
    <testcase time="0.0209999999999999" classname="matching" name="estimate_weights_works_as_expected_with_bootstrapping"/>
    <testcase time="0.00100000000000033" classname="matching" name="estimate_weights_works_as_expected_with_bootstrapping"/>
    <testcase time="0.00399999999999956" classname="matching" name="estimate_weights_works_as_expected_with_bootstrapping"/>
    <testcase time="0.00300000000000011" classname="matching" name="estimate_weights_works_as_expected_with_bootstrapping"/>
    <testcase time="0.00399999999999956" classname="matching" name="estimate_weights_works_as_expected_with_bootstrapping"/>
    <testcase time="0.00400000000000045" classname="matching" name="estimate_weights_works_as_expected_with_bootstrapping"/>
    <testcase time="0.00400000000000045" classname="matching" name="estimate_weights_works_as_expected_with_bootstrapping"/>
    <testcase time="0.0199999999999996" classname="matching" name="estimate_weights_works_as_expected_with_alternative_bootstrap_strata"/>
    <testcase time="0.00100000000000033" classname="matching" name="estimate_weights_works_as_expected_with_alternative_bootstrap_strata"/>
    <testcase time="0.00499999999999989" classname="matching" name="estimate_weights_works_as_expected_with_alternative_bootstrap_strata"/>
    <testcase time="0.00499999999999989" classname="matching" name="estimate_weights_works_as_expected_with_alternative_bootstrap_strata"/>
    <testcase time="0.0940000000000003" classname="matching" name="estimate_weights_works_when_the_input_is_a_tibble"/>
    <testcase time="0.00199999999999978" classname="matching" name="estimate_weights_works_when_the_input_is_a_tibble"/>
    <testcase time="0.00300000000000011" classname="matching" name="estimate_weights_works_when_the_input_is_a_tibble"/>
    <testcase time="0.00300000000000011" classname="matching" name="estimate_weights_works_when_the_input_is_a_tibble"/>
    <testcase time="0.00299999999999923" classname="matching" name="estimate_weights_works_when_the_input_is_a_tibble"/>
    <testcase time="0.00300000000000011" classname="matching" name="estimate_weights_works_when_the_input_is_a_tibble"/>
    <testcase time="0.0110000000000001" classname="matching" name="estimate_weights_prints_errors_about_convergence"/>
    <testcase time="0.00600000000000023" classname="matching" name="estimate_weights_prints_errors_about_convergence"/>
    <testcase time="0.0140000000000002" classname="matching" name="plot_weights_base_works_as_expected">
      <skipped message="Reason: On CRAN ('test-matching.R:193:3')"/>
    </testcase>
    <testcase time="0.164" classname="matching" name="plot_weights_ggplot_works_as_expected"/>
    <testcase time="0.0250000000000004" classname="matching" name="plot_weights_ggplot_works_as_expected"/>
    <testcase time="0.0259999999999998" classname="matching" name="plot_weights_ggplot_works_as_expected"/>
    <testcase time="0.204" classname="matching" name="plot_weights_ggplot_works_as_expected">
      <skipped message="Reason: On CRAN ('test-matching.R:217:3')"/>
    </testcase>
    <testcase time="0.0209999999999999" classname="matching" name="default_plot_works_as_expected">
      <skipped message="Reason: On CRAN ('test-matching.R:230:3')"/>
    </testcase>
    <testcase time="0.0280000000000005" classname="matching" name="check_weights_works_as_expected"/>
    <testcase time="0.000999999999999446" classname="matching" name="check_weights_works_as_expected"/>
    <testcase time="0.00200000000000067" classname="matching" name="check_weights_works_as_expected"/>
    <testcase time="0.00299999999999923" classname="matching" name="check_weights_works_as_expected"/>
    <testcase time="0.00200000000000067" classname="matching" name="check_weights_works_as_expected"/>
    <testcase time="0.00300000000000011" classname="matching" name="check_weights_works_as_expected"/>
    <testcase time="0.016" classname="matching" name="weighted_median_is_correct">
      <skipped message="Reason: On CRAN ('test-matching.R:281:3')"/>
    </testcase>
  </testsuite>
  <testsuite name="plot_km" timestamp="2025-02-13T12:29:16Z" hostname="b8953e6deac6" tests="18" skipped="8" failures="0" errors="0" time="1.029">
    <testcase time="0.0509999999999993" classname="plot_km" name="kmplot_works_by_trial"/>
    <testcase time="0.0390000000000006" classname="plot_km" name="kmplot_works_by_trial">
      <skipped message="Reason: On CRAN ('test-plot_km.R:26:3')"/>
    </testcase>
    <testcase time="0.0569999999999995" classname="plot_km" name="kmplot_works_all"/>
    <testcase time="0.0550000000000006" classname="plot_km" name="kmplot_works_all">
      <skipped message="Reason: On CRAN ('test-plot_km.R:57:3')"/>
    </testcase>
    <testcase time="0.0629999999999997" classname="plot_km" name="kmplot_normalize_weights_works"/>
    <testcase time="0.0449999999999999" classname="plot_km" name="kmplot_normalize_weights_works">
      <skipped message="Reason: On CRAN ('test-plot_km.R:90:3')"/>
    </testcase>
    <testcase time="0.0579999999999998" classname="plot_km" name="kmplot_works_by_arm"/>
    <testcase time="0.0389999999999997" classname="plot_km" name="kmplot_works_by_arm">
      <skipped message="Reason: On CRAN ('test-plot_km.R:119:3')"/>
    </testcase>
    <testcase time="0.143" classname="plot_km" name="ph_diagplot_works_for_anchored_data"/>
    <testcase time="0.117" classname="plot_km" name="ph_diagplot_works_for_anchored_data">
      <skipped message="Reason: On CRAN ('test-plot_km.R:146:3')"/>
    </testcase>
    <testcase time="0.115" classname="plot_km" name="ph_diagplot_works_for_unanchored_data"/>
    <testcase time="0.144" classname="plot_km" name="ph_diagplot_works_for_unanchored_data">
      <skipped message="Reason: On CRAN ('test-plot_km.R:185:3')"/>
    </testcase>
    <testcase time="0.0430000000000001" classname="plot_km" name="ph_diagplot_lch_works_without_error"/>
    <testcase time="0.00300000000000011" classname="plot_km" name="ph_diagplot_lch_works_without_error"/>
    <testcase time="0.00699999999999967" classname="plot_km" name="ph_diagplot_lch_works_without_error">
      <skipped message="Reason: On CRAN ('test-plot_km.R:223:3')"/>
    </testcase>
    <testcase time="0.032" classname="plot_km" name="ph_diagplot_schoenfeld_works_without_error"/>
    <testcase time="0.00300000000000011" classname="plot_km" name="ph_diagplot_schoenfeld_works_without_error"/>
    <testcase time="0.0149999999999997" classname="plot_km" name="ph_diagplot_schoenfeld_works_without_error">
      <skipped message="Reason: On CRAN ('test-plot_km.R:251:3')"/>
    </testcase>
  </testsuite>
  <testsuite name="plot_km2" timestamp="2025-02-13T12:29:17Z" hostname="b8953e6deac6" tests="1" skipped="1" failures="0" errors="0" time="1.527">
    <testcase time="1.527" classname="plot_km2" name="kmplot2_works">
      <skipped message="Reason: On CRAN ('test-plot_km2.R:8:3')"/>
    </testcase>
  </testsuite>
  <testsuite name="process_data" timestamp="2025-02-13T12:29:18Z" hostname="b8953e6deac6" tests="10" skipped="0" failures="0" errors="0" time="0.061">
    <testcase time="0.0249999999999986" classname="process_data" name="process_agd_works"/>
    <testcase time="0.00500000000000078" classname="process_data" name="process_agd_works"/>
    <testcase time="0.00200000000000067" classname="process_data" name="process_agd_works"/>
    <testcase time="0.00599999999999845" classname="process_data" name="dummize_ipd_works_as_expected"/>
    <testcase time="0.00300000000000011" classname="process_data" name="dummize_ipd_works_as_expected"/>
    <testcase time="0.00100000000000122" classname="process_data" name="dummize_ipd_works_as_expected"/>
    <testcase time="0.00200000000000067" classname="process_data" name="dummize_ipd_works_as_expected"/>
    <testcase time="0.0109999999999992" classname="process_data" name="complete_agd_works_as_expected"/>
    <testcase time="0.00300000000000011" classname="process_data" name="complete_agd_works_as_expected"/>
    <testcase time="0.00300000000000011" classname="process_data" name="complete_agd_works_as_expected"/>
  </testsuite>
  <testsuite name="time-helper" timestamp="2025-02-13T12:29:18Z" hostname="b8953e6deac6" tests="10" skipped="0" failures="0" errors="0" time="0.035">
    <testcase time="0.00699999999999967" classname="time_helper" name="setting_time_factors_works"/>
    <testcase time="0.00300000000000011" classname="time_helper" name="setting_time_factors_works"/>
    <testcase time="0.00300000000000011" classname="time_helper" name="setting_time_factors_works"/>
    <testcase time="0.00300000000000011" classname="time_helper" name="setting_time_factors_works"/>
    <testcase time="0.000999999999999446" classname="time_helper" name="setting_time_factors_works"/>
    <testcase time="0.00300000000000011" classname="time_helper" name="setting_time_factors_works"/>
    <testcase time="0.00300000000000011" classname="time_helper" name="setting_time_factors_works"/>
    <testcase time="0.00300000000000011" classname="time_helper" name="setting_time_factors_works"/>
    <testcase time="0.00500000000000078" classname="time_helper" name="setting_time_factors_works"/>
    <testcase time="0.00399999999999956" classname="time_helper" name="setting_time_factors_works"/>
  </testsuite>
  <testsuite name="utils" timestamp="2025-02-13T12:29:18Z" hostname="b8953e6deac6" tests="4" skipped="0" failures="0" errors="0" time="0.032">
    <testcase time="0.0139999999999993" classname="utils" name="set_random_seed_works"/>
    <testcase time="0.00399999999999956" classname="utils" name="set_random_seed_works"/>
    <testcase time="0.00600000000000023" classname="utils" name="transform_ratio_works_as_expected"/>
    <testcase time="0.0080000000000009" classname="utils" name="transform_absolute_works_as_expected"/>
  </testsuite>
</testsuites>
