<?xml version="1.0" encoding="UTF-8"?>
<testsuites>
  <testsuite name="bucher" timestamp="2023-07-28T09:27:30Z" hostname="38c6c0d7928c" tests="1" skipped="0" failures="0" errors="0" time="0.013">
    <testcase time="0.0129999999999999" classname="bucher" name="bucher_works_as_expected"/>
  </testsuite>
</testsuites>
