<?xml version="1.0" encoding="UTF-8"?>
<testsuites>
  <testsuite name="bucher" timestamp="2024-07-18T10:19:26Z" hostname="6b5bee6b09c6" tests="9" skipped="0" failures="0" errors="0" time="0.092">
    <testcase time="0.0089999999999999" classname="bucher" name="bucher_works_as_expected"/>
    <testcase time="0.038" classname="bucher" name="bucher_works_when_difference_in_trt_effects_is_positive"/>
    <testcase time="0.0169999999999999" classname="bucher" name="bucher_errors_on_bad_input"/>
    <testcase time="0.00500000000000012" classname="bucher" name="bucher_errors_on_bad_input"/>
    <testcase time="0.00499999999999989" classname="bucher" name="bucher_errors_on_bad_input"/>
    <testcase time="0.00500000000000012" classname="bucher" name="bucher_errors_on_bad_input"/>
    <testcase time="0.00499999999999989" classname="bucher" name="bucher_errors_on_bad_input"/>
    <testcase time="0.00300000000000011" classname="bucher" name="find_SE_from_CI_works_as_expected"/>
    <testcase time="0.00499999999999989" classname="bucher" name="bucher_print_works_as_expected"/>
  </testsuite>
  <testsuite name="get_pseudo_ipd_binary" timestamp="2024-07-18T10:19:27Z" hostname="6b5bee6b09c6" tests="2" skipped="0" failures="0" errors="0" time="0.021">
    <testcase time="0.016" classname="get_pseudo_ipd_binary" name="generate_pseudo_binary_IPD_given_unstacked_table_as_input"/>
    <testcase time="0.00500000000000012" classname="get_pseudo_ipd_binary" name="generate_pseudo_binary_IPD_given_stacked_table_as_input"/>
  </testsuite>
  <testsuite name="maic_anchored" timestamp="2024-07-18T10:19:27Z" hostname="6b5bee6b09c6" tests="9" skipped="0" failures="0" errors="0" time="1.139">
    <testcase time="0.874" classname="maic_anchored" name="maic_anchored_works_for_TTE_using_robust_SE"/>
    <testcase time="0.00299999999999967" classname="maic_anchored" name="maic_anchored_works_for_TTE_using_robust_SE"/>
    <testcase time="0.00100000000000033" classname="maic_anchored" name="maic_anchored_works_for_TTE_using_robust_SE"/>
    <testcase time="0.00099999999999989" classname="maic_anchored" name="maic_anchored_works_for_TTE_using_robust_SE"/>
    <testcase time="0.00099999999999989" classname="maic_anchored" name="maic_anchored_works_for_TTE_using_robust_SE"/>
    <testcase time="0.00200000000000022" classname="maic_anchored" name="maic_anchored_works_for_TTE_using_robust_SE"/>
    <testcase time="0.255" classname="maic_anchored" name="maic_anchored_works_for_TTE_using_bootstrap_SE"/>
    <testcase time="0.00099999999999989" classname="maic_anchored" name="maic_anchored_works_for_TTE_using_bootstrap_SE"/>
    <testcase time="0.00099999999999989" classname="maic_anchored" name="maic_anchored_works_for_TTE_using_bootstrap_SE"/>
  </testsuite>
  <testsuite name="maic_unanchored" timestamp="2024-07-18T10:19:28Z" hostname="6b5bee6b09c6" tests="16" skipped="0" failures="0" errors="0" time="2.96">
    <testcase time="0.207" classname="maic_unanchored" name="test_binary_case"/>
    <testcase time="0.0209999999999999" classname="maic_unanchored" name="test_binary_case"/>
    <testcase time="0.0089999999999999" classname="maic_unanchored" name="test_binary_case"/>
    <testcase time="0.00900000000000034" classname="maic_unanchored" name="test_binary_case"/>
    <testcase time="0.00099999999999989" classname="maic_unanchored" name="test_binary_case"/>
    <testcase time="0.00099999999999989" classname="maic_unanchored" name="test_binary_case"/>
    <testcase time="0.00099999999999989" classname="maic_unanchored" name="test_binary_case"/>
    <testcase time="0.00200000000000022" classname="maic_unanchored" name="test_binary_case"/>
    <testcase time="2.696" classname="maic_unanchored" name="test_time_to_event_case"/>
    <testcase time="0.00400000000000045" classname="maic_unanchored" name="test_time_to_event_case"/>
    <testcase time="0.000999999999999446" classname="maic_unanchored" name="test_time_to_event_case"/>
    <testcase time="0.00200000000000067" classname="maic_unanchored" name="test_time_to_event_case"/>
    <testcase time="0.00199999999999978" classname="maic_unanchored" name="test_time_to_event_case"/>
    <testcase time="0.00100000000000033" classname="maic_unanchored" name="test_time_to_event_case"/>
    <testcase time="0.000999999999999446" classname="maic_unanchored" name="test_time_to_event_case"/>
    <testcase time="0.00199999999999978" classname="maic_unanchored" name="test_time_to_event_case"/>
  </testsuite>
  <testsuite name="matching" timestamp="2024-07-18T10:19:31Z" hostname="6b5bee6b09c6" tests="26" skipped="0" failures="0" errors="0" time="0.081">
    <testcase time="0.00500000000000078" classname="matching" name="ess_footnote_text_works"/>
    <testcase time="0.00400000000000045" classname="matching" name="calculate_weights_legend_works"/>
    <testcase time="0.00399999999999956" classname="matching" name="optimise_weights_works_as_expected"/>
    <testcase time="0.00100000000000033" classname="matching" name="optimise_weights_works_as_expected"/>
    <testcase time="0.000999999999999446" classname="matching" name="optimise_weights_works_as_expected"/>
    <testcase time="0.00900000000000034" classname="matching" name="estimate_weights_works_as_expected"/>
    <testcase time="0.00100000000000033" classname="matching" name="estimate_weights_works_as_expected"/>
    <testcase time="0.000999999999999446" classname="matching" name="estimate_weights_works_as_expected"/>
    <testcase time="0.00100000000000033" classname="matching" name="estimate_weights_works_as_expected"/>
    <testcase time="0.000999999999999446" classname="matching" name="estimate_weights_works_as_expected"/>
    <testcase time="0.00300000000000011" classname="matching" name="estimate_weights_works_as_expected"/>
    <testcase time="0.0129999999999999" classname="matching" name="estimate_weights_works_as_expected_with_bootstrapping"/>
    <testcase time="0.00100000000000033" classname="matching" name="estimate_weights_works_as_expected_with_bootstrapping"/>
    <testcase time="0.00199999999999978" classname="matching" name="estimate_weights_works_as_expected_with_bootstrapping"/>
    <testcase time="0.00100000000000033" classname="matching" name="estimate_weights_works_as_expected_with_bootstrapping"/>
    <testcase time="0.00100000000000033" classname="matching" name="estimate_weights_works_as_expected_with_bootstrapping"/>
    <testcase time="0.000999999999999446" classname="matching" name="estimate_weights_works_as_expected_with_bootstrapping"/>
    <testcase time="0.00100000000000033" classname="matching" name="estimate_weights_works_as_expected_with_bootstrapping"/>
    <testcase time="0.0110000000000001" classname="matching" name="estimate_weights_works_when_the_input_is_a_tibble"/>
    <testcase time="0.000999999999999446" classname="matching" name="estimate_weights_works_when_the_input_is_a_tibble"/>
    <testcase time="0.00200000000000067" classname="matching" name="estimate_weights_works_when_the_input_is_a_tibble"/>
    <testcase time="0.000999999999999446" classname="matching" name="estimate_weights_works_when_the_input_is_a_tibble"/>
    <testcase time="0.00100000000000033" classname="matching" name="estimate_weights_works_when_the_input_is_a_tibble"/>
    <testcase time="0.00199999999999978" classname="matching" name="estimate_weights_works_when_the_input_is_a_tibble"/>
    <testcase time="0.00699999999999967" classname="matching" name="estimate_weights_prints_errors_about_convergence"/>
    <testcase time="0.00500000000000078" classname="matching" name="estimate_weights_prints_errors_about_convergence"/>
  </testsuite>
  <testsuite name="plot_km" timestamp="2024-07-18T10:19:31Z" hostname="6b5bee6b09c6" tests="4" skipped="1" failures="0" errors="0" time="1.476">
    <testcase time="0.0389999999999997" classname="plot_km" name="ph_diagplot_lch_works_without_error"/>
    <testcase time="0.0259999999999998" classname="plot_km" name="ph_diagplot_schoenfeld_works_without_error"/>
    <testcase time="0.00199999999999978" classname="plot_km" name="ph_diagplot_schoenfeld_works_without_error"/>
    <testcase time="1.409" classname="plot_km" name="kmplot2_works">
      <skipped message="Reason: On CRAN ('test-plot_km.R:34:3')"/>
    </testcase>
  </testsuite>
  <testsuite name="utils" timestamp="2024-07-18T10:19:32Z" hostname="6b5bee6b09c6" tests="2" skipped="0" failures="0" errors="0" time="0.015">
    <testcase time="0.0139999999999993" classname="utils" name="set_random_seed_works"/>
    <testcase time="0.00100000000000033" classname="utils" name="set_random_seed_works"/>
  </testsuite>
</testsuites>
