<?xml version="1.0" encoding="UTF-8"?>
<testsuites>
  <testsuite name="bucher" timestamp="2025-02-14T14:30:24Z" hostname="6850d5feef8b" tests="9" skipped="0" failures="0" errors="0" time="0.14">
    <testcase time="0.014" classname="bucher" name="bucher_works_as_expected"/>
    <testcase time="0.038" classname="bucher" name="bucher_works_when_difference_in_trt_effects_is_positive"/>
    <testcase time="0.0159999999999998" classname="bucher" name="bucher_errors_on_bad_input"/>
    <testcase time="0.004" classname="bucher" name="bucher_errors_on_bad_input"/>
    <testcase time="0.004" classname="bucher" name="bucher_errors_on_bad_input"/>
    <testcase time="0.004" classname="bucher" name="bucher_errors_on_bad_input"/>
    <testcase time="0.048" classname="bucher" name="bucher_errors_on_bad_input"/>
    <testcase time="0.00600000000000001" classname="bucher" name="find_SE_from_CI_works_as_expected"/>
    <testcase time="0.00600000000000001" classname="bucher" name="bucher_print_works_as_expected"/>
  </testsuite>
  <testsuite name="get_pseudo_ipd_binary" timestamp="2025-02-14T14:30:24Z" hostname="6850d5feef8b" tests="2" skipped="0" failures="0" errors="0" time="0.024">
    <testcase time="0.0170000000000001" classname="get_pseudo_ipd_binary" name="generate_pseudo_binary_IPD_given_unstacked_table_as_input"/>
    <testcase time="0.0069999999999999" classname="get_pseudo_ipd_binary" name="generate_pseudo_binary_IPD_given_stacked_table_as_input"/>
  </testsuite>
  <testsuite name="maic_anchored" timestamp="2025-02-14T14:30:24Z" hostname="6850d5feef8b" tests="18" skipped="0" failures="0" errors="0" time="1.006">
    <testcase time="0.34" classname="maic_anchored" name="maic_anchored_works_for_TTE"/>
    <testcase time="0.048" classname="maic_anchored" name="maic_anchored_works_for_TTE"/>
    <testcase time="0.0349999999999999" classname="maic_anchored" name="maic_anchored_works_for_TTE"/>
    <testcase time="0.034" classname="maic_anchored" name="maic_anchored_works_for_TTE"/>
    <testcase time="0.032" classname="maic_anchored" name="maic_anchored_works_for_TTE"/>
    <testcase time="0.036" classname="maic_anchored" name="maic_anchored_works_for_TTE"/>
    <testcase time="0.215" classname="maic_anchored" name="maic_anchored_for_binary_case_gives_the_expected_result"/>
    <testcase time="0.0230000000000001" classname="maic_anchored" name="maic_anchored_for_binary_case_gives_the_expected_result"/>
    <testcase time="0.024" classname="maic_anchored" name="maic_anchored_for_binary_case_gives_the_expected_result"/>
    <testcase time="0.0229999999999997" classname="maic_anchored" name="maic_anchored_for_binary_case_gives_the_expected_result"/>
    <testcase time="0.0220000000000002" classname="maic_anchored" name="maic_anchored_for_binary_case_gives_the_expected_result"/>
    <testcase time="0.024" classname="maic_anchored" name="maic_anchored_for_binary_case_gives_the_expected_result"/>
    <testcase time="0.0219999999999998" classname="maic_anchored" name="maic_anchored_for_binary_case_gives_the_expected_result"/>
    <testcase time="0.0270000000000001" classname="maic_anchored" name="maic_anchored_for_binary_case_gives_the_expected_result"/>
    <testcase time="0.0230000000000001" classname="maic_anchored" name="maic_anchored_for_binary_case_gives_the_expected_result"/>
    <testcase time="0.0259999999999998" classname="maic_anchored" name="maic_anchored_for_binary_case_gives_the_expected_result"/>
    <testcase time="0.0249999999999999" classname="maic_anchored" name="maic_anchored_for_binary_case_gives_the_expected_result"/>
    <testcase time="0.0270000000000001" classname="maic_anchored" name="maic_anchored_for_binary_case_gives_the_expected_result"/>
  </testsuite>
  <testsuite name="maic_unanchored" timestamp="2025-02-14T14:30:25Z" hostname="6850d5feef8b" tests="19" skipped="0" failures="0" errors="0" time="3.212">
    <testcase time="0.175" classname="maic_unanchored" name="test_binary_case"/>
    <testcase time="0.0220000000000002" classname="maic_unanchored" name="test_binary_case"/>
    <testcase time="0.0230000000000001" classname="maic_unanchored" name="test_binary_case"/>
    <testcase time="0.0229999999999997" classname="maic_unanchored" name="test_binary_case"/>
    <testcase time="0.0220000000000002" classname="maic_unanchored" name="test_binary_case"/>
    <testcase time="0.0230000000000001" classname="maic_unanchored" name="test_binary_case"/>
    <testcase time="0.0219999999999998" classname="maic_unanchored" name="test_binary_case"/>
    <testcase time="0.0259999999999998" classname="maic_unanchored" name="test_binary_case"/>
    <testcase time="0.0230000000000001" classname="maic_unanchored" name="test_binary_case"/>
    <testcase time="0.024" classname="maic_unanchored" name="test_binary_case"/>
    <testcase time="0.0249999999999999" classname="maic_unanchored" name="test_binary_case"/>
    <testcase time="0.0260000000000002" classname="maic_unanchored" name="test_binary_case"/>
    <testcase time="0.028" classname="maic_unanchored" name="check_if_match_properly"/>
    <testcase time="2.621" classname="maic_unanchored" name="test_time_to_event_case"/>
    <testcase time="0.0229999999999997" classname="maic_unanchored" name="test_time_to_event_case"/>
    <testcase time="0.0250000000000004" classname="maic_unanchored" name="test_time_to_event_case"/>
    <testcase time="0.0259999999999998" classname="maic_unanchored" name="test_time_to_event_case"/>
    <testcase time="0.0250000000000004" classname="maic_unanchored" name="test_time_to_event_case"/>
    <testcase time="0.0299999999999994" classname="maic_unanchored" name="test_time_to_event_case"/>
  </testsuite>
  <testsuite name="matching" timestamp="2025-02-14T14:30:28Z" hostname="6850d5feef8b" tests="45" skipped="0" failures="0" errors="0" time="0.977">
    <testcase time="0.0100000000000007" classname="matching" name="ess_footnote_text_works"/>
    <testcase time="0.00699999999999967" classname="matching" name="calculate_weights_legend_works"/>
    <testcase time="0.00600000000000023" classname="matching" name="optimise_weights_works_as_expected"/>
    <testcase time="0.00300000000000011" classname="matching" name="optimise_weights_works_as_expected"/>
    <testcase time="0.00299999999999923" classname="matching" name="optimise_weights_works_as_expected"/>
    <testcase time="0.0120000000000005" classname="matching" name="estimate_weights_fails_as_expected_with_invalid_input"/>
    <testcase time="0.00399999999999956" classname="matching" name="estimate_weights_fails_as_expected_with_invalid_input"/>
    <testcase time="0.00500000000000078" classname="matching" name="estimate_weights_fails_as_expected_with_invalid_input"/>
    <testcase time="0.00999999999999979" classname="matching" name="estimate_weights_works_as_expected"/>
    <testcase time="0.00199999999999978" classname="matching" name="estimate_weights_works_as_expected"/>
    <testcase time="0.00300000000000011" classname="matching" name="estimate_weights_works_as_expected"/>
    <testcase time="0.00199999999999978" classname="matching" name="estimate_weights_works_as_expected"/>
    <testcase time="0.00300000000000011" classname="matching" name="estimate_weights_works_as_expected"/>
    <testcase time="0.00300000000000011" classname="matching" name="estimate_weights_works_as_expected"/>
    <testcase time="0.0149999999999997" classname="matching" name="estimate_weights_works_as_expected_with_bootstrapping"/>
    <testcase time="0.00200000000000067" classname="matching" name="estimate_weights_works_as_expected_with_bootstrapping"/>
    <testcase time="0.00299999999999923" classname="matching" name="estimate_weights_works_as_expected_with_bootstrapping"/>
    <testcase time="0.00200000000000067" classname="matching" name="estimate_weights_works_as_expected_with_bootstrapping"/>
    <testcase time="0.00399999999999956" classname="matching" name="estimate_weights_works_as_expected_with_bootstrapping"/>
    <testcase time="0.00300000000000011" classname="matching" name="estimate_weights_works_as_expected_with_bootstrapping"/>
    <testcase time="0.00400000000000045" classname="matching" name="estimate_weights_works_as_expected_with_bootstrapping"/>
    <testcase time="0.0139999999999993" classname="matching" name="estimate_weights_works_as_expected_with_alternative_bootstrap_strata"/>
    <testcase time="0.00100000000000033" classname="matching" name="estimate_weights_works_as_expected_with_alternative_bootstrap_strata"/>
    <testcase time="0.00299999999999923" classname="matching" name="estimate_weights_works_as_expected_with_alternative_bootstrap_strata"/>
    <testcase time="0.00400000000000045" classname="matching" name="estimate_weights_works_as_expected_with_alternative_bootstrap_strata"/>
    <testcase time="0.223" classname="matching" name="estimate_weights_works_when_the_input_is_a_tibble"/>
    <testcase time="0.00100000000000033" classname="matching" name="estimate_weights_works_when_the_input_is_a_tibble"/>
    <testcase time="0.00399999999999956" classname="matching" name="estimate_weights_works_when_the_input_is_a_tibble"/>
    <testcase time="0.00300000000000011" classname="matching" name="estimate_weights_works_when_the_input_is_a_tibble"/>
    <testcase time="0.00300000000000011" classname="matching" name="estimate_weights_works_when_the_input_is_a_tibble"/>
    <testcase time="0.00199999999999978" classname="matching" name="estimate_weights_works_when_the_input_is_a_tibble"/>
    <testcase time="0.0120000000000005" classname="matching" name="estimate_weights_prints_errors_about_convergence"/>
    <testcase time="0.00499999999999989" classname="matching" name="estimate_weights_prints_errors_about_convergence"/>
    <testcase time="0.0209999999999999" classname="matching" name="plot_weights_base_works_as_expected"/>
    <testcase time="0.0110000000000001" classname="matching" name="plot_weights_base_works_as_expected"/>
    <testcase time="0.329" classname="matching" name="plot_weights_ggplot_works_as_expected"/>
    <testcase time="0.0179999999999998" classname="matching" name="default_plot_works_as_expected"/>
    <testcase time="0.162" classname="matching" name="default_plot_works_as_expected"/>
    <testcase time="0.0140000000000002" classname="matching" name="check_weights_works_as_expected"/>
    <testcase time="0.00100000000000033" classname="matching" name="check_weights_works_as_expected"/>
    <testcase time="0.00199999999999978" classname="matching" name="check_weights_works_as_expected"/>
    <testcase time="0.00300000000000011" classname="matching" name="check_weights_works_as_expected"/>
    <testcase time="0.00199999999999978" classname="matching" name="check_weights_works_as_expected"/>
    <testcase time="0.00300000000000011" classname="matching" name="check_weights_works_as_expected"/>
    <testcase time="0.0300000000000002" classname="matching" name="weighted_median_is_correct"/>
  </testsuite>
  <testsuite name="plot_km" timestamp="2025-02-14T14:30:29Z" hostname="6850d5feef8b" tests="18" skipped="0" failures="0" errors="0" time="1.022">
    <testcase time="0.0409999999999995" classname="plot_km" name="kmplot_works_by_trial"/>
    <testcase time="0.0470000000000006" classname="plot_km" name="kmplot_works_by_trial"/>
    <testcase time="0.0509999999999993" classname="plot_km" name="kmplot_works_all"/>
    <testcase time="0.0550000000000006" classname="plot_km" name="kmplot_works_all"/>
    <testcase time="0.0529999999999999" classname="plot_km" name="kmplot_normalize_weights_works"/>
    <testcase time="0.0549999999999997" classname="plot_km" name="kmplot_normalize_weights_works"/>
    <testcase time="0.0520000000000005" classname="plot_km" name="kmplot_works_by_arm"/>
    <testcase time="0.0519999999999996" classname="plot_km" name="kmplot_works_by_arm"/>
    <testcase time="0.13" classname="plot_km" name="ph_diagplot_works_for_anchored_data"/>
    <testcase time="0.125" classname="plot_km" name="ph_diagplot_works_for_anchored_data"/>
    <testcase time="0.104" classname="plot_km" name="ph_diagplot_works_for_unanchored_data"/>
    <testcase time="0.154" classname="plot_km" name="ph_diagplot_works_for_unanchored_data"/>
    <testcase time="0.0339999999999998" classname="plot_km" name="ph_diagplot_lch_works_without_error"/>
    <testcase time="0.00200000000000067" classname="plot_km" name="ph_diagplot_lch_works_without_error"/>
    <testcase time="0.0149999999999997" classname="plot_km" name="ph_diagplot_lch_works_without_error"/>
    <testcase time="0.024" classname="plot_km" name="ph_diagplot_schoenfeld_works_without_error"/>
    <testcase time="0.00300000000000011" classname="plot_km" name="ph_diagplot_schoenfeld_works_without_error"/>
    <testcase time="0.0249999999999995" classname="plot_km" name="ph_diagplot_schoenfeld_works_without_error"/>
  </testsuite>
  <testsuite name="plot_km2" timestamp="2025-02-14T14:30:30Z" hostname="6850d5feef8b" tests="4" skipped="0" failures="0" errors="0" time="5.251">
    <testcase time="1.519" classname="plot_km2" name="kmplot2_works"/>
    <testcase time="1.075" classname="plot_km2" name="kmplot2_works"/>
    <testcase time="1.056" classname="plot_km2" name="kmplot2_works"/>
    <testcase time="1.601" classname="plot_km2" name="kmplot2_works"/>
  </testsuite>
  <testsuite name="process_data" timestamp="2025-02-14T14:30:35Z" hostname="6850d5feef8b" tests="10" skipped="0" failures="0" errors="0" time="0.064">
    <testcase time="0.0219999999999985" classname="process_data" name="process_agd_works"/>
    <testcase time="0.0080000000000009" classname="process_data" name="process_agd_works"/>
    <testcase time="0.00300000000000011" classname="process_data" name="process_agd_works"/>
    <testcase time="0.00699999999999967" classname="process_data" name="dummize_ipd_works_as_expected"/>
    <testcase time="0.00300000000000011" classname="process_data" name="dummize_ipd_works_as_expected"/>
    <testcase time="0.00200000000000067" classname="process_data" name="dummize_ipd_works_as_expected"/>
    <testcase time="0.00300000000000011" classname="process_data" name="dummize_ipd_works_as_expected"/>
    <testcase time="0.0109999999999992" classname="process_data" name="complete_agd_works_as_expected"/>
    <testcase time="0.00200000000000067" classname="process_data" name="complete_agd_works_as_expected"/>
    <testcase time="0.00300000000000011" classname="process_data" name="complete_agd_works_as_expected"/>
  </testsuite>
  <testsuite name="time-helper" timestamp="2025-02-14T14:30:35Z" hostname="6850d5feef8b" tests="10" skipped="0" failures="0" errors="0" time="0.035">
    <testcase time="0.00699999999999967" classname="time_helper" name="setting_time_factors_works"/>
    <testcase time="0.00300000000000011" classname="time_helper" name="setting_time_factors_works"/>
    <testcase time="0.00300000000000011" classname="time_helper" name="setting_time_factors_works"/>
    <testcase time="0.00300000000000011" classname="time_helper" name="setting_time_factors_works"/>
    <testcase time="0.000999999999999446" classname="time_helper" name="setting_time_factors_works"/>
    <testcase time="0.00300000000000011" classname="time_helper" name="setting_time_factors_works"/>
    <testcase time="0.00300000000000011" classname="time_helper" name="setting_time_factors_works"/>
    <testcase time="0.00300000000000011" classname="time_helper" name="setting_time_factors_works"/>
    <testcase time="0.00399999999999956" classname="time_helper" name="setting_time_factors_works"/>
    <testcase time="0.00499999999999901" classname="time_helper" name="setting_time_factors_works"/>
  </testsuite>
  <testsuite name="utils" timestamp="2025-02-14T14:30:35Z" hostname="6850d5feef8b" tests="4" skipped="0" failures="0" errors="0" time="0.025">
    <testcase time="0.0080000000000009" classname="utils" name="set_random_seed_works"/>
    <testcase time="0.00300000000000011" classname="utils" name="set_random_seed_works"/>
    <testcase time="0.00499999999999901" classname="utils" name="transform_ratio_works_as_expected"/>
    <testcase time="0.00900000000000034" classname="utils" name="transform_absolute_works_as_expected"/>
  </testsuite>
</testsuites>
