<?xml version="1.0" encoding="UTF-8"?>
<testsuites>
  <testsuite name="bucher" timestamp="2023-08-16T10:26:38Z" hostname="3d44f6bbe7ca" tests="1" skipped="0" failures="0" errors="0" time="0.015">
    <testcase time="0.0149999999999997" classname="bucher" name="bucher_works_as_expected"/>
  </testsuite>
  <testsuite name="matching" timestamp="2023-08-16T10:26:38Z" hostname="3d44f6bbe7ca" tests="1" skipped="0" failures="0" errors="0" time="0.142">
    <testcase time="0.142" classname="matching" name="ess_footnote_text_works"/>
  </testsuite>
</testsuites>
