<?xml version="1.0" encoding="UTF-8"?>
<testsuites>
  <testsuite name="bucher" timestamp="2023-08-15T07:49:14Z" hostname="effdbc93fa56" tests="1" skipped="0" failures="0" errors="0" time="0.014">
    <testcase time="0.014" classname="bucher" name="bucher_works_as_expected"/>
  </testsuite>
</testsuites>
