<?xml version="1.0" encoding="UTF-8"?>
<testsuites>
  <testsuite name="bucher" timestamp="2024-08-11T19:50:48Z" hostname="4a355387c44f" tests="9" skipped="0" failures="0" errors="0" time="0.099">
    <testcase time="0.01" classname="bucher" name="bucher_works_as_expected"/>
    <testcase time="0.04" classname="bucher" name="bucher_works_when_difference_in_trt_effects_is_positive"/>
    <testcase time="0.018" classname="bucher" name="bucher_errors_on_bad_input"/>
    <testcase time="0.00600000000000001" classname="bucher" name="bucher_errors_on_bad_input"/>
    <testcase time="0.00499999999999989" classname="bucher" name="bucher_errors_on_bad_input"/>
    <testcase time="0.00500000000000012" classname="bucher" name="bucher_errors_on_bad_input"/>
    <testcase time="0.00600000000000001" classname="bucher" name="bucher_errors_on_bad_input"/>
    <testcase time="0.004" classname="bucher" name="find_SE_from_CI_works_as_expected"/>
    <testcase time="0.00499999999999989" classname="bucher" name="bucher_print_works_as_expected"/>
  </testsuite>
  <testsuite name="get_pseudo_ipd_binary" timestamp="2024-08-11T19:50:48Z" hostname="4a355387c44f" tests="2" skipped="0" failures="0" errors="0" time="0.023">
    <testcase time="0.018" classname="get_pseudo_ipd_binary" name="generate_pseudo_binary_IPD_given_unstacked_table_as_input"/>
    <testcase time="0.00500000000000012" classname="get_pseudo_ipd_binary" name="generate_pseudo_binary_IPD_given_stacked_table_as_input"/>
  </testsuite>
  <testsuite name="maic_anchored" timestamp="2024-08-11T19:50:48Z" hostname="4a355387c44f" tests="14" skipped="0" failures="0" errors="0" time="0.566">
    <testcase time="0.087" classname="maic_anchored" name="maic_anchored_works_for_TTE_using_robust_SE"/>
    <testcase time="0.00299999999999989" classname="maic_anchored" name="maic_anchored_works_for_TTE_using_robust_SE"/>
    <testcase time="0.00100000000000011" classname="maic_anchored" name="maic_anchored_works_for_TTE_using_robust_SE"/>
    <testcase time="0.00099999999999989" classname="maic_anchored" name="maic_anchored_works_for_TTE_using_robust_SE"/>
    <testcase time="0.00100000000000011" classname="maic_anchored" name="maic_anchored_works_for_TTE_using_robust_SE"/>
    <testcase time="0.00099999999999989" classname="maic_anchored" name="maic_anchored_works_for_TTE_using_robust_SE"/>
    <testcase time="0.0900000000000001" classname="maic_anchored" name="maic_anchored_works_for_TTE_using_bootstrap_SE"/>
    <testcase time="0.00099999999999989" classname="maic_anchored" name="maic_anchored_works_for_TTE_using_bootstrap_SE"/>
    <testcase time="0.00100000000000011" classname="maic_anchored" name="maic_anchored_works_for_TTE_using_bootstrap_SE"/>
    <testcase time="0.375" classname="maic_anchored" name="maic_anchored_for_binary_case_gives_the_expected_result"/>
    <testcase time="0.00099999999999989" classname="maic_anchored" name="maic_anchored_for_binary_case_gives_the_expected_result"/>
    <testcase time="0.00099999999999989" classname="maic_anchored" name="maic_anchored_for_binary_case_gives_the_expected_result"/>
    <testcase time="0.00200000000000022" classname="maic_anchored" name="maic_anchored_for_binary_case_gives_the_expected_result"/>
    <testcase time="0.00099999999999989" classname="maic_anchored" name="maic_anchored_for_binary_case_gives_the_expected_result"/>
  </testsuite>
  <testsuite name="maic_unanchored" timestamp="2024-08-11T19:50:49Z" hostname="4a355387c44f" tests="16" skipped="0" failures="0" errors="0" time="2.859">
    <testcase time="0.203" classname="maic_unanchored" name="test_binary_case"/>
    <testcase time="0.0189999999999997" classname="maic_unanchored" name="test_binary_case"/>
    <testcase time="0.0089999999999999" classname="maic_unanchored" name="test_binary_case"/>
    <testcase time="0.0100000000000002" classname="maic_unanchored" name="test_binary_case"/>
    <testcase time="0.00099999999999989" classname="maic_unanchored" name="test_binary_case"/>
    <testcase time="0.00099999999999989" classname="maic_unanchored" name="test_binary_case"/>
    <testcase time="0.00100000000000033" classname="maic_unanchored" name="test_binary_case"/>
    <testcase time="0.00599999999999978" classname="maic_unanchored" name="test_binary_case"/>
    <testcase time="2.596" classname="maic_unanchored" name="test_time_to_event_case"/>
    <testcase time="0.00499999999999989" classname="maic_unanchored" name="test_time_to_event_case"/>
    <testcase time="0.00100000000000033" classname="maic_unanchored" name="test_time_to_event_case"/>
    <testcase time="0.000999999999999446" classname="maic_unanchored" name="test_time_to_event_case"/>
    <testcase time="0.00300000000000011" classname="maic_unanchored" name="test_time_to_event_case"/>
    <testcase time="0.00100000000000033" classname="maic_unanchored" name="test_time_to_event_case"/>
    <testcase time="0.00100000000000033" classname="maic_unanchored" name="test_time_to_event_case"/>
    <testcase time="0.000999999999999446" classname="maic_unanchored" name="test_time_to_event_case"/>
  </testsuite>
  <testsuite name="matching" timestamp="2024-08-11T19:50:51Z" hostname="4a355387c44f" tests="26" skipped="0" failures="0" errors="0" time="0.172">
    <testcase time="0.00700000000000056" classname="matching" name="ess_footnote_text_works"/>
    <testcase time="0.00399999999999956" classname="matching" name="calculate_weights_legend_works"/>
    <testcase time="0.00499999999999989" classname="matching" name="optimise_weights_works_as_expected"/>
    <testcase time="0.00100000000000033" classname="matching" name="optimise_weights_works_as_expected"/>
    <testcase time="0.000999999999999446" classname="matching" name="optimise_weights_works_as_expected"/>
    <testcase time="0.0130000000000008" classname="matching" name="estimate_weights_works_as_expected"/>
    <testcase time="0.000999999999999446" classname="matching" name="estimate_weights_works_as_expected"/>
    <testcase time="0.00199999999999978" classname="matching" name="estimate_weights_works_as_expected"/>
    <testcase time="0.00100000000000033" classname="matching" name="estimate_weights_works_as_expected"/>
    <testcase time="0.00100000000000033" classname="matching" name="estimate_weights_works_as_expected"/>
    <testcase time="0.00199999999999978" classname="matching" name="estimate_weights_works_as_expected"/>
    <testcase time="0.0140000000000002" classname="matching" name="estimate_weights_works_as_expected_with_bootstrapping"/>
    <testcase time="0.000999999999999446" classname="matching" name="estimate_weights_works_as_expected_with_bootstrapping"/>
    <testcase time="0.00199999999999978" classname="matching" name="estimate_weights_works_as_expected_with_bootstrapping"/>
    <testcase time="0.00100000000000033" classname="matching" name="estimate_weights_works_as_expected_with_bootstrapping"/>
    <testcase time="0.00100000000000033" classname="matching" name="estimate_weights_works_as_expected_with_bootstrapping"/>
    <testcase time="0.000999999999999446" classname="matching" name="estimate_weights_works_as_expected_with_bootstrapping"/>
    <testcase time="0.00100000000000033" classname="matching" name="estimate_weights_works_as_expected_with_bootstrapping"/>
    <testcase time="0.093" classname="matching" name="estimate_weights_works_when_the_input_is_a_tibble"/>
    <testcase time="0.00100000000000033" classname="matching" name="estimate_weights_works_when_the_input_is_a_tibble"/>
    <testcase time="0.00199999999999978" classname="matching" name="estimate_weights_works_when_the_input_is_a_tibble"/>
    <testcase time="0.00100000000000033" classname="matching" name="estimate_weights_works_when_the_input_is_a_tibble"/>
    <testcase time="0.000999999999999446" classname="matching" name="estimate_weights_works_when_the_input_is_a_tibble"/>
    <testcase time="0.00300000000000011" classname="matching" name="estimate_weights_works_when_the_input_is_a_tibble"/>
    <testcase time="0.00699999999999967" classname="matching" name="estimate_weights_prints_errors_about_convergence"/>
    <testcase time="0.00500000000000078" classname="matching" name="estimate_weights_prints_errors_about_convergence"/>
  </testsuite>
  <testsuite name="plot_km" timestamp="2024-08-11T19:50:52Z" hostname="4a355387c44f" tests="16" skipped="7" failures="0" errors="0" time="0.932">
    <testcase time="0.0729999999999995" classname="plot_km" name="kmplot_works_by_trial"/>
    <testcase time="0.0419999999999998" classname="plot_km" name="kmplot_works_by_trial">
      <skipped message="Reason: On CRAN ('test-plot_km.R:26:3')"/>
    </testcase>
    <testcase time="0.0650000000000004" classname="plot_km" name="kmplot_works_all"/>
    <testcase time="0.0469999999999997" classname="plot_km" name="kmplot_works_all">
      <skipped message="Reason: On CRAN ('test-plot_km.R:57:3')"/>
    </testcase>
    <testcase time="0.0739999999999998" classname="plot_km" name="kmplot_works_by_arm"/>
    <testcase time="0.0360000000000005" classname="plot_km" name="kmplot_works_by_arm">
      <skipped message="Reason: On CRAN ('test-plot_km.R:86:3')"/>
    </testcase>
    <testcase time="0.144" classname="plot_km" name="ph_diagplot_works_for_anchored_data"/>
    <testcase time="0.127" classname="plot_km" name="ph_diagplot_works_for_anchored_data">
      <skipped message="Reason: On CRAN ('test-plot_km.R:113:3')"/>
    </testcase>
    <testcase time="0.114" classname="plot_km" name="ph_diagplot_works_for_unanchored_data"/>
    <testcase time="0.115" classname="plot_km" name="ph_diagplot_works_for_unanchored_data">
      <skipped message="Reason: On CRAN ('test-plot_km.R:152:3')"/>
    </testcase>
    <testcase time="0.0409999999999995" classname="plot_km" name="ph_diagplot_lch_works_without_error"/>
    <testcase time="0.00100000000000033" classname="plot_km" name="ph_diagplot_lch_works_without_error"/>
    <testcase time="0.00699999999999967" classname="plot_km" name="ph_diagplot_lch_works_without_error">
      <skipped message="Reason: On CRAN ('test-plot_km.R:190:3')"/>
    </testcase>
    <testcase time="0.0300000000000002" classname="plot_km" name="ph_diagplot_schoenfeld_works_without_error"/>
    <testcase time="0.00100000000000033" classname="plot_km" name="ph_diagplot_schoenfeld_works_without_error"/>
    <testcase time="0.0149999999999997" classname="plot_km" name="ph_diagplot_schoenfeld_works_without_error">
      <skipped message="Reason: On CRAN ('test-plot_km.R:218:3')"/>
    </testcase>
  </testsuite>
  <testsuite name="plot_km2" timestamp="2024-08-11T19:50:53Z" hostname="4a355387c44f" tests="1" skipped="1" failures="0" errors="0" time="1.618">
    <testcase time="1.618" classname="plot_km2" name="kmplot2_works">
      <skipped message="Reason: On CRAN ('test-plot_km2.R:9:3')"/>
    </testcase>
  </testsuite>
  <testsuite name="time-helper" timestamp="2024-08-11T19:50:54Z" hostname="4a355387c44f" tests="10" skipped="0" failures="0" errors="0" time="0.037">
    <testcase time="0.0149999999999997" classname="time_helper" name="setting_time_factors_works"/>
    <testcase time="0.00100000000000033" classname="time_helper" name="setting_time_factors_works"/>
    <testcase time="0.00199999999999978" classname="time_helper" name="setting_time_factors_works"/>
    <testcase time="0.00100000000000033" classname="time_helper" name="setting_time_factors_works"/>
    <testcase time="0.000999999999999446" classname="time_helper" name="setting_time_factors_works"/>
    <testcase time="0.00600000000000023" classname="time_helper" name="setting_time_factors_works"/>
    <testcase time="0.00100000000000033" classname="time_helper" name="setting_time_factors_works"/>
    <testcase time="0.00199999999999978" classname="time_helper" name="setting_time_factors_works"/>
    <testcase time="0.00399999999999956" classname="time_helper" name="setting_time_factors_works"/>
    <testcase time="0.00400000000000045" classname="time_helper" name="setting_time_factors_works"/>
  </testsuite>
  <testsuite name="utils" timestamp="2024-08-11T19:50:54Z" hostname="4a355387c44f" tests="2" skipped="0" failures="0" errors="0" time="0.006">
    <testcase time="0.00499999999999989" classname="utils" name="set_random_seed_works"/>
    <testcase time="0.00100000000000033" classname="utils" name="set_random_seed_works"/>
  </testsuite>
</testsuites>
