<?xml version="1.0" encoding="UTF-8"?>
<testsuites>
  <testsuite name="bucher" timestamp="2023-08-28T10:16:34Z" hostname="69c19f76e20a" tests="1" skipped="0" failures="0" errors="0" time="0.167">
    <testcase time="0.167" classname="bucher" name="bucher_works_as_expected"/>
  </testsuite>
  <testsuite name="matching" timestamp="2023-08-28T10:16:34Z" hostname="69c19f76e20a" tests="1" skipped="0" failures="0" errors="0" time="0.101">
    <testcase time="0.101" classname="matching" name="ess_footnote_text_works"/>
  </testsuite>
</testsuites>
