<?xml version="1.0" encoding="UTF-8"?>
<testsuites>
  <testsuite name="bucher" timestamp="2023-09-20T16:34:37Z" hostname="bb97ce36417b" tests="1" skipped="0" failures="0" errors="0" time="0.01">
    <testcase time="0.01" classname="bucher" name="bucher_works_as_expected"/>
  </testsuite>
  <testsuite name="matching" timestamp="2023-09-20T16:34:37Z" hostname="bb97ce36417b" tests="1" skipped="0" failures="0" errors="0" time="0.05">
    <testcase time="0.0499999999999998" classname="matching" name="ess_footnote_text_works"/>
  </testsuite>
</testsuites>
