<?xml version="1.0" encoding="UTF-8"?>
<testsuites>
  <testsuite name="bucher" timestamp="2023-08-25T19:24:57Z" hostname="c93e2e78a239" tests="1" skipped="0" failures="0" errors="0" time="0.196">
    <testcase time="0.196" classname="bucher" name="bucher_works_as_expected"/>
  </testsuite>
  <testsuite name="matching" timestamp="2023-08-25T19:24:57Z" hostname="c93e2e78a239" tests="1" skipped="0" failures="0" errors="0" time="0.113">
    <testcase time="0.113" classname="matching" name="ess_footnote_text_works"/>
  </testsuite>
</testsuites>
