<?xml version="1.0" encoding="UTF-8"?>
<testsuites>
  <testsuite name="bucher" timestamp="2024-02-09T13:17:28Z" hostname="10f0fb954139" tests="1" skipped="0" failures="0" errors="0" time="0.011">
    <testcase time="0.0109999999999999" classname="bucher" name="bucher_works_as_expected"/>
  </testsuite>
  <testsuite name="matching" timestamp="2024-02-09T13:17:28Z" hostname="10f0fb954139" tests="2" skipped="0" failures="0" errors="0" time="0.066">
    <testcase time="0.052" classname="matching" name="ess_footnote_text_works"/>
    <testcase time="0.014" classname="matching" name="calculate_weights_legend_works"/>
  </testsuite>
</testsuites>
