<?xml version="1.0" encoding="UTF-8"?>
<testsuites>
  <testsuite name="bucher" timestamp="2024-02-07T12:20:08Z" hostname="7e5a23d50e4b" tests="1" skipped="0" failures="0" errors="0" time="0.011">
    <testcase time="0.0110000000000001" classname="bucher" name="bucher_works_as_expected"/>
  </testsuite>
  <testsuite name="matching" timestamp="2024-02-07T12:20:08Z" hostname="7e5a23d50e4b" tests="2" skipped="0" failures="0" errors="0" time="0.07">
    <testcase time="0.0549999999999999" classname="matching" name="ess_footnote_text_works"/>
    <testcase time="0.0149999999999999" classname="matching" name="calculate_weights_legend_works"/>
  </testsuite>
</testsuites>
