<?xml version="1.0" encoding="UTF-8"?>
<testsuites>
  <testsuite name="bucher" timestamp="2024-02-09T13:07:10Z" hostname="6eaf6a6a5e80" tests="1" skipped="0" failures="0" errors="0" time="0.012">
    <testcase time="0.012" classname="bucher" name="bucher_works_as_expected"/>
  </testsuite>
  <testsuite name="matching" timestamp="2024-02-09T13:07:10Z" hostname="6eaf6a6a5e80" tests="2" skipped="0" failures="0" errors="0" time="0.07">
    <testcase time="0.056" classname="matching" name="ess_footnote_text_works"/>
    <testcase time="0.014" classname="matching" name="calculate_weights_legend_works"/>
  </testsuite>
</testsuites>
